22_Oct_2019 12:44:32 : [Inform] : read_basic_cfg()          : Basic Config read success
22_Oct_2019 12:44:33 : [Inform] : mdas_db_init()            : Mysql Init done
22_Oct_2019 12:44:34 : [Inform] : create_all_table()        : Billing table created : BILLING_888889000000050
22_Oct_2019 12:44:34 : [Inform] : create_all_table()        : Event table created : EVENT_888889000000050
22_Oct_2019 12:44:34 : [Inform] : create_all_table()        : Instantanious table created : INST_888889000000050
22_Oct_2019 12:44:34 : [Inform] : create_all_table()        : Load Survey table created : LOAD_SURVEY_888889000000050
22_Oct_2019 12:44:34 : [Inform] : modem_sock_init()         : connected  to Host : 122.166.196.34 port : 8715
22_Oct_2019 12:44:34 : [Inform] : sock_init()               : connected  to Host : 122.166.196.34 port : 8710
22_Oct_2019 12:44:34 : [Inform] : main()                    : Recvd imei : 888889000000050, MeterSerNum : MET_SIM_50
22_Oct_2019 12:44:34 : [Inform] : proc_mdas_thread          : Sending 1st time imei num on mdas port,
22_Oct_2019 12:44:38 : [Inform] : send_modem_startup_msg()  : Send HC msg resp len : 492
22_Oct_2019 12:44:39 : [Inform] : proc_msg()                : -->>>Recvd Keep Alive cmd, sending back resp
22_Oct_2019 12:44:40 : [Report] : send_power_on_msg()       : Send Power On msg resp len : 123
22_Oct_2019 12:44:40 : [Inform] : check_modem_cmd()         : Recv command form mdas server to Modem , Byte : 25
22_Oct_2019 12:44:40 : [Inform] : proc_modem_cmd()          : Recv Command : TIME:19/10/22,12:44:36+22
22_Oct_2019 12:44:41 : [Inform] : check_modem_cmd()         : Recv command form mdas server to Modem , Byte : 1
22_Oct_2019 12:44:41 : [Inform] : proc_modem_cmd()          : Recvd Keep Alive cmd, sending back resp 
22_Oct_2019 12:44:45 : [Inform] : proc_msg()                : -->>>Recvd Keep Alive cmd, sending back resp
22_Oct_2019 12:44:46 : [Inform] : check_modem_cmd()         : Recv command form mdas server to Modem , Byte : 1
22_Oct_2019 12:44:46 : [Inform] : proc_modem_cmd()          : Recvd Keep Alive cmd, sending back resp 
22_Oct_2019 12:44:51 : [Inform] : proc_msg()                : -->>>Recvd Keep Alive cmd, sending back resp
22_Oct_2019 12:44:51 : [Inform] : check_modem_cmd()         : Recv command form mdas server to Modem , Byte : 1
22_Oct_2019 12:44:51 : [Inform] : proc_modem_cmd()          : Recvd Keep Alive cmd, sending back resp 
22_Oct_2019 12:44:54 : [Inform] : proc_msg()                : -->>>Recvd Keep Alive cmd, sending back resp
22_Oct_2019 12:44:56 : [Inform] : check_modem_cmd()         : Recv command form mdas server to Modem , Byte : 1
22_Oct_2019 12:44:56 : [Inform] : proc_modem_cmd()          : Recvd Keep Alive cmd, sending back resp 
22_Oct_2019 12:45:00 : [Inform] : proc_msg()                : -->>>Recvd Keep Alive cmd, sending back resp
22_Oct_2019 12:45:01 : [Inform] : check_modem_cmd()         : Recv command form mdas server to Modem , Byte : 1
22_Oct_2019 12:45:01 : [Inform] : proc_modem_cmd()          : Recvd Keep Alive cmd, sending back resp 
22_Oct_2019 12:45:06 : [Inform] : proc_msg()                : -->>>Recvd Keep Alive cmd, sending back resp
22_Oct_2019 12:45:06 : [Inform] : check_modem_cmd()         : Recv command form mdas server to Modem , Byte : 1
22_Oct_2019 12:45:06 : [Inform] : proc_modem_cmd()          : Recvd Keep Alive cmd, sending back resp 
22_Oct_2019 12:45:09 : [Inform] : proc_msg()                : Msg recv on socket Numbyte : 9
22_Oct_2019 12:45:09 : [Inform] : 7e a0 7 3 41 53 56 a2 7e 
22_Oct_2019 12:45:09 : [Inform] : send_snrm_resp()          : Sending Disc frame response, Len : 32
22_Oct_2019 12:45:09 : [Inform] : 7E A0 1E 41 03 73 8E 7F 81 80 12 05 01 80 06 01 
22_Oct_2019 12:45:09 : [Inform] : 80 07 04 00 00 00 01 08 04 00 00 00 01 53 3B 7E 
22_Oct_2019 12:45:11 : [Inform] : check_modem_cmd()         : Recv command form mdas server to Modem , Byte : 1
22_Oct_2019 12:45:11 : [Inform] : proc_modem_cmd()          : Recvd Keep Alive cmd, sending back resp 
22_Oct_2019 12:45:12 : [Inform] : proc_msg()                : -->>>Recvd Keep Alive cmd, sending back resp
22_Oct_2019 12:45:15 : [Inform] : proc_msg()                : -->>>Recvd Keep Alive cmd, sending back resp
22_Oct_2019 12:45:16 : [Inform] : check_modem_cmd()         : Recv command form mdas server to Modem , Byte : 1
22_Oct_2019 12:45:16 : [Inform] : proc_modem_cmd()          : Recvd Keep Alive cmd, sending back resp 
22_Oct_2019 12:45:21 : [Inform] : proc_msg()                : -->>>Recvd Keep Alive cmd, sending back resp
22_Oct_2019 12:45:21 : [Inform] : check_modem_cmd()         : Recv command form mdas server to Modem , Byte : 1
22_Oct_2019 12:45:21 : [Inform] : proc_modem_cmd()          : Recvd Keep Alive cmd, sending back resp 
22_Oct_2019 12:45:24 : [Inform] : proc_msg()                : -->>>Recvd Keep Alive cmd, sending back resp
22_Oct_2019 12:45:26 : [Inform] : check_modem_cmd()         : Recv command form mdas server to Modem , Byte : 1
22_Oct_2019 12:45:26 : [Inform] : proc_modem_cmd()          : Recvd Keep Alive cmd, sending back resp 
22_Oct_2019 12:45:30 : [Inform] : proc_msg()                : -->>>Recvd Keep Alive cmd, sending back resp
22_Oct_2019 12:45:31 : [Inform] : check_modem_cmd()         : Recv command form mdas server to Modem , Byte : 1
22_Oct_2019 12:45:31 : [Inform] : proc_modem_cmd()          : Recvd Keep Alive cmd, sending back resp 
22_Oct_2019 12:45:36 : [Inform] : proc_msg()                : -->>>Recvd Keep Alive cmd, sending back resp
22_Oct_2019 12:45:36 : [Inform] : check_modem_cmd()         : Recv command form mdas server to Modem , Byte : 1
22_Oct_2019 12:45:36 : [Inform] : proc_modem_cmd()          : Recvd Keep Alive cmd, sending back resp 
22_Oct_2019 12:45:39 : [Inform] : proc_msg()                : -->>>Recvd Keep Alive cmd, sending back resp
22_Oct_2019 12:45:41 : [Inform] : check_modem_cmd()         : Recv command form mdas server to Modem , Byte : 1
22_Oct_2019 12:45:41 : [Inform] : proc_modem_cmd()          : Recvd Keep Alive cmd, sending back resp 
22_Oct_2019 12:45:45 : [Inform] : proc_msg()                : -->>>Recvd Keep Alive cmd, sending back resp
22_Oct_2019 12:45:46 : [Inform] : check_modem_cmd()         : Recv command form mdas server to Modem , Byte : 1
22_Oct_2019 12:45:46 : [Inform] : proc_modem_cmd()          : Recvd Keep Alive cmd, sending back resp 
22_Oct_2019 12:45:51 : [Inform] : proc_msg()                : -->>>Recvd Keep Alive cmd, sending back resp
22_Oct_2019 12:45:51 : [Inform] : check_modem_cmd()         : Recv command form mdas server to Modem , Byte : 1
22_Oct_2019 12:45:51 : [Inform] : proc_modem_cmd()          : Recvd Keep Alive cmd, sending back resp 
22_Oct_2019 12:45:54 : [Inform] : proc_msg()                : -->>>Recvd Keep Alive cmd, sending back resp
22_Oct_2019 12:45:56 : [Inform] : check_modem_cmd()         : Recv command form mdas server to Modem , Byte : 1
22_Oct_2019 12:45:56 : [Inform] : proc_modem_cmd()          : Recvd Keep Alive cmd, sending back resp 
22_Oct_2019 12:46:00 : [Inform] : proc_msg()                : -->>>Recvd Keep Alive cmd, sending back resp
22_Oct_2019 12:46:01 : [Inform] : check_modem_cmd()         : Recv command form mdas server to Modem , Byte : 1
22_Oct_2019 12:46:01 : [Inform] : proc_modem_cmd()          : Recvd Keep Alive cmd, sending back resp 
22_Oct_2019 12:46:06 : [Inform] : check_modem_cmd()         : Recv command form mdas server to Modem , Byte : 1
22_Oct_2019 12:46:06 : [Inform] : proc_modem_cmd()          : Recvd Keep Alive cmd, sending back resp 
22_Oct_2019 12:46:06 : [Inform] : proc_msg()                : -->>>Recvd Keep Alive cmd, sending back resp
22_Oct_2019 12:46:09 : [Inform] : proc_msg()                : -->>>Recvd Keep Alive cmd, sending back resp
22_Oct_2019 12:46:11 : [Inform] : check_modem_cmd()         : Recv command form mdas server to Modem , Byte : 1
22_Oct_2019 12:46:11 : [Inform] : proc_modem_cmd()          : Recvd Keep Alive cmd, sending back resp 
22_Oct_2019 12:46:15 : [Inform] : proc_msg()                : -->>>Recvd Keep Alive cmd, sending back resp
22_Oct_2019 12:46:16 : [Inform] : check_modem_cmd()         : Recv command form mdas server to Modem , Byte : 1
22_Oct_2019 12:46:16 : [Inform] : proc_modem_cmd()          : Recvd Keep Alive cmd, sending back resp 
22_Oct_2019 12:46:21 : [Inform] : check_modem_cmd()         : Recv command form mdas server to Modem , Byte : 1
22_Oct_2019 12:46:21 : [Inform] : proc_msg()                : -->>>Recvd Keep Alive cmd, sending back resp
22_Oct_2019 12:46:21 : [Inform] : proc_modem_cmd()          : Recvd Keep Alive cmd, sending back resp 
22_Oct_2019 12:46:24 : [Inform] : proc_msg()                : -->>>Recvd Keep Alive cmd, sending back resp
22_Oct_2019 12:46:26 : [Inform] : check_modem_cmd()         : Recv command form mdas server to Modem , Byte : 1
22_Oct_2019 12:46:26 : [Inform] : proc_modem_cmd()          : Recvd Keep Alive cmd, sending back resp 
22_Oct_2019 12:46:30 : [Inform] : proc_msg()                : Msg recv on socket Numbyte : 10
22_Oct_2019 12:46:30 : [Inform] : 7e a0 7 3 41 53 56 a2 7e f 
22_Oct_2019 12:46:30 : [Inform] : proc_recv_tcp_msg()       : Last Byte Recvd Keep Alive cmd, sending back resp 
22_Oct_2019 12:46:30 : [Inform] : send_snrm_resp()          : Sending Disc frame response, Len : 32
22_Oct_2019 12:46:30 : [Inform] : 7E A0 1E 41 03 73 8E 7F 81 80 12 05 01 80 06 01 
22_Oct_2019 12:46:30 : [Inform] : 80 07 04 00 00 00 01 08 04 00 00 00 01 53 3B 7E 
22_Oct_2019 12:46:31 : [Inform] : check_modem_cmd()         : Recv command form mdas server to Modem , Byte : 1
22_Oct_2019 12:46:31 : [Inform] : proc_modem_cmd()          : Recvd Keep Alive cmd, sending back resp 
22_Oct_2019 12:46:36 : [Inform] : check_modem_cmd()         : Recv command form mdas server to Modem , Byte : 1
22_Oct_2019 12:46:36 : [Inform] : proc_modem_cmd()          : Recvd Keep Alive cmd, sending back resp 
22_Oct_2019 12:46:36 : [Inform] : proc_msg()                : -->>>Recvd Keep Alive cmd, sending back resp
22_Oct_2019 12:46:39 : [Inform] : proc_msg()                : -->>>Recvd Keep Alive cmd, sending back resp
22_Oct_2019 12:46:41 : [Inform] : check_modem_cmd()         : Recv command form mdas server to Modem , Byte : 1
22_Oct_2019 12:46:41 : [Inform] : proc_modem_cmd()          : Recvd Keep Alive cmd, sending back resp 
22_Oct_2019 12:46:45 : [Inform] : proc_msg()                : -->>>Recvd Keep Alive cmd, sending back resp
22_Oct_2019 12:46:46 : [Inform] : check_modem_cmd()         : Recv command form mdas server to Modem , Byte : 1
22_Oct_2019 12:46:46 : [Inform] : proc_modem_cmd()          : Recvd Keep Alive cmd, sending back resp 
22_Oct_2019 12:46:51 : [Inform] : proc_msg()                : -->>>Recvd Keep Alive cmd, sending back resp
22_Oct_2019 12:46:51 : [Inform] : check_modem_cmd()         : Recv command form mdas server to Modem , Byte : 1
22_Oct_2019 12:46:51 : [Inform] : proc_modem_cmd()          : Recvd Keep Alive cmd, sending back resp 
22_Oct_2019 12:46:54 : [Inform] : proc_msg()                : -->>>Recvd Keep Alive cmd, sending back resp
22_Oct_2019 12:46:56 : [Inform] : check_modem_cmd()         : Recv command form mdas server to Modem , Byte : 1
22_Oct_2019 12:46:56 : [Inform] : proc_modem_cmd()          : Recvd Keep Alive cmd, sending back resp 
22_Oct_2019 12:47:00 : [Inform] : proc_msg()                : -->>>Recvd Keep Alive cmd, sending back resp
22_Oct_2019 12:47:01 : [Inform] : check_modem_cmd()         : Recv command form mdas server to Modem , Byte : 1
22_Oct_2019 12:47:01 : [Inform] : proc_modem_cmd()          : Recvd Keep Alive cmd, sending back resp 
22_Oct_2019 12:47:06 : [Inform] : check_modem_cmd()         : Recv command form mdas server to Modem , Byte : 1
22_Oct_2019 12:47:06 : [Inform] : proc_modem_cmd()          : Recvd Keep Alive cmd, sending back resp 
22_Oct_2019 12:47:06 : [Inform] : proc_msg()                : -->>>Recvd Keep Alive cmd, sending back resp
22_Oct_2019 12:47:09 : [Inform] : proc_msg()                : -->>>Recvd Keep Alive cmd, sending back resp
22_Oct_2019 12:47:11 : [Inform] : check_modem_cmd()         : Recv command form mdas server to Modem , Byte : 1
22_Oct_2019 12:47:11 : [Inform] : proc_modem_cmd()          : Recvd Keep Alive cmd, sending back resp 
22_Oct_2019 12:47:15 : [Inform] : proc_msg()                : -->>>Recvd Keep Alive cmd, sending back resp
22_Oct_2019 12:47:16 : [Inform] : check_modem_cmd()         : Recv command form mdas server to Modem , Byte : 1
22_Oct_2019 12:47:16 : [Inform] : proc_modem_cmd()          : Recvd Keep Alive cmd, sending back resp 
22_Oct_2019 12:47:21 : [Inform] : check_modem_cmd()         : Recv command form mdas server to Modem , Byte : 1
22_Oct_2019 12:47:21 : [Inform] : proc_modem_cmd()          : Recvd Keep Alive cmd, sending back resp 
22_Oct_2019 12:47:21 : [Inform] : proc_msg()                : -->>>Recvd Keep Alive cmd, sending back resp
22_Oct_2019 12:47:24 : [Inform] : proc_msg()                : -->>>Recvd Keep Alive cmd, sending back resp
22_Oct_2019 12:47:26 : [Inform] : check_modem_cmd()         : Recv command form mdas server to Modem , Byte : 1
22_Oct_2019 12:47:26 : [Inform] : proc_modem_cmd()          : Recvd Keep Alive cmd, sending back resp 
22_Oct_2019 12:47:30 : [Inform] : proc_msg()                : -->>>Recvd Keep Alive cmd, sending back resp
22_Oct_2019 12:47:31 : [Inform] : check_modem_cmd()         : Recv command form mdas server to Modem , Byte : 1
22_Oct_2019 12:47:31 : [Inform] : proc_modem_cmd()          : Recvd Keep Alive cmd, sending back resp 
22_Oct_2019 12:47:36 : [Inform] : proc_msg()                : -->>>Recvd Keep Alive cmd, sending back resp
22_Oct_2019 12:47:43 : [Inform] : proc_modem_thread()       : Sending HC Message
22_Oct_2019 12:47:43 : [Inform] : send_modem_startup_msg()  : Send HC msg resp len : 492
22_Oct_2019 12:47:53 : [Inform] : check_modem_cmd()         : Recv command form mdas server to Modem , Byte : 1
22_Oct_2019 12:47:53 : [Inform] : proc_modem_cmd()          : Recvd Keep Alive cmd, sending back resp 
22_Oct_2019 12:47:53 : [Inform] : check_modem_cmd()         : Recv command form mdas server to Modem , Byte : 3
22_Oct_2019 12:47:53 : [Inform] : proc_modem_cmd()          : Recvd Keep Alive cmd, sending back resp 
22_Oct_2019 12:47:55 : [Inform] : proc_msg()                : Keyboard Interrupt in Error : [Errno 10054] An existing connection was forcibly closed by the remote host
22_Oct_2019 12:47:55 : [Inform] : proc_msg()                : live_app_flag false Need to close every things
22_Oct_2019 12:47:55 : [Report] : proc_mdas_thread          : Problems in main function need to close
22_Oct_2019 12:47:56 : [Inform] : check_modem_cmd()         : Recv command form mdas server to Modem , Byte : 1
22_Oct_2019 12:47:56 : [Inform] : proc_modem_cmd()          : Recvd Keep Alive cmd, sending back resp 
22_Oct_2019 12:47:58 : [Inform] : proc_modem_thread()       : Modem thread error, returning from here
22_Oct_2019 12:47:59 : [Inform] : proc_mdas_thread          : KeyboardInterrupt or Problems in mdas_thread need to close in  read , Error : 0
