22_Oct_2019 13:04:07 : [Inform] : read_basic_cfg()          : Basic Config read success
22_Oct_2019 13:04:07 : [Inform] : mdas_db_init()            : Mysql Init done
22_Oct_2019 13:04:07 : [Inform] : create_all_table()        : Billing table created : BILLING_888889000000283
22_Oct_2019 13:04:07 : [Inform] : create_all_table()        : Event table created : EVENT_888889000000283
22_Oct_2019 13:04:07 : [Inform] : create_all_table()        : Instantanious table created : INST_888889000000283
22_Oct_2019 13:04:07 : [Inform] : create_all_table()        : Load Survey table created : LOAD_SURVEY_888889000000283
22_Oct_2019 13:04:07 : [Inform] : modem_sock_init()         : connected  to Host : 122.166.196.34 port : 8715
22_Oct_2019 13:04:07 : [Inform] : sock_init()               : connected  to Host : 122.166.196.34 port : 8710
22_Oct_2019 13:04:07 : [Inform] : main()                    : Recvd imei : 888889000000283, MeterSerNum : MET_SIM_283
22_Oct_2019 13:04:07 : [Inform] : proc_mdas_thread          : Sending 1st time imei num on mdas port,
22_Oct_2019 13:04:11 : [Inform] : send_modem_startup_msg()  : Send HC msg resp len : 492
22_Oct_2019 13:04:13 : [Inform] : proc_msg()                : -->>>Recvd Keep Alive cmd, sending back resp
22_Oct_2019 13:04:14 : [Report] : send_power_on_msg()       : Send Power On msg resp len : 124
22_Oct_2019 13:04:14 : [Inform] : check_modem_cmd()         : Recv command form mdas server to Modem , Byte : 25
22_Oct_2019 13:04:14 : [Inform] : proc_modem_cmd()          : Recv Command : TIME:19/10/22,13:04:09+22
22_Oct_2019 13:04:14 : [Inform] : check_modem_cmd()         : Recv command form mdas server to Modem , Byte : 1
22_Oct_2019 13:04:14 : [Inform] : proc_modem_cmd()          : Recvd Keep Alive cmd, sending back resp 
22_Oct_2019 13:04:19 : [Inform] : check_modem_cmd()         : Recv command form mdas server to Modem , Byte : 1
22_Oct_2019 13:04:19 : [Inform] : proc_modem_cmd()          : Recvd Keep Alive cmd, sending back resp 
22_Oct_2019 13:04:25 : [Inform] : check_modem_cmd()         : Recv command form mdas server to Modem , Byte : 1
22_Oct_2019 13:04:25 : [Inform] : proc_modem_cmd()          : Recvd Keep Alive cmd, sending back resp 
22_Oct_2019 13:04:30 : [Inform] : check_modem_cmd()         : Recv command form mdas server to Modem , Byte : 1
22_Oct_2019 13:04:30 : [Inform] : proc_modem_cmd()          : Recvd Keep Alive cmd, sending back resp 
22_Oct_2019 13:04:35 : [Inform] : check_modem_cmd()         : Recv command form mdas server to Modem , Byte : 1
22_Oct_2019 13:04:35 : [Inform] : proc_modem_cmd()          : Recvd Keep Alive cmd, sending back resp 
22_Oct_2019 13:04:39 : [Inform] : check_modem_cmd()         : Recv command form mdas server to Modem , Byte : 1
22_Oct_2019 13:04:39 : [Inform] : proc_modem_cmd()          : Recvd Keep Alive cmd, sending back resp 
22_Oct_2019 13:04:44 : [Inform] : check_modem_cmd()         : Recv command form mdas server to Modem , Byte : 1
22_Oct_2019 13:04:44 : [Inform] : proc_modem_cmd()          : Recvd Keep Alive cmd, sending back resp 
22_Oct_2019 13:04:49 : [Inform] : check_modem_cmd()         : Recv command form mdas server to Modem , Byte : 1
22_Oct_2019 13:04:50 : [Inform] : proc_modem_cmd()          : Recvd Keep Alive cmd, sending back resp 
22_Oct_2019 13:04:54 : [Inform] : check_modem_cmd()         : Recv command form mdas server to Modem , Byte : 1
22_Oct_2019 13:04:54 : [Inform] : proc_modem_cmd()          : Recvd Keep Alive cmd, sending back resp 
22_Oct_2019 13:04:59 : [Inform] : check_modem_cmd()         : Recv command form mdas server to Modem , Byte : 1
22_Oct_2019 13:04:59 : [Inform] : proc_modem_cmd()          : Recvd Keep Alive cmd, sending back resp 
22_Oct_2019 13:05:04 : [Inform] : check_modem_cmd()         : Recv command form mdas server to Modem , Byte : 1
22_Oct_2019 13:05:04 : [Inform] : proc_modem_cmd()          : Recvd Keep Alive cmd, sending back resp 
22_Oct_2019 13:05:09 : [Inform] : check_modem_cmd()         : Recv command form mdas server to Modem , Byte : 1
22_Oct_2019 13:05:09 : [Inform] : proc_modem_cmd()          : Recvd Keep Alive cmd, sending back resp 
22_Oct_2019 13:05:14 : [Inform] : check_modem_cmd()         : Recv command form mdas server to Modem , Byte : 1
22_Oct_2019 13:05:15 : [Inform] : proc_modem_cmd()          : Recvd Keep Alive cmd, sending back resp 
22_Oct_2019 13:05:20 : [Inform] : check_modem_cmd()         : Recv command form mdas server to Modem , Byte : 1
22_Oct_2019 13:05:20 : [Inform] : proc_modem_cmd()          : Recvd Keep Alive cmd, sending back resp 
22_Oct_2019 13:05:24 : [Inform] : check_modem_cmd()         : Recv command form mdas server to Modem , Byte : 1
22_Oct_2019 13:05:24 : [Inform] : proc_modem_cmd()          : Recvd Keep Alive cmd, sending back resp 
22_Oct_2019 13:05:29 : [Inform] : check_modem_cmd()         : Recv command form mdas server to Modem , Byte : 1
22_Oct_2019 13:05:29 : [Inform] : proc_modem_cmd()          : Recvd Keep Alive cmd, sending back resp 
22_Oct_2019 13:05:34 : [Inform] : check_modem_cmd()         : Recv command form mdas server to Modem , Byte : 1
22_Oct_2019 13:05:34 : [Inform] : proc_modem_cmd()          : Recvd Keep Alive cmd, sending back resp 
22_Oct_2019 13:05:39 : [Inform] : check_modem_cmd()         : Recv command form mdas server to Modem , Byte : 1
22_Oct_2019 13:05:39 : [Inform] : proc_modem_cmd()          : Recvd Keep Alive cmd, sending back resp 
22_Oct_2019 13:05:44 : [Inform] : check_modem_cmd()         : Recv command form mdas server to Modem , Byte : 1
22_Oct_2019 13:05:44 : [Inform] : proc_modem_cmd()          : Recvd Keep Alive cmd, sending back resp 
22_Oct_2019 13:05:50 : [Inform] : check_modem_cmd()         : Recv command form mdas server to Modem , Byte : 1
22_Oct_2019 13:05:50 : [Inform] : proc_modem_cmd()          : Recvd Keep Alive cmd, sending back resp 
22_Oct_2019 13:05:55 : [Inform] : check_modem_cmd()         : Recv command form mdas server to Modem , Byte : 1
22_Oct_2019 13:05:55 : [Inform] : proc_modem_cmd()          : Recvd Keep Alive cmd, sending back resp 
22_Oct_2019 13:06:00 : [Inform] : check_modem_cmd()         : Recv command form mdas server to Modem , Byte : 1
22_Oct_2019 13:06:00 : [Inform] : proc_modem_cmd()          : Recvd Keep Alive cmd, sending back resp 
22_Oct_2019 13:06:05 : [Inform] : check_modem_cmd()         : Recv command form mdas server to Modem , Byte : 1
22_Oct_2019 13:06:05 : [Inform] : proc_modem_cmd()          : Recvd Keep Alive cmd, sending back resp 
22_Oct_2019 13:06:10 : [Inform] : check_modem_cmd()         : Recv command form mdas server to Modem , Byte : 1
22_Oct_2019 13:06:10 : [Inform] : proc_modem_cmd()          : Recvd Keep Alive cmd, sending back resp 
22_Oct_2019 13:06:14 : [Inform] : check_modem_cmd()         : Recv command form mdas server to Modem , Byte : 1
22_Oct_2019 13:06:14 : [Inform] : proc_modem_cmd()          : Recvd Keep Alive cmd, sending back resp 
22_Oct_2019 13:06:20 : [Inform] : check_modem_cmd()         : Recv command form mdas server to Modem , Byte : 1
22_Oct_2019 13:06:20 : [Inform] : proc_modem_cmd()          : Recvd Keep Alive cmd, sending back resp 
22_Oct_2019 13:06:25 : [Inform] : check_modem_cmd()         : Recv command form mdas server to Modem , Byte : 1
22_Oct_2019 13:06:25 : [Inform] : proc_modem_cmd()          : Recvd Keep Alive cmd, sending back resp 
22_Oct_2019 13:06:30 : [Inform] : check_modem_cmd()         : Recv command form mdas server to Modem , Byte : 1
22_Oct_2019 13:06:30 : [Inform] : proc_modem_cmd()          : Recvd Keep Alive cmd, sending back resp 
22_Oct_2019 13:06:35 : [Inform] : check_modem_cmd()         : Recv command form mdas server to Modem , Byte : 1
22_Oct_2019 13:06:35 : [Inform] : proc_modem_cmd()          : Recvd Keep Alive cmd, sending back resp 
22_Oct_2019 13:06:40 : [Inform] : check_modem_cmd()         : Recv command form mdas server to Modem , Byte : 1
22_Oct_2019 13:06:40 : [Inform] : proc_modem_cmd()          : Recvd Keep Alive cmd, sending back resp 
22_Oct_2019 13:06:45 : [Inform] : check_modem_cmd()         : Recv command form mdas server to Modem , Byte : 1
22_Oct_2019 13:06:45 : [Inform] : proc_modem_cmd()          : Recvd Keep Alive cmd, sending back resp 
22_Oct_2019 13:06:50 : [Inform] : check_modem_cmd()         : Recv command form mdas server to Modem , Byte : 1
22_Oct_2019 13:06:50 : [Inform] : proc_modem_cmd()          : Recvd Keep Alive cmd, sending back resp 
22_Oct_2019 13:06:55 : [Inform] : check_modem_cmd()         : Recv command form mdas server to Modem , Byte : 1
22_Oct_2019 13:06:55 : [Inform] : proc_modem_cmd()          : Recvd Keep Alive cmd, sending back resp 
22_Oct_2019 13:07:00 : [Inform] : check_modem_cmd()         : Recv command form mdas server to Modem , Byte : 1
22_Oct_2019 13:07:00 : [Inform] : proc_modem_cmd()          : Recvd Keep Alive cmd, sending back resp 
22_Oct_2019 13:07:05 : [Inform] : check_modem_cmd()         : Recv command form mdas server to Modem , Byte : 1
22_Oct_2019 13:07:05 : [Inform] : proc_modem_cmd()          : Recvd Keep Alive cmd, sending back resp 
22_Oct_2019 13:07:10 : [Inform] : check_modem_cmd()         : Recv command form mdas server to Modem , Byte : 1
22_Oct_2019 13:07:10 : [Inform] : proc_modem_cmd()          : Recvd Keep Alive cmd, sending back resp 
22_Oct_2019 13:07:15 : [Inform] : check_modem_cmd()         : Recv command form mdas server to Modem , Byte : 1
22_Oct_2019 13:07:15 : [Inform] : proc_modem_cmd()          : Recvd Keep Alive cmd, sending back resp 
22_Oct_2019 13:07:15 : [Inform] : proc_modem_thread()       : Sending HC Message
22_Oct_2019 13:07:15 : [Inform] : send_modem_startup_msg()  : Send HC msg resp len : 492
22_Oct_2019 13:07:20 : [Inform] : check_modem_cmd()         : Recv command form mdas server to Modem , Byte : 1
22_Oct_2019 13:07:20 : [Inform] : proc_modem_cmd()          : Recvd Keep Alive cmd, sending back resp 
22_Oct_2019 13:07:25 : [Inform] : check_modem_cmd()         : Recv command form mdas server to Modem , Byte : 1
22_Oct_2019 13:07:25 : [Inform] : proc_modem_cmd()          : Recvd Keep Alive cmd, sending back resp 
22_Oct_2019 13:07:30 : [Inform] : check_modem_cmd()         : Recv command form mdas server to Modem , Byte : 1
22_Oct_2019 13:07:30 : [Inform] : proc_modem_cmd()          : Recvd Keep Alive cmd, sending back resp 
22_Oct_2019 13:07:35 : [Inform] : check_modem_cmd()         : Recv command form mdas server to Modem , Byte : 1
22_Oct_2019 13:07:35 : [Inform] : proc_modem_cmd()          : Recvd Keep Alive cmd, sending back resp 
22_Oct_2019 13:07:49 : [Inform] : check_modem_cmd()         : Recv command form mdas server to Modem , Byte : 1
22_Oct_2019 13:07:49 : [Inform] : proc_modem_cmd()          : Recvd Keep Alive cmd, sending back resp 
22_Oct_2019 13:07:49 : [Inform] : check_modem_cmd()         : Recv command form mdas server to Modem , Byte : 1
22_Oct_2019 13:07:49 : [Inform] : proc_modem_cmd()          : Recvd Keep Alive cmd, sending back resp 
22_Oct_2019 13:07:50 : [Inform] : check_modem_cmd()         : Recv command form mdas server to Modem , Byte : 1
22_Oct_2019 13:07:50 : [Inform] : proc_modem_cmd()          : Recvd Keep Alive cmd, sending back resp 
22_Oct_2019 13:07:55 : [Inform] : check_modem_cmd()         : Recv command form mdas server to Modem , Byte : 1
22_Oct_2019 13:07:55 : [Inform] : proc_modem_cmd()          : Recvd Keep Alive cmd, sending back resp 
22_Oct_2019 13:08:00 : [Inform] : check_modem_cmd()         : Recv command form mdas server to Modem , Byte : 1
22_Oct_2019 13:08:00 : [Inform] : proc_modem_cmd()          : Recvd Keep Alive cmd, sending back resp 
22_Oct_2019 13:08:05 : [Inform] : check_modem_cmd()         : Recv command form mdas server to Modem , Byte : 1
22_Oct_2019 13:08:05 : [Inform] : proc_modem_cmd()          : Recvd Keep Alive cmd, sending back resp 
22_Oct_2019 13:08:10 : [Inform] : check_modem_cmd()         : Recv command form mdas server to Modem , Byte : 1
22_Oct_2019 13:08:10 : [Inform] : proc_modem_cmd()          : Recvd Keep Alive cmd, sending back resp 
22_Oct_2019 13:08:14 : [Inform] : check_modem_cmd()         : Recv command form mdas server to Modem , Byte : 1
22_Oct_2019 13:08:14 : [Inform] : proc_modem_cmd()          : Recvd Keep Alive cmd, sending back resp 
22_Oct_2019 13:08:24 : [Inform] : check_modem_cmd()         : Recv command form mdas server to Modem , Byte : 1
22_Oct_2019 13:08:24 : [Inform] : proc_modem_cmd()          : Recvd Keep Alive cmd, sending back resp 
22_Oct_2019 13:08:24 : [Inform] : check_modem_cmd()         : Recv command form mdas server to Modem , Byte : 1
22_Oct_2019 13:08:24 : [Inform] : proc_modem_cmd()          : Recvd Keep Alive cmd, sending back resp 
22_Oct_2019 13:08:29 : [Inform] : check_modem_cmd()         : Recv command form mdas server to Modem , Byte : 1
22_Oct_2019 13:08:29 : [Inform] : proc_modem_cmd()          : Recvd Keep Alive cmd, sending back resp 
22_Oct_2019 13:08:34 : [Inform] : check_modem_cmd()         : Recv command form mdas server to Modem , Byte : 1
22_Oct_2019 13:08:34 : [Inform] : proc_modem_cmd()          : Recvd Keep Alive cmd, sending back resp 
22_Oct_2019 13:08:39 : [Inform] : check_modem_cmd()         : Recv command form mdas server to Modem , Byte : 1
22_Oct_2019 13:08:39 : [Inform] : proc_modem_cmd()          : Recvd Keep Alive cmd, sending back resp 
22_Oct_2019 13:08:44 : [Inform] : check_modem_cmd()         : Recv command form mdas server to Modem , Byte : 1
22_Oct_2019 13:08:44 : [Inform] : proc_modem_cmd()          : Recvd Keep Alive cmd, sending back resp 
22_Oct_2019 13:08:49 : [Inform] : check_modem_cmd()         : Recv command form mdas server to Modem , Byte : 1
22_Oct_2019 13:08:49 : [Inform] : proc_modem_cmd()          : Recvd Keep Alive cmd, sending back resp 
22_Oct_2019 13:08:54 : [Inform] : check_modem_cmd()         : Recv command form mdas server to Modem , Byte : 1
22_Oct_2019 13:08:54 : [Inform] : proc_modem_cmd()          : Recvd Keep Alive cmd, sending back resp 
22_Oct_2019 13:08:59 : [Inform] : check_modem_cmd()         : Recv command form mdas server to Modem , Byte : 1
22_Oct_2019 13:09:00 : [Inform] : proc_modem_cmd()          : Recvd Keep Alive cmd, sending back resp 
22_Oct_2019 13:09:04 : [Inform] : check_modem_cmd()         : Recv command form mdas server to Modem , Byte : 1
22_Oct_2019 13:09:04 : [Inform] : proc_modem_cmd()          : Recvd Keep Alive cmd, sending back resp 
22_Oct_2019 13:09:09 : [Inform] : check_modem_cmd()         : Recv command form mdas server to Modem , Byte : 1
22_Oct_2019 13:09:09 : [Inform] : proc_modem_cmd()          : Recvd Keep Alive cmd, sending back resp 
22_Oct_2019 13:09:14 : [Inform] : check_modem_cmd()         : Recv command form mdas server to Modem , Byte : 1
22_Oct_2019 13:09:14 : [Inform] : proc_modem_cmd()          : Recvd Keep Alive cmd, sending back resp 
22_Oct_2019 13:09:19 : [Inform] : check_modem_cmd()         : Recv command form mdas server to Modem , Byte : 1
22_Oct_2019 13:09:19 : [Inform] : proc_modem_cmd()          : Recvd Keep Alive cmd, sending back resp 
22_Oct_2019 13:09:25 : [Inform] : check_modem_cmd()         : Recv command form mdas server to Modem , Byte : 1
22_Oct_2019 13:09:25 : [Inform] : proc_modem_cmd()          : Recvd Keep Alive cmd, sending back resp 
22_Oct_2019 13:09:29 : [Inform] : check_modem_cmd()         : Recv command form mdas server to Modem , Byte : 1
22_Oct_2019 13:09:29 : [Inform] : proc_modem_cmd()          : Recvd Keep Alive cmd, sending back resp 
22_Oct_2019 13:09:34 : [Inform] : check_modem_cmd()         : Recv command form mdas server to Modem , Byte : 1
22_Oct_2019 13:09:34 : [Inform] : proc_modem_cmd()          : Recvd Keep Alive cmd, sending back resp 
22_Oct_2019 13:09:39 : [Inform] : check_modem_cmd()         : Recv command form mdas server to Modem , Byte : 1
22_Oct_2019 13:09:39 : [Inform] : proc_modem_cmd()          : Recvd Keep Alive cmd, sending back resp 
22_Oct_2019 13:09:45 : [Inform] : check_modem_cmd()         : Recv command form mdas server to Modem , Byte : 1
22_Oct_2019 13:09:45 : [Inform] : proc_modem_cmd()          : Recvd Keep Alive cmd, sending back resp 
22_Oct_2019 13:09:50 : [Inform] : check_modem_cmd()         : Recv command form mdas server to Modem , Byte : 1
22_Oct_2019 13:09:50 : [Inform] : proc_modem_cmd()          : Recvd Keep Alive cmd, sending back resp 
22_Oct_2019 13:09:59 : [Inform] : check_modem_cmd()         : Recv command form mdas server to Modem , Byte : 1
22_Oct_2019 13:09:59 : [Inform] : proc_modem_cmd()          : Recvd Keep Alive cmd, sending back resp 
22_Oct_2019 13:10:00 : [Inform] : check_modem_cmd()         : Recv command form mdas server to Modem , Byte : 1
22_Oct_2019 13:10:00 : [Inform] : proc_modem_cmd()          : Recvd Keep Alive cmd, sending back resp 
22_Oct_2019 13:10:05 : [Inform] : check_modem_cmd()         : Recv command form mdas server to Modem , Byte : 1
22_Oct_2019 13:10:05 : [Inform] : proc_modem_cmd()          : Recvd Keep Alive cmd, sending back resp 
22_Oct_2019 13:10:10 : [Inform] : check_modem_cmd()         : Recv command form mdas server to Modem , Byte : 1
22_Oct_2019 13:10:10 : [Inform] : proc_modem_cmd()          : Recvd Keep Alive cmd, sending back resp 
22_Oct_2019 13:10:15 : [Inform] : check_modem_cmd()         : Recv command form mdas server to Modem , Byte : 1
22_Oct_2019 13:10:15 : [Inform] : proc_modem_cmd()          : Recvd Keep Alive cmd, sending back resp 
22_Oct_2019 13:10:19 : [Inform] : proc_modem_thread()       : Sending HC Message
22_Oct_2019 13:10:19 : [Inform] : send_modem_startup_msg()  : Send HC msg resp len : 492
22_Oct_2019 13:10:20 : [Inform] : check_modem_cmd()         : Recv command form mdas server to Modem , Byte : 1
22_Oct_2019 13:10:20 : [Inform] : proc_modem_cmd()          : Recvd Keep Alive cmd, sending back resp 
22_Oct_2019 13:10:25 : [Inform] : check_modem_cmd()         : Recv command form mdas server to Modem , Byte : 1
22_Oct_2019 13:10:25 : [Inform] : proc_modem_cmd()          : Recvd Keep Alive cmd, sending back resp 
22_Oct_2019 13:10:31 : [Inform] : check_modem_cmd()         : Recv command form mdas server to Modem , Byte : 1
22_Oct_2019 13:10:31 : [Inform] : proc_modem_cmd()          : Recvd Keep Alive cmd, sending back resp 
22_Oct_2019 13:10:35 : [Inform] : check_modem_cmd()         : Recv command form mdas server to Modem , Byte : 1
22_Oct_2019 13:10:35 : [Inform] : proc_modem_cmd()          : Recvd Keep Alive cmd, sending back resp 
22_Oct_2019 13:10:40 : [Inform] : check_modem_cmd()         : Recv command form mdas server to Modem , Byte : 1
22_Oct_2019 13:10:40 : [Inform] : proc_modem_cmd()          : Recvd Keep Alive cmd, sending back resp 
22_Oct_2019 13:10:44 : [Inform] : check_modem_cmd()         : Recv command form mdas server to Modem , Byte : 1
22_Oct_2019 13:10:44 : [Inform] : proc_modem_cmd()          : Recvd Keep Alive cmd, sending back resp 
22_Oct_2019 13:10:49 : [Inform] : check_modem_cmd()         : Recv command form mdas server to Modem , Byte : 1
22_Oct_2019 13:10:49 : [Inform] : proc_modem_cmd()          : Recvd Keep Alive cmd, sending back resp 
22_Oct_2019 13:10:54 : [Inform] : check_modem_cmd()         : Recv command form mdas server to Modem , Byte : 1
22_Oct_2019 13:10:54 : [Inform] : proc_modem_cmd()          : Recvd Keep Alive cmd, sending back resp 
22_Oct_2019 13:10:59 : [Inform] : check_modem_cmd()         : Recv command form mdas server to Modem , Byte : 1
22_Oct_2019 13:10:59 : [Inform] : proc_modem_cmd()          : Recvd Keep Alive cmd, sending back resp 
22_Oct_2019 13:11:04 : [Inform] : check_modem_cmd()         : Recv command form mdas server to Modem , Byte : 1
22_Oct_2019 13:11:04 : [Inform] : proc_modem_cmd()          : Recvd Keep Alive cmd, sending back resp 
22_Oct_2019 13:11:09 : [Inform] : check_modem_cmd()         : Recv command form mdas server to Modem , Byte : 1
22_Oct_2019 13:11:09 : [Inform] : proc_modem_cmd()          : Recvd Keep Alive cmd, sending back resp 
22_Oct_2019 13:11:14 : [Inform] : check_modem_cmd()         : Recv command form mdas server to Modem , Byte : 1
22_Oct_2019 13:11:14 : [Inform] : proc_modem_cmd()          : Recvd Keep Alive cmd, sending back resp 
22_Oct_2019 13:11:19 : [Inform] : check_modem_cmd()         : Recv command form mdas server to Modem , Byte : 1
22_Oct_2019 13:11:19 : [Inform] : proc_modem_cmd()          : Recvd Keep Alive cmd, sending back resp 
22_Oct_2019 13:11:25 : [Inform] : check_modem_cmd()         : Recv command form mdas server to Modem , Byte : 1
22_Oct_2019 13:11:25 : [Inform] : proc_modem_cmd()          : Recvd Keep Alive cmd, sending back resp 
22_Oct_2019 13:11:30 : [Inform] : check_modem_cmd()         : Recv command form mdas server to Modem , Byte : 1
22_Oct_2019 13:11:30 : [Inform] : proc_modem_cmd()          : Recvd Keep Alive cmd, sending back resp 
22_Oct_2019 13:11:35 : [Inform] : check_modem_cmd()         : Recv command form mdas server to Modem , Byte : 1
22_Oct_2019 13:11:35 : [Inform] : proc_modem_cmd()          : Recvd Keep Alive cmd, sending back resp 
22_Oct_2019 13:11:39 : [Inform] : check_modem_cmd()         : Recv command form mdas server to Modem , Byte : 1
22_Oct_2019 13:11:39 : [Inform] : proc_modem_cmd()          : Recvd Keep Alive cmd, sending back resp 
22_Oct_2019 13:11:45 : [Inform] : check_modem_cmd()         : Recv command form mdas server to Modem , Byte : 1
22_Oct_2019 13:11:45 : [Inform] : proc_modem_cmd()          : Recvd Keep Alive cmd, sending back resp 
22_Oct_2019 13:11:50 : [Inform] : check_modem_cmd()         : Recv command form mdas server to Modem , Byte : 1
22_Oct_2019 13:11:50 : [Inform] : proc_modem_cmd()          : Recvd Keep Alive cmd, sending back resp 
22_Oct_2019 13:11:55 : [Inform] : check_modem_cmd()         : Recv command form mdas server to Modem , Byte : 1
22_Oct_2019 13:11:55 : [Inform] : proc_modem_cmd()          : Recvd Keep Alive cmd, sending back resp 
22_Oct_2019 13:12:00 : [Inform] : check_modem_cmd()         : Recv command form mdas server to Modem , Byte : 1
22_Oct_2019 13:12:00 : [Inform] : proc_modem_cmd()          : Recvd Keep Alive cmd, sending back resp 
22_Oct_2019 13:12:04 : [Inform] : check_modem_cmd()         : Recv command form mdas server to Modem , Byte : 1
22_Oct_2019 13:12:04 : [Inform] : proc_modem_cmd()          : Recvd Keep Alive cmd, sending back resp 
22_Oct_2019 13:12:09 : [Inform] : check_modem_cmd()         : Recv command form mdas server to Modem , Byte : 1
22_Oct_2019 13:12:09 : [Inform] : proc_modem_cmd()          : Recvd Keep Alive cmd, sending back resp 
22_Oct_2019 13:12:14 : [Inform] : check_modem_cmd()         : Recv command form mdas server to Modem , Byte : 1
22_Oct_2019 13:12:14 : [Inform] : proc_modem_cmd()          : Recvd Keep Alive cmd, sending back resp 
22_Oct_2019 13:12:19 : [Inform] : check_modem_cmd()         : Recv command form mdas server to Modem , Byte : 1
22_Oct_2019 13:12:19 : [Inform] : proc_modem_cmd()          : Recvd Keep Alive cmd, sending back resp 
22_Oct_2019 13:12:24 : [Inform] : check_modem_cmd()         : Recv command form mdas server to Modem , Byte : 1
22_Oct_2019 13:12:24 : [Inform] : proc_modem_cmd()          : Recvd Keep Alive cmd, sending back resp 
22_Oct_2019 13:12:29 : [Inform] : check_modem_cmd()         : Recv command form mdas server to Modem , Byte : 1
22_Oct_2019 13:12:29 : [Inform] : proc_modem_cmd()          : Recvd Keep Alive cmd, sending back resp 
22_Oct_2019 13:12:35 : [Inform] : check_modem_cmd()         : Recv command form mdas server to Modem , Byte : 1
22_Oct_2019 13:12:35 : [Inform] : proc_modem_cmd()          : Recvd Keep Alive cmd, sending back resp 
22_Oct_2019 13:12:39 : [Inform] : check_modem_cmd()         : Recv command form mdas server to Modem , Byte : 1
22_Oct_2019 13:12:39 : [Inform] : proc_modem_cmd()          : Recvd Keep Alive cmd, sending back resp 
22_Oct_2019 13:12:45 : [Inform] : check_modem_cmd()         : Recv command form mdas server to Modem , Byte : 1
22_Oct_2019 13:12:45 : [Inform] : proc_modem_cmd()          : Recvd Keep Alive cmd, sending back resp 
22_Oct_2019 13:12:49 : [Inform] : check_modem_cmd()         : Recv command form mdas server to Modem , Byte : 1
22_Oct_2019 13:12:49 : [Inform] : proc_modem_cmd()          : Recvd Keep Alive cmd, sending back resp 
22_Oct_2019 13:12:54 : [Inform] : check_modem_cmd()         : Recv command form mdas server to Modem , Byte : 1
22_Oct_2019 13:12:54 : [Inform] : proc_modem_cmd()          : Recvd Keep Alive cmd, sending back resp 
22_Oct_2019 13:12:59 : [Inform] : check_modem_cmd()         : Recv command form mdas server to Modem , Byte : 1
22_Oct_2019 13:12:59 : [Inform] : proc_modem_cmd()          : Recvd Keep Alive cmd, sending back resp 
22_Oct_2019 13:13:04 : [Inform] : check_modem_cmd()         : Recv command form mdas server to Modem , Byte : 1
22_Oct_2019 13:13:04 : [Inform] : proc_modem_cmd()          : Recvd Keep Alive cmd, sending back resp 
22_Oct_2019 13:13:09 : [Inform] : check_modem_cmd()         : Recv command form mdas server to Modem , Byte : 1
22_Oct_2019 13:13:09 : [Inform] : proc_modem_cmd()          : Recvd Keep Alive cmd, sending back resp 
22_Oct_2019 13:13:14 : [Inform] : check_modem_cmd()         : Recv command form mdas server to Modem , Byte : 1
22_Oct_2019 13:13:14 : [Inform] : proc_modem_cmd()          : Recvd Keep Alive cmd, sending back resp 
22_Oct_2019 13:13:19 : [Inform] : check_modem_cmd()         : Recv command form mdas server to Modem , Byte : 1
22_Oct_2019 13:13:19 : [Inform] : proc_modem_cmd()          : Recvd Keep Alive cmd, sending back resp 
22_Oct_2019 13:13:24 : [Inform] : proc_modem_thread()       : Sending HC Message
22_Oct_2019 13:13:24 : [Inform] : send_modem_startup_msg()  : Send HC msg resp len : 492
22_Oct_2019 13:13:24 : [Inform] : check_modem_cmd()         : Recv command form mdas server to Modem , Byte : 1
22_Oct_2019 13:13:24 : [Inform] : proc_modem_cmd()          : Recvd Keep Alive cmd, sending back resp 
22_Oct_2019 13:13:29 : [Inform] : check_modem_cmd()         : Recv command form mdas server to Modem , Byte : 1
22_Oct_2019 13:13:29 : [Inform] : proc_modem_cmd()          : Recvd Keep Alive cmd, sending back resp 
22_Oct_2019 13:13:34 : [Inform] : check_modem_cmd()         : Recv command form mdas server to Modem , Byte : 1
22_Oct_2019 13:13:34 : [Inform] : proc_modem_cmd()          : Recvd Keep Alive cmd, sending back resp 
22_Oct_2019 13:13:40 : [Inform] : check_modem_cmd()         : Recv command form mdas server to Modem , Byte : 1
22_Oct_2019 13:13:40 : [Inform] : proc_modem_cmd()          : Recvd Keep Alive cmd, sending back resp 
22_Oct_2019 13:13:44 : [Inform] : check_modem_cmd()         : Recv command form mdas server to Modem , Byte : 1
22_Oct_2019 13:13:44 : [Inform] : proc_modem_cmd()          : Recvd Keep Alive cmd, sending back resp 
22_Oct_2019 13:13:49 : [Inform] : check_modem_cmd()         : Recv command form mdas server to Modem , Byte : 1
22_Oct_2019 13:13:49 : [Inform] : proc_modem_cmd()          : Recvd Keep Alive cmd, sending back resp 
22_Oct_2019 13:13:54 : [Inform] : check_modem_cmd()         : Recv command form mdas server to Modem , Byte : 1
22_Oct_2019 13:13:54 : [Inform] : proc_modem_cmd()          : Recvd Keep Alive cmd, sending back resp 
22_Oct_2019 13:13:59 : [Inform] : check_modem_cmd()         : Recv command form mdas server to Modem , Byte : 1
22_Oct_2019 13:13:59 : [Inform] : proc_modem_cmd()          : Recvd Keep Alive cmd, sending back resp 
22_Oct_2019 13:14:04 : [Inform] : check_modem_cmd()         : Recv command form mdas server to Modem , Byte : 1
22_Oct_2019 13:14:04 : [Inform] : proc_modem_cmd()          : Recvd Keep Alive cmd, sending back resp 
22_Oct_2019 13:14:09 : [Inform] : check_modem_cmd()         : Recv command form mdas server to Modem , Byte : 1
22_Oct_2019 13:14:09 : [Inform] : proc_modem_cmd()          : Recvd Keep Alive cmd, sending back resp 
22_Oct_2019 13:14:14 : [Inform] : check_modem_cmd()         : Recv command form mdas server to Modem , Byte : 1
22_Oct_2019 13:14:14 : [Inform] : proc_modem_cmd()          : Recvd Keep Alive cmd, sending back resp 
22_Oct_2019 13:14:19 : [Inform] : check_modem_cmd()         : Recv command form mdas server to Modem , Byte : 1
22_Oct_2019 13:14:19 : [Inform] : proc_modem_cmd()          : Recvd Keep Alive cmd, sending back resp 
22_Oct_2019 13:14:24 : [Inform] : check_modem_cmd()         : Recv command form mdas server to Modem , Byte : 1
22_Oct_2019 13:14:24 : [Inform] : proc_modem_cmd()          : Recvd Keep Alive cmd, sending back resp 
22_Oct_2019 13:14:29 : [Inform] : check_modem_cmd()         : Recv command form mdas server to Modem , Byte : 1
22_Oct_2019 13:14:29 : [Inform] : proc_modem_cmd()          : Recvd Keep Alive cmd, sending back resp 
22_Oct_2019 13:14:34 : [Inform] : check_modem_cmd()         : Recv command form mdas server to Modem , Byte : 1
22_Oct_2019 13:14:34 : [Inform] : proc_modem_cmd()          : Recvd Keep Alive cmd, sending back resp 
22_Oct_2019 13:14:39 : [Inform] : check_modem_cmd()         : Recv command form mdas server to Modem , Byte : 1
22_Oct_2019 13:14:39 : [Inform] : proc_modem_cmd()          : Recvd Keep Alive cmd, sending back resp 
22_Oct_2019 13:14:44 : [Inform] : check_modem_cmd()         : Recv command form mdas server to Modem , Byte : 1
22_Oct_2019 13:14:44 : [Inform] : proc_modem_cmd()          : Recvd Keep Alive cmd, sending back resp 
22_Oct_2019 13:14:49 : [Inform] : check_modem_cmd()         : Recv command form mdas server to Modem , Byte : 1
22_Oct_2019 13:14:49 : [Inform] : proc_modem_cmd()          : Recvd Keep Alive cmd, sending back resp 
22_Oct_2019 13:14:54 : [Inform] : check_modem_cmd()         : Recv command form mdas server to Modem , Byte : 1
22_Oct_2019 13:14:54 : [Inform] : proc_modem_cmd()          : Recvd Keep Alive cmd, sending back resp 
22_Oct_2019 13:14:59 : [Inform] : check_modem_cmd()         : Recv command form mdas server to Modem , Byte : 1
22_Oct_2019 13:14:59 : [Inform] : proc_modem_cmd()          : Recvd Keep Alive cmd, sending back resp 
22_Oct_2019 13:15:06 : [Inform] : check_modem_cmd()         : Recv command form mdas server to Modem , Byte : 1
22_Oct_2019 13:15:06 : [Inform] : proc_modem_cmd()          : Recvd Keep Alive cmd, sending back resp 
22_Oct_2019 13:15:09 : [Inform] : check_modem_cmd()         : Recv command form mdas server to Modem , Byte : 1
22_Oct_2019 13:15:09 : [Inform] : proc_modem_cmd()          : Recvd Keep Alive cmd, sending back resp 
22_Oct_2019 13:15:14 : [Inform] : check_modem_cmd()         : Recv command form mdas server to Modem , Byte : 1
22_Oct_2019 13:15:14 : [Inform] : proc_modem_cmd()          : Recvd Keep Alive cmd, sending back resp 
22_Oct_2019 13:15:19 : [Inform] : check_modem_cmd()         : Recv command form mdas server to Modem , Byte : 1
22_Oct_2019 13:15:19 : [Inform] : proc_modem_cmd()          : Recvd Keep Alive cmd, sending back resp 
22_Oct_2019 13:15:25 : [Inform] : check_modem_cmd()         : Recv command form mdas server to Modem , Byte : 1
22_Oct_2019 13:15:25 : [Inform] : proc_modem_cmd()          : Recvd Keep Alive cmd, sending back resp 
22_Oct_2019 13:15:30 : [Inform] : check_modem_cmd()         : Recv command form mdas server to Modem , Byte : 1
22_Oct_2019 13:15:30 : [Inform] : proc_modem_cmd()          : Recvd Keep Alive cmd, sending back resp 
22_Oct_2019 13:15:34 : [Inform] : check_modem_cmd()         : Recv command form mdas server to Modem , Byte : 1
22_Oct_2019 13:15:34 : [Inform] : proc_modem_cmd()          : Recvd Keep Alive cmd, sending back resp 
22_Oct_2019 13:15:40 : [Inform] : check_modem_cmd()         : Recv command form mdas server to Modem , Byte : 1
22_Oct_2019 13:15:40 : [Inform] : proc_modem_cmd()          : Recvd Keep Alive cmd, sending back resp 
22_Oct_2019 13:15:45 : [Inform] : check_modem_cmd()         : Recv command form mdas server to Modem , Byte : 1
22_Oct_2019 13:15:45 : [Inform] : proc_modem_cmd()          : Recvd Keep Alive cmd, sending back resp 
22_Oct_2019 13:15:49 : [Inform] : check_modem_cmd()         : Recv command form mdas server to Modem , Byte : 1
22_Oct_2019 13:15:49 : [Inform] : proc_modem_cmd()          : Recvd Keep Alive cmd, sending back resp 
22_Oct_2019 13:15:55 : [Inform] : check_modem_cmd()         : Recv command form mdas server to Modem , Byte : 1
22_Oct_2019 13:15:55 : [Inform] : proc_modem_cmd()          : Recvd Keep Alive cmd, sending back resp 
22_Oct_2019 13:15:59 : [Inform] : check_modem_cmd()         : Recv command form mdas server to Modem , Byte : 1
22_Oct_2019 13:15:59 : [Inform] : proc_modem_cmd()          : Recvd Keep Alive cmd, sending back resp 
22_Oct_2019 13:16:04 : [Inform] : check_modem_cmd()         : Recv command form mdas server to Modem , Byte : 1
22_Oct_2019 13:16:04 : [Inform] : proc_modem_cmd()          : Recvd Keep Alive cmd, sending back resp 
22_Oct_2019 13:16:09 : [Inform] : check_modem_cmd()         : Recv command form mdas server to Modem , Byte : 1
22_Oct_2019 13:16:09 : [Inform] : proc_modem_cmd()          : Recvd Keep Alive cmd, sending back resp 
22_Oct_2019 13:16:14 : [Inform] : check_modem_cmd()         : Recv command form mdas server to Modem , Byte : 1
22_Oct_2019 13:16:14 : [Inform] : proc_modem_cmd()          : Recvd Keep Alive cmd, sending back resp 
22_Oct_2019 13:16:19 : [Inform] : check_modem_cmd()         : Recv command form mdas server to Modem , Byte : 1
22_Oct_2019 13:16:19 : [Inform] : proc_modem_cmd()          : Recvd Keep Alive cmd, sending back resp 
22_Oct_2019 13:16:24 : [Inform] : check_modem_cmd()         : Recv command form mdas server to Modem , Byte : 1
22_Oct_2019 13:16:24 : [Inform] : proc_modem_cmd()          : Recvd Keep Alive cmd, sending back resp 
22_Oct_2019 13:16:28 : [Inform] : proc_modem_thread()       : Sending HC Message
22_Oct_2019 13:16:29 : [Inform] : send_modem_startup_msg()  : Send HC msg resp len : 492
22_Oct_2019 13:16:29 : [Inform] : check_modem_cmd()         : Recv command form mdas server to Modem , Byte : 1
22_Oct_2019 13:16:29 : [Inform] : proc_modem_cmd()          : Recvd Keep Alive cmd, sending back resp 
22_Oct_2019 13:16:34 : [Inform] : check_modem_cmd()         : Recv command form mdas server to Modem , Byte : 1
22_Oct_2019 13:16:34 : [Inform] : proc_modem_cmd()          : Recvd Keep Alive cmd, sending back resp 
22_Oct_2019 13:16:47 : [Inform] : check_modem_cmd()         : Recv command form mdas server to Modem , Byte : 1
22_Oct_2019 13:16:47 : [Inform] : proc_modem_cmd()          : Recvd Keep Alive cmd, sending back resp 
22_Oct_2019 13:16:47 : [Inform] : check_modem_cmd()         : Recv command form mdas server to Modem , Byte : 1
22_Oct_2019 13:16:47 : [Inform] : proc_modem_cmd()          : Recvd Keep Alive cmd, sending back resp 
22_Oct_2019 13:16:49 : [Inform] : check_modem_cmd()         : Recv command form mdas server to Modem , Byte : 1
22_Oct_2019 13:16:49 : [Inform] : proc_modem_cmd()          : Recvd Keep Alive cmd, sending back resp 
22_Oct_2019 13:16:54 : [Inform] : check_modem_cmd()         : Recv command form mdas server to Modem , Byte : 1
22_Oct_2019 13:16:54 : [Inform] : proc_modem_cmd()          : Recvd Keep Alive cmd, sending back resp 
22_Oct_2019 13:16:59 : [Inform] : check_modem_cmd()         : Recv command form mdas server to Modem , Byte : 1
22_Oct_2019 13:16:59 : [Inform] : proc_modem_cmd()          : Recvd Keep Alive cmd, sending back resp 
22_Oct_2019 13:17:04 : [Inform] : check_modem_cmd()         : Recv command form mdas server to Modem , Byte : 1
22_Oct_2019 13:17:04 : [Inform] : proc_modem_cmd()          : Recvd Keep Alive cmd, sending back resp 
22_Oct_2019 13:17:10 : [Inform] : check_modem_cmd()         : Recv command form mdas server to Modem , Byte : 1
22_Oct_2019 13:17:10 : [Inform] : proc_modem_cmd()          : Recvd Keep Alive cmd, sending back resp 
22_Oct_2019 13:17:14 : [Inform] : check_modem_cmd()         : Recv command form mdas server to Modem , Byte : 1
22_Oct_2019 13:17:14 : [Inform] : proc_modem_cmd()          : Recvd Keep Alive cmd, sending back resp 
22_Oct_2019 13:17:19 : [Inform] : check_modem_cmd()         : Recv command form mdas server to Modem , Byte : 1
22_Oct_2019 13:17:19 : [Inform] : proc_modem_cmd()          : Recvd Keep Alive cmd, sending back resp 
22_Oct_2019 13:17:24 : [Inform] : check_modem_cmd()         : Recv command form mdas server to Modem , Byte : 1
22_Oct_2019 13:17:24 : [Inform] : proc_modem_cmd()          : Recvd Keep Alive cmd, sending back resp 
22_Oct_2019 13:17:29 : [Inform] : check_modem_cmd()         : Recv command form mdas server to Modem , Byte : 1
22_Oct_2019 13:17:30 : [Inform] : proc_modem_cmd()          : Recvd Keep Alive cmd, sending back resp 
22_Oct_2019 13:17:38 : [Inform] : check_modem_cmd()         : Recv command form mdas server to Modem , Byte : 1
22_Oct_2019 13:17:38 : [Inform] : proc_modem_cmd()          : Recvd Keep Alive cmd, sending back resp 
22_Oct_2019 13:17:39 : [Inform] : check_modem_cmd()         : Recv command form mdas server to Modem , Byte : 1
22_Oct_2019 13:17:39 : [Inform] : proc_modem_cmd()          : Recvd Keep Alive cmd, sending back resp 
22_Oct_2019 13:17:44 : [Inform] : check_modem_cmd()         : Recv command form mdas server to Modem , Byte : 1
22_Oct_2019 13:17:44 : [Inform] : proc_modem_cmd()          : Recvd Keep Alive cmd, sending back resp 
22_Oct_2019 13:17:49 : [Inform] : check_modem_cmd()         : Recv command form mdas server to Modem , Byte : 1
22_Oct_2019 13:17:49 : [Inform] : proc_modem_cmd()          : Recvd Keep Alive cmd, sending back resp 
22_Oct_2019 13:17:54 : [Inform] : check_modem_cmd()         : Recv command form mdas server to Modem , Byte : 1
22_Oct_2019 13:17:54 : [Inform] : proc_modem_cmd()          : Recvd Keep Alive cmd, sending back resp 
22_Oct_2019 13:17:59 : [Inform] : check_modem_cmd()         : Recv command form mdas server to Modem , Byte : 1
22_Oct_2019 13:17:59 : [Inform] : proc_modem_cmd()          : Recvd Keep Alive cmd, sending back resp 
22_Oct_2019 13:18:04 : [Inform] : check_modem_cmd()         : Recv command form mdas server to Modem , Byte : 1
22_Oct_2019 13:18:04 : [Inform] : proc_modem_cmd()          : Recvd Keep Alive cmd, sending back resp 
22_Oct_2019 13:18:09 : [Inform] : check_modem_cmd()         : Recv command form mdas server to Modem , Byte : 1
22_Oct_2019 13:18:09 : [Inform] : proc_modem_cmd()          : Recvd Keep Alive cmd, sending back resp 
22_Oct_2019 13:18:14 : [Inform] : check_modem_cmd()         : Recv command form mdas server to Modem , Byte : 1
22_Oct_2019 13:18:14 : [Inform] : proc_modem_cmd()          : Recvd Keep Alive cmd, sending back resp 
22_Oct_2019 13:18:19 : [Inform] : check_modem_cmd()         : Recv command form mdas server to Modem , Byte : 1
22_Oct_2019 13:18:19 : [Inform] : proc_modem_cmd()          : Recvd Keep Alive cmd, sending back resp 
22_Oct_2019 13:18:24 : [Inform] : check_modem_cmd()         : Recv command form mdas server to Modem , Byte : 1
22_Oct_2019 13:18:24 : [Inform] : proc_modem_cmd()          : Recvd Keep Alive cmd, sending back resp 
22_Oct_2019 13:18:29 : [Inform] : check_modem_cmd()         : Recv command form mdas server to Modem , Byte : 1
22_Oct_2019 13:18:29 : [Inform] : proc_modem_cmd()          : Recvd Keep Alive cmd, sending back resp 
22_Oct_2019 13:18:34 : [Inform] : check_modem_cmd()         : Recv command form mdas server to Modem , Byte : 1
22_Oct_2019 13:18:34 : [Inform] : proc_modem_cmd()          : Recvd Keep Alive cmd, sending back resp 
22_Oct_2019 13:18:39 : [Inform] : check_modem_cmd()         : Recv command form mdas server to Modem , Byte : 1
22_Oct_2019 13:18:39 : [Inform] : proc_modem_cmd()          : Recvd Keep Alive cmd, sending back resp 
22_Oct_2019 13:18:44 : [Inform] : check_modem_cmd()         : Recv command form mdas server to Modem , Byte : 1
22_Oct_2019 13:18:44 : [Inform] : proc_modem_cmd()          : Recvd Keep Alive cmd, sending back resp 
22_Oct_2019 13:18:49 : [Inform] : check_modem_cmd()         : Recv command form mdas server to Modem , Byte : 1
22_Oct_2019 13:18:49 : [Inform] : proc_modem_cmd()          : Recvd Keep Alive cmd, sending back resp 
22_Oct_2019 13:18:54 : [Inform] : check_modem_cmd()         : Recv command form mdas server to Modem , Byte : 1
22_Oct_2019 13:18:54 : [Inform] : proc_modem_cmd()          : Recvd Keep Alive cmd, sending back resp 
22_Oct_2019 13:18:59 : [Inform] : check_modem_cmd()         : Recv command form mdas server to Modem , Byte : 1
22_Oct_2019 13:18:59 : [Inform] : proc_modem_cmd()          : Recvd Keep Alive cmd, sending back resp 
22_Oct_2019 13:19:04 : [Inform] : check_modem_cmd()         : Recv command form mdas server to Modem , Byte : 1
22_Oct_2019 13:19:04 : [Inform] : proc_modem_cmd()          : Recvd Keep Alive cmd, sending back resp 
22_Oct_2019 13:19:09 : [Inform] : check_modem_cmd()         : Recv command form mdas server to Modem , Byte : 1
22_Oct_2019 13:19:09 : [Inform] : proc_modem_cmd()          : Recvd Keep Alive cmd, sending back resp 
22_Oct_2019 13:19:14 : [Inform] : check_modem_cmd()         : Recv command form mdas server to Modem , Byte : 1
22_Oct_2019 13:19:14 : [Inform] : proc_modem_cmd()          : Recvd Keep Alive cmd, sending back resp 
22_Oct_2019 13:19:15 : [Inform] : proc_msg()                : Keyboard Interrupt in Error : [Errno 10054] An existing connection was forcibly closed by the remote host
22_Oct_2019 13:19:15 : [Inform] : proc_msg()                : live_app_flag false Need to close every things
22_Oct_2019 13:19:15 : [Report] : proc_mdas_thread          : Problems in main function need to close
22_Oct_2019 13:19:17 : [Inform] : proc_modem_thread()       : Modem thread error, returning from here
22_Oct_2019 13:19:19 : [Inform] : proc_mdas_thread          : KeyboardInterrupt or Problems in mdas_thread need to close in  read , Error : 0
