22_Oct_2019 12:43:32 : [Inform] : read_basic_cfg()          : Basic Config read success
22_Oct_2019 12:43:32 : [Inform] : mdas_db_init()            : Mysql Init done
22_Oct_2019 12:43:32 : [Inform] : create_all_table()        : Billing table created : BILLING_888889000000038
22_Oct_2019 12:43:32 : [Inform] : create_all_table()        : Event table created : EVENT_888889000000038
22_Oct_2019 12:43:32 : [Inform] : create_all_table()        : Instantanious table created : INST_888889000000038
22_Oct_2019 12:43:32 : [Inform] : create_all_table()        : Load Survey table created : LOAD_SURVEY_888889000000038
22_Oct_2019 12:43:32 : [Inform] : modem_sock_init()         : connected  to Host : 122.166.196.34 port : 8715
22_Oct_2019 12:43:32 : [Inform] : sock_init()               : connected  to Host : 122.166.196.34 port : 8710
22_Oct_2019 12:43:32 : [Inform] : main()                    : Recvd imei : 888889000000038, MeterSerNum : MET_SIM_38
22_Oct_2019 12:43:32 : [Inform] : proc_mdas_thread          : Sending 1st time imei num on mdas port,
22_Oct_2019 12:43:36 : [Inform] : send_modem_startup_msg()  : Send HC msg resp len : 492
22_Oct_2019 12:43:38 : [Inform] : proc_msg()                : -->>>Recvd Keep Alive cmd, sending back resp
22_Oct_2019 12:43:38 : [Report] : send_power_on_msg()       : Send Power On msg resp len : 123
22_Oct_2019 12:43:38 : [Inform] : check_modem_cmd()         : Recv command form mdas server to Modem , Byte : 25
22_Oct_2019 12:43:38 : [Inform] : proc_modem_cmd()          : Recv Command : TIME:19/10/22,12:43:34+22
22_Oct_2019 12:43:39 : [Inform] : check_modem_cmd()         : Recv command form mdas server to Modem , Byte : 1
22_Oct_2019 12:43:39 : [Inform] : proc_modem_cmd()          : Recvd Keep Alive cmd, sending back resp 
22_Oct_2019 12:43:44 : [Inform] : check_modem_cmd()         : Recv command form mdas server to Modem , Byte : 1
22_Oct_2019 12:43:44 : [Inform] : proc_modem_cmd()          : Recvd Keep Alive cmd, sending back resp 
22_Oct_2019 12:43:45 : [Inform] : proc_msg()                : -->>>Recvd Keep Alive cmd, sending back resp
22_Oct_2019 12:43:49 : [Inform] : proc_msg()                : -->>>Recvd Keep Alive cmd, sending back resp
22_Oct_2019 12:43:49 : [Inform] : check_modem_cmd()         : Recv command form mdas server to Modem , Byte : 1
22_Oct_2019 12:43:49 : [Inform] : proc_modem_cmd()          : Recvd Keep Alive cmd, sending back resp 
22_Oct_2019 12:43:53 : [Inform] : proc_msg()                : -->>>Recvd Keep Alive cmd, sending back resp
22_Oct_2019 12:43:54 : [Inform] : check_modem_cmd()         : Recv command form mdas server to Modem , Byte : 1
22_Oct_2019 12:43:54 : [Inform] : proc_modem_cmd()          : Recvd Keep Alive cmd, sending back resp 
22_Oct_2019 12:43:59 : [Inform] : check_modem_cmd()         : Recv command form mdas server to Modem , Byte : 1
22_Oct_2019 12:43:59 : [Inform] : proc_modem_cmd()          : Recvd Keep Alive cmd, sending back resp 
22_Oct_2019 12:44:00 : [Inform] : proc_msg()                : -->>>Recvd Keep Alive cmd, sending back resp
22_Oct_2019 12:44:04 : [Inform] : proc_msg()                : -->>>Recvd Keep Alive cmd, sending back resp
22_Oct_2019 12:44:04 : [Inform] : check_modem_cmd()         : Recv command form mdas server to Modem , Byte : 1
22_Oct_2019 12:44:04 : [Inform] : proc_modem_cmd()          : Recvd Keep Alive cmd, sending back resp 
22_Oct_2019 12:44:08 : [Inform] : proc_msg()                : -->>>Recvd Keep Alive cmd, sending back resp
22_Oct_2019 12:44:09 : [Inform] : check_modem_cmd()         : Recv command form mdas server to Modem , Byte : 1
22_Oct_2019 12:44:09 : [Inform] : proc_modem_cmd()          : Recvd Keep Alive cmd, sending back resp 
22_Oct_2019 12:44:12 : [Inform] : proc_msg()                : Msg recv on socket Numbyte : 9
22_Oct_2019 12:44:12 : [Inform] : 7e a0 7 3 41 53 56 a2 7e 
22_Oct_2019 12:44:12 : [Inform] : send_snrm_resp()          : Sending Disc frame response, Len : 32
22_Oct_2019 12:44:12 : [Inform] : 7E A0 1E 41 03 73 8E 7F 81 80 12 05 01 80 06 01 
22_Oct_2019 12:44:12 : [Inform] : 80 07 04 00 00 00 01 08 04 00 00 00 01 53 3B 7E 
22_Oct_2019 12:44:14 : [Inform] : check_modem_cmd()         : Recv command form mdas server to Modem , Byte : 1
22_Oct_2019 12:44:14 : [Inform] : proc_modem_cmd()          : Recvd Keep Alive cmd, sending back resp 
22_Oct_2019 12:44:15 : [Inform] : proc_msg()                : -->>>Recvd Keep Alive cmd, sending back resp
22_Oct_2019 12:44:19 : [Inform] : proc_msg()                : Msg recv on socket Numbyte : 10
22_Oct_2019 12:44:19 : [Inform] : f 7e a0 7 3 41 93 5a 64 7e 
22_Oct_2019 12:44:19 : [Inform] : proc_recv_tcp_msg()       : 1st byte Recvd Keep Alive cmd, sending back resp 
22_Oct_2019 12:44:19 : [Inform] : send_snrm_resp()          : Sending Snrm frame response, Len : 32
22_Oct_2019 12:44:19 : [Inform] : 7E A0 1E 41 03 73 8E 7F 81 80 12 05 01 80 06 01 
22_Oct_2019 12:44:19 : [Inform] : 80 07 04 00 00 00 01 08 04 00 00 00 01 53 3B 7E 
22_Oct_2019 12:44:19 : [Inform] : check_modem_cmd()         : Recv command form mdas server to Modem , Byte : 1
22_Oct_2019 12:44:19 : [Inform] : proc_modem_cmd()          : Recvd Keep Alive cmd, sending back resp 
22_Oct_2019 12:44:24 : [Inform] : check_modem_cmd()         : Recv command form mdas server to Modem , Byte : 1
22_Oct_2019 12:44:24 : [Inform] : proc_modem_cmd()          : Recvd Keep Alive cmd, sending back resp 
22_Oct_2019 12:44:25 : [Inform] : proc_msg()                : -->>>Recvd Keep Alive cmd, sending back resp
22_Oct_2019 12:44:29 : [Inform] : proc_msg()                : Msg recv on socket Numbyte : 67
22_Oct_2019 12:44:29 : [Inform] : 7e a0 40 3 41 10 5f 93 e6 e6 0 60 32 a1 9 6 
22_Oct_2019 12:44:29 : [Inform] : 7 60 85 74 5 8 1 1 8a 2 7 80 8b 7 60 85 
22_Oct_2019 12:44:29 : [Inform] : 74 5 8 2 1 ac 6 80 4 6c 6e 74 31 be 10 4 
22_Oct_2019 12:44:29 : [Inform] : e 1 0 0 0 6 5f 1f 4 0 0 1e 1d ff ff 39 
22_Oct_2019 12:44:29 : [Inform] : 24 7e f 
22_Oct_2019 12:44:29 : [Inform] : proc_recv_tcp_msg()       : Last Byte Recvd Keep Alive cmd, sending back resp 
22_Oct_2019 12:44:29 : [Inform] : proc_recv_tcp_msg()       : I frame Qry IntfClass : 906 attribute : FFFF
22_Oct_2019 12:44:29 : [Inform] : proc_recv_tcp_msg()       : AARQ frame Qry
22_Oct_2019 12:44:29 : [Inform] : proc_recv_tcp_msg()       : AARQ frame Qry, Pass Len : 4 MeterPassLen : 8 MeterPass : 6C6E7431
22_Oct_2019 12:44:29 : [Inform] : send_aare_frame()         : Sending Aarq response, Len : 57
22_Oct_2019 12:44:29 : [Inform] : 7E A0 3A 41 03 11 25 C2 E6 E7 00 61 29 A1 09 06 
22_Oct_2019 12:44:29 : [Inform] : 07 60 85 74 05 08 01 01 A2 03 02 01 00 A3 05 A1 
22_Oct_2019 12:44:29 : [Inform] : 03 02 01 00 BE 10 04 0E 08 00 06 5F 1F 04 00 00 
22_Oct_2019 12:44:29 : [Inform] : 10 1C 04 00 00 07 06 94 7E 
22_Oct_2019 12:44:30 : [Inform] : check_modem_cmd()         : Recv command form mdas server to Modem , Byte : 1
22_Oct_2019 12:44:30 : [Inform] : proc_modem_cmd()          : Recvd Keep Alive cmd, sending back resp 
22_Oct_2019 12:44:34 : [Inform] : check_modem_cmd()         : Recv command form mdas server to Modem , Byte : 1
22_Oct_2019 12:44:34 : [Inform] : proc_modem_cmd()          : Recvd Keep Alive cmd, sending back resp 
22_Oct_2019 12:44:36 : [Inform] : proc_msg()                : -->>>Recvd Keep Alive cmd, sending back resp
22_Oct_2019 12:44:39 : [Inform] : proc_msg()                : Msg recv on socket Numbyte : 28
22_Oct_2019 12:44:39 : [Inform] : 7e a0 19 3 41 12 38 9c e6 e6 0 c0 1 81 0 1 
22_Oct_2019 12:44:39 : [Inform] : check_modem_cmd()         : Recv command form mdas server to Modem , Byte : 1
22_Oct_2019 12:44:39 : [Inform] : 0 0 60 1 0 ff 2 0 8c 6d 7e f 
22_Oct_2019 12:44:39 : [Inform] : proc_recv_tcp_msg()       : Last Byte Recvd Keep Alive cmd, sending back resp 
22_Oct_2019 12:44:39 : [Inform] : proc_modem_cmd()          : Recvd Keep Alive cmd, sending back resp 
22_Oct_2019 12:44:39 : [Inform] : proc_recv_tcp_msg()       : I frame Qry IntfClass : 1 attribute : 2
22_Oct_2019 12:44:39 : [Inform] : proc_recv_tcp_msg()       : I frame Name plate Info qry
22_Oct_2019 12:44:39 : [Inform] : send_name_plate_resp()    : Sending Name plate info response, Len : 32
22_Oct_2019 12:44:39 : [Inform] : 7E A0 1E 41 03 11 9A 3F E6 E7 00 C4 01 81 00 09 
22_Oct_2019 12:44:39 : [Inform] : 0C 4D 45 54 5F 53 49 4D 5F 33 38 20 20 95 80 7E 
22_Oct_2019 12:44:43 : [Inform] : proc_msg()                : -->>>Recvd Keep Alive cmd, sending back resp
22_Oct_2019 12:44:44 : [Inform] : check_modem_cmd()         : Recv command form mdas server to Modem , Byte : 1
22_Oct_2019 12:44:44 : [Inform] : proc_modem_cmd()          : Recvd Keep Alive cmd, sending back resp 
22_Oct_2019 12:44:47 : [Inform] : proc_msg()                : Msg recv on socket Numbyte : 27
22_Oct_2019 12:44:47 : [Inform] : 7e a0 19 3 41 14 e f9 e6 e6 0 c0 1 81 0 1 
22_Oct_2019 12:44:47 : [Inform] : 0 0 60 1 1 ff 2 0 37 71 7e 
22_Oct_2019 12:44:47 : [Inform] : proc_recv_tcp_msg()       : I frame Qry IntfClass : 1 attribute : 2
22_Oct_2019 12:44:47 : [Inform] : proc_recv_tcp_msg()       : I frame Name plate Info qry
22_Oct_2019 12:44:47 : [Inform] : send_name_plate_resp()    : Sending Name plate info response, Len : 23
22_Oct_2019 12:44:47 : [Inform] : 7E A0 15 41 03 11 8F FF E6 E7 00 C4 01 81 00 09 
22_Oct_2019 12:44:47 : [Inform] : 03 43 4D 53 58 EF 7E 
22_Oct_2019 12:44:49 : [Inform] : check_modem_cmd()         : Recv command form mdas server to Modem , Byte : 1
22_Oct_2019 12:44:49 : [Inform] : proc_modem_cmd()          : Recvd Keep Alive cmd, sending back resp 
22_Oct_2019 12:44:50 : [Inform] : proc_msg()                : -->>>Recvd Keep Alive cmd, sending back resp
22_Oct_2019 12:44:54 : [Inform] : proc_msg()                : Msg recv on socket Numbyte : 28
22_Oct_2019 12:44:54 : [Inform] : f 7e a0 19 3 41 16 1c da e6 e6 0 c0 1 81 0 
22_Oct_2019 12:44:54 : [Inform] : 1 1 0 0 2 0 ff 2 0 4e 76 7e 
22_Oct_2019 12:44:54 : [Inform] : proc_recv_tcp_msg()       : 1st byte Recvd Keep Alive cmd, sending back resp 
22_Oct_2019 12:44:54 : [Inform] : proc_recv_tcp_msg()       : I frame Qry IntfClass : 1 attribute : 2
22_Oct_2019 12:44:54 : [Inform] : proc_recv_tcp_msg()       : I frame Name plate Info qry
22_Oct_2019 12:44:54 : [Inform] : send_name_plate_resp()    : Sending Name plate info response, Len : 28
22_Oct_2019 12:44:54 : [Inform] : 7E A0 1A 41 03 11 76 4D E6 E7 00 C4 01 81 00 09 
22_Oct_2019 12:44:54 : [Inform] : 08 43 4D 53 31 39 2E 30 30 8E B1 7E 
22_Oct_2019 12:44:54 : [Inform] : check_modem_cmd()         : Recv command form mdas server to Modem , Byte : 1
22_Oct_2019 12:44:54 : [Inform] : proc_modem_cmd()          : Recvd Keep Alive cmd, sending back resp 
22_Oct_2019 12:44:59 : [Inform] : check_modem_cmd()         : Recv command form mdas server to Modem , Byte : 1
22_Oct_2019 12:44:59 : [Inform] : proc_modem_cmd()          : Recvd Keep Alive cmd, sending back resp 
22_Oct_2019 12:45:01 : [Inform] : proc_msg()                : -->>>Recvd Keep Alive cmd, sending back resp
22_Oct_2019 12:45:04 : [Inform] : proc_msg()                : Msg recv on socket Numbyte : 28
22_Oct_2019 12:45:04 : [Inform] : 7e a0 19 3 41 18 62 33 e6 e6 0 c0 1 81 0 1 
22_Oct_2019 12:45:04 : [Inform] : check_modem_cmd()         : Recv command form mdas server to Modem , Byte : 1
22_Oct_2019 12:45:04 : [Inform] : 0 0 5e 5b 9 ff 2 0 57 53 7e f 
22_Oct_2019 12:45:04 : [Inform] : proc_recv_tcp_msg()       : Last Byte Recvd Keep Alive cmd, sending back resp 
22_Oct_2019 12:45:04 : [Inform] : proc_modem_cmd()          : Recvd Keep Alive cmd, sending back resp 
22_Oct_2019 12:45:04 : [Inform] : proc_recv_tcp_msg()       : I frame Qry IntfClass : 1 attribute : 2
22_Oct_2019 12:45:04 : [Inform] : proc_recv_tcp_msg()       : I frame Name plate Info qry
22_Oct_2019 12:45:04 : [Inform] : send_name_plate_resp()    : Sending Name plate info response, Len : 20
22_Oct_2019 12:45:04 : [Inform] : 7E A0 12 41 03 11 AE A8 E6 E7 00 C4 01 81 00 11 
22_Oct_2019 12:45:04 : [Inform] : 02 BE 78 7E 
22_Oct_2019 12:45:08 : [Inform] : proc_msg()                : -->>>Recvd Keep Alive cmd, sending back resp
22_Oct_2019 12:45:09 : [Inform] : check_modem_cmd()         : Recv command form mdas server to Modem , Byte : 1
22_Oct_2019 12:45:09 : [Inform] : proc_modem_cmd()          : Recvd Keep Alive cmd, sending back resp 
22_Oct_2019 12:45:12 : [Inform] : proc_msg()                : Msg recv on socket Numbyte : 27
22_Oct_2019 12:45:12 : [Inform] : 7e a0 19 3 41 1a 70 10 e6 e6 0 c0 1 81 0 1 
22_Oct_2019 12:45:12 : [Inform] : 1 0 0 4 2 ff 2 0 a0 74 7e 
22_Oct_2019 12:45:12 : [Inform] : proc_recv_tcp_msg()       : I frame Qry IntfClass : 1 attribute : 2
22_Oct_2019 12:45:12 : [Inform] : proc_recv_tcp_msg()       : I frame Name plate Info qry
22_Oct_2019 12:45:12 : [Inform] : send_name_plate_resp()    : Sending Name plate info response, Len : 23
22_Oct_2019 12:45:12 : [Inform] : 7E A0 15 41 03 11 8F FF E6 E7 00 C4 01 81 00 17 
22_Oct_2019 12:45:12 : [Inform] : 3F 80 00 00 98 92 7E 
22_Oct_2019 12:45:14 : [Inform] : check_modem_cmd()         : Recv command form mdas server to Modem , Byte : 1
22_Oct_2019 12:45:14 : [Inform] : proc_modem_cmd()          : Recvd Keep Alive cmd, sending back resp 
22_Oct_2019 12:45:15 : [Inform] : proc_msg()                : -->>>Recvd Keep Alive cmd, sending back resp
22_Oct_2019 12:45:19 : [Inform] : proc_msg()                : Msg recv on socket Numbyte : 28
22_Oct_2019 12:45:19 : [Inform] : f 7e a0 19 3 41 1c 46 75 e6 e6 0 c0 1 81 0 
22_Oct_2019 12:45:19 : [Inform] : 1 1 0 0 4 3 ff 2 0 1b 68 7e 
22_Oct_2019 12:45:19 : [Inform] : proc_recv_tcp_msg()       : 1st byte Recvd Keep Alive cmd, sending back resp 
22_Oct_2019 12:45:19 : [Inform] : proc_recv_tcp_msg()       : I frame Qry IntfClass : 1 attribute : 2
22_Oct_2019 12:45:19 : [Inform] : proc_recv_tcp_msg()       : I frame Name plate Info qry
22_Oct_2019 12:45:19 : [Inform] : send_name_plate_resp()    : Sending Name plate info response, Len : 23
22_Oct_2019 12:45:19 : [Inform] : 7E A0 15 41 03 11 8F FF E6 E7 00 C4 01 81 00 17 
22_Oct_2019 12:45:19 : [Inform] : 3F 80 00 00 98 92 7E 
22_Oct_2019 12:45:19 : [Inform] : check_modem_cmd()         : Recv command form mdas server to Modem , Byte : 1
22_Oct_2019 12:45:19 : [Inform] : proc_modem_cmd()          : Recvd Keep Alive cmd, sending back resp 
22_Oct_2019 12:45:24 : [Inform] : check_modem_cmd()         : Recv command form mdas server to Modem , Byte : 1
22_Oct_2019 12:45:24 : [Inform] : proc_modem_cmd()          : Recvd Keep Alive cmd, sending back resp 
22_Oct_2019 12:45:25 : [Inform] : proc_msg()                : -->>>Recvd Keep Alive cmd, sending back resp
22_Oct_2019 12:45:29 : [Inform] : check_modem_cmd()         : Recv command form mdas server to Modem , Byte : 1
22_Oct_2019 12:45:29 : [Inform] : proc_modem_cmd()          : Recvd Keep Alive cmd, sending back resp 
22_Oct_2019 12:45:29 : [Inform] : proc_msg()                : Msg recv on socket Numbyte : 28
22_Oct_2019 12:45:29 : [Inform] : 7e a0 19 3 41 1e 54 56 e6 e6 0 c0 1 81 0 8 
22_Oct_2019 12:45:29 : [Inform] : 0 0 1 0 0 ff 2 0 65 d7 7e f 
22_Oct_2019 12:45:29 : [Inform] : proc_recv_tcp_msg()       : Last Byte Recvd Keep Alive cmd, sending back resp 
22_Oct_2019 12:45:29 : [Inform] : proc_recv_tcp_msg()       : I frame Qry IntfClass : 8 attribute : 2
22_Oct_2019 12:45:29 : [Inform] : proc_recv_tcp_msg()       : I frame date time qry
22_Oct_2019 12:45:29 : [Inform] : send_date_time_resp()     : Sending date time response, Len : 32
22_Oct_2019 12:45:29 : [Inform] : 7E A0 1E 41 03 11 9A 3F E6 E7 00 C4 01 81 00 09 
22_Oct_2019 12:45:29 : [Inform] : 0C 07 E3 0A 16 01 0C 2D 1D FF 01 4A 00 E0 D1 7E 
22_Oct_2019 12:45:33 : [Inform] : proc_msg()                : -->>>Recvd Keep Alive cmd, sending back resp
22_Oct_2019 12:45:34 : [Inform] : check_modem_cmd()         : Recv command form mdas server to Modem , Byte : 1
22_Oct_2019 12:45:34 : [Inform] : proc_modem_cmd()          : Recvd Keep Alive cmd, sending back resp 
22_Oct_2019 12:45:37 : [Inform] : proc_msg()                : Msg recv on socket Numbyte : 28
22_Oct_2019 12:45:37 : [Inform] : 7e a0 19 3 41 10 2a bf e6 e6 0 c0 1 81 0 7 
22_Oct_2019 12:45:37 : [Inform] : 0 0 63 62 0 ff 5 0 99 34 7e f 
22_Oct_2019 12:45:37 : [Inform] : proc_recv_tcp_msg()       : Last Byte Recvd Keep Alive cmd, sending back resp 
22_Oct_2019 12:45:37 : [Inform] : proc_recv_tcp_msg()       : I frame Qry IntfClass : 7 attribute : 5
22_Oct_2019 12:45:37 : [Inform] : proc_recv_tcp_msg()       : I frame Event entry data value qry
22_Oct_2019 12:45:37 : [Inform] : proc_event_rel_qry()      : Sending  Event order entry response, Len : 20
22_Oct_2019 12:45:37 : [Inform] : 7E A0 12 41 03 11 AE A8 E6 E7 00 C4 01 81 00 16 
22_Oct_2019 12:45:37 : [Inform] : 01 2D 07 7E 
22_Oct_2019 12:45:39 : [Inform] : check_modem_cmd()         : Recv command form mdas server to Modem , Byte : 1
22_Oct_2019 12:45:39 : [Inform] : proc_modem_cmd()          : Recvd Keep Alive cmd, sending back resp 
22_Oct_2019 12:45:44 : [Inform] : check_modem_cmd()         : Recv command form mdas server to Modem , Byte : 1
22_Oct_2019 12:45:44 : [Inform] : proc_modem_cmd()          : Recvd Keep Alive cmd, sending back resp 
22_Oct_2019 12:45:44 : [Inform] : proc_msg()                : -->>>Recvd Keep Alive cmd, sending back resp
22_Oct_2019 12:45:48 : [Inform] : proc_msg()                : -->>>Recvd Keep Alive cmd, sending back resp
22_Oct_2019 12:45:49 : [Inform] : check_modem_cmd()         : Recv command form mdas server to Modem , Byte : 1
22_Oct_2019 12:45:49 : [Inform] : proc_modem_cmd()          : Recvd Keep Alive cmd, sending back resp 
22_Oct_2019 12:45:54 : [Inform] : check_modem_cmd()         : Recv command form mdas server to Modem , Byte : 1
22_Oct_2019 12:45:54 : [Inform] : proc_modem_cmd()          : Recvd Keep Alive cmd, sending back resp 
22_Oct_2019 12:45:55 : [Inform] : proc_msg()                : -->>>Recvd Keep Alive cmd, sending back resp
22_Oct_2019 12:45:59 : [Inform] : proc_msg()                : -->>>Recvd Keep Alive cmd, sending back resp
22_Oct_2019 12:45:59 : [Inform] : check_modem_cmd()         : Recv command form mdas server to Modem , Byte : 1
22_Oct_2019 12:45:59 : [Inform] : proc_modem_cmd()          : Recvd Keep Alive cmd, sending back resp 
22_Oct_2019 12:46:03 : [Inform] : proc_msg()                : -->>>Recvd Keep Alive cmd, sending back resp
22_Oct_2019 12:46:04 : [Inform] : check_modem_cmd()         : Recv command form mdas server to Modem , Byte : 1
22_Oct_2019 12:46:04 : [Inform] : proc_modem_cmd()          : Recvd Keep Alive cmd, sending back resp 
22_Oct_2019 12:46:09 : [Inform] : check_modem_cmd()         : Recv command form mdas server to Modem , Byte : 1
22_Oct_2019 12:46:09 : [Inform] : proc_modem_cmd()          : Recvd Keep Alive cmd, sending back resp 
22_Oct_2019 12:46:10 : [Inform] : proc_msg()                : -->>>Recvd Keep Alive cmd, sending back resp
22_Oct_2019 12:46:14 : [Inform] : check_modem_cmd()         : Recv command form mdas server to Modem , Byte : 1
22_Oct_2019 12:46:14 : [Inform] : proc_modem_cmd()          : Recvd Keep Alive cmd, sending back resp 
22_Oct_2019 12:46:14 : [Inform] : proc_msg()                : -->>>Recvd Keep Alive cmd, sending back resp
22_Oct_2019 12:46:18 : [Inform] : proc_msg()                : -->>>Recvd Keep Alive cmd, sending back resp
22_Oct_2019 12:46:19 : [Inform] : check_modem_cmd()         : Recv command form mdas server to Modem , Byte : 1
22_Oct_2019 12:46:19 : [Inform] : proc_modem_cmd()          : Recvd Keep Alive cmd, sending back resp 
22_Oct_2019 12:46:24 : [Inform] : check_modem_cmd()         : Recv command form mdas server to Modem , Byte : 1
22_Oct_2019 12:46:24 : [Inform] : proc_modem_cmd()          : Recvd Keep Alive cmd, sending back resp 
22_Oct_2019 12:46:25 : [Inform] : proc_msg()                : -->>>Recvd Keep Alive cmd, sending back resp
22_Oct_2019 12:46:29 : [Inform] : proc_msg()                : -->>>Recvd Keep Alive cmd, sending back resp
22_Oct_2019 12:46:29 : [Inform] : check_modem_cmd()         : Recv command form mdas server to Modem , Byte : 1
22_Oct_2019 12:46:29 : [Inform] : proc_modem_cmd()          : Recvd Keep Alive cmd, sending back resp 
22_Oct_2019 12:46:33 : [Inform] : proc_msg()                : -->>>Recvd Keep Alive cmd, sending back resp
22_Oct_2019 12:46:34 : [Inform] : check_modem_cmd()         : Recv command form mdas server to Modem , Byte : 1
22_Oct_2019 12:46:34 : [Inform] : proc_modem_cmd()          : Recvd Keep Alive cmd, sending back resp 
22_Oct_2019 12:46:39 : [Inform] : check_modem_cmd()         : Recv command form mdas server to Modem , Byte : 1
22_Oct_2019 12:46:39 : [Inform] : proc_modem_cmd()          : Recvd Keep Alive cmd, sending back resp 
22_Oct_2019 12:46:39 : [Inform] : proc_modem_thread()       : Sending HC Message
22_Oct_2019 12:46:39 : [Inform] : send_modem_startup_msg()  : Send HC msg resp len : 492
22_Oct_2019 12:46:40 : [Inform] : proc_msg()                : -->>>Recvd Keep Alive cmd, sending back resp
22_Oct_2019 12:46:44 : [Inform] : check_modem_cmd()         : Recv command form mdas server to Modem , Byte : 1
22_Oct_2019 12:46:44 : [Inform] : proc_modem_cmd()          : Recvd Keep Alive cmd, sending back resp 
22_Oct_2019 12:46:44 : [Inform] : proc_msg()                : Msg recv on socket Numbyte : 28
22_Oct_2019 12:46:44 : [Inform] : 7e a0 19 3 41 12 38 9c e6 e6 0 c0 1 81 0 7 
22_Oct_2019 12:46:44 : [Inform] : 1 0 5e 5b 3 ff 3 0 81 b3 7e f 
22_Oct_2019 12:46:44 : [Inform] : proc_recv_tcp_msg()       : Last Byte Recvd Keep Alive cmd, sending back resp 
22_Oct_2019 12:46:44 : [Inform] : proc_recv_tcp_msg()       : I frame Qry IntfClass : 7 attribute : 3
22_Oct_2019 12:46:44 : [Inform] : proc_recv_tcp_msg()       : I frame  val Obis By Group qry
22_Oct_2019 12:46:44 : [Inform] : proc_all_scalar_obis_by_grp() : Sending Inst scaler obis by group info response, Len : 452
22_Oct_2019 12:46:44 : [Inform] : 7E A0 C2 41 03 11 D6 50 E6 E7 00 C4 01 81 00 01 
22_Oct_2019 12:46:44 : [Inform] : 18 02 04 12 00 03 09 06 01 00 1F 07 00 FF 0F 03 
22_Oct_2019 12:46:44 : [Inform] : 12 00 00 02 04 12 00 03 09 06 01 00 33 07 00 FF 
22_Oct_2019 12:46:44 : [Inform] : 0F 03 12 00 00 02 04 12 00 03 09 06 01 00 47 07 
22_Oct_2019 12:46:44 : [Inform] : 00 FF 0F 03 12 00 00 02 04 12 00 03 09 06 01 00 
22_Oct_2019 12:46:44 : [Inform] : 20 07 00 FF 0F 03 12 00 00 02 04 12 00 03 09 06 
22_Oct_2019 12:46:44 : [Inform] : 01 00 34 07 00 FF 0F 03 12 00 00 02 04 12 00 03 
22_Oct_2019 12:46:44 : [Inform] : 09 06 01 00 48 07 00 FF 0F 03 12 00 00 02 04 12 
22_Oct_2019 12:46:45 : [Inform] : 00 03 09 06 01 00 21 07 00 FF 0F 03 12 00 00 02 
22_Oct_2019 12:46:45 : [Inform] : 04 12 00 03 09 06 01 00 35 07 00 FF 0F 03 12 00 
22_Oct_2019 12:46:45 : [Inform] : 00 02 04 12 00 03 09 06 01 00 49 07 00 FF 0F 03 
22_Oct_2019 12:46:45 : [Inform] : 12 00 00 02 04 12 00 03 09 06 01 00 0D 07 00 FF 
22_Oct_2019 12:46:45 : [Inform] : 0F 03 12 00 00 02 04 12 00 03 09 06 01 00 0E 07 
22_Oct_2019 12:46:45 : [Inform] : 00 FF 0F 03 12 00 00 02 04 12 00 03 09 06 01 00 
22_Oct_2019 12:46:45 : [Inform] : 09 07 00 FF 0F 03 12 00 00 02 04 12 00 03 09 06 
22_Oct_2019 12:46:45 : [Inform] : 01 00 01 07 00 FF 0F 03 12 00 00 02 04 12 00 03 
22_Oct_2019 12:46:45 : [Inform] : 09 06 01 00 03 07 00 FF 0F 03 12 00 00 02 04 12 
22_Oct_2019 12:46:45 : [Inform] : 00 03 09 06 00 00 00 01 00 FF 0F 03 12 00 00 02 
22_Oct_2019 12:46:45 : [Inform] : 04 12 00 03 09 06 00 00 00 01 02 FF 0F 03 12 00 
22_Oct_2019 12:46:45 : [Inform] : 00 02 04 12 00 03 09 06 01 00 01 08 00 FF 0F 03 
22_Oct_2019 12:46:45 : [Inform] : 12 00 00 02 04 12 00 03 09 06 01 00 05 08 00 FF 
22_Oct_2019 12:46:45 : [Inform] : 0F 03 12 00 00 02 04 12 00 03 09 06 01 00 08 08 
22_Oct_2019 12:46:45 : [Inform] : 00 FF 0F 03 12 00 00 02 04 12 00 03 09 06 01 00 
22_Oct_2019 12:46:45 : [Inform] : 09 08 00 FF 0F 03 12 00 00 02 04 12 00 03 09 06 
22_Oct_2019 12:46:45 : [Inform] : 00 00 60 07 00 FF 0F 03 12 00 00 02 04 12 00 03 
22_Oct_2019 12:46:45 : [Inform] : 09 06 00 00 5E 5B 00 FF 0F 03 12 00 00 02 04 12 
22_Oct_2019 12:46:45 : [Inform] : 00 03 09 06 00 00 60 02 00 FF 0F 03 12 00 00 02 
22_Oct_2019 12:46:45 : [Inform] : 04 12 00 03 09 06 00 00 5E 5B 08 FF 0F 03 12 00 
22_Oct_2019 12:46:45 : [Inform] : 00 E7 B9 7E 
22_Oct_2019 12:46:48 : [Inform] : proc_msg()                : -->>>Recvd Keep Alive cmd, sending back resp
22_Oct_2019 12:46:49 : [Inform] : check_modem_cmd()         : Recv command form mdas server to Modem , Byte : 1
22_Oct_2019 12:46:49 : [Inform] : proc_modem_cmd()          : Recvd Keep Alive cmd, sending back resp 
22_Oct_2019 12:46:54 : [Inform] : check_modem_cmd()         : Recv command form mdas server to Modem , Byte : 1
22_Oct_2019 12:46:54 : [Inform] : proc_modem_cmd()          : Recvd Keep Alive cmd, sending back resp 
22_Oct_2019 12:46:55 : [Inform] : proc_msg()                : -->>>Recvd Keep Alive cmd, sending back resp
22_Oct_2019 12:46:59 : [Inform] : check_modem_cmd()         : Recv command form mdas server to Modem , Byte : 1
22_Oct_2019 12:46:59 : [Inform] : proc_msg()                : -->>>Recvd Keep Alive cmd, sending back resp
22_Oct_2019 12:46:59 : [Inform] : proc_modem_cmd()          : Recvd Keep Alive cmd, sending back resp 
22_Oct_2019 12:47:05 : [Inform] : check_modem_cmd()         : Recv command form mdas server to Modem , Byte : 1
22_Oct_2019 12:47:05 : [Inform] : proc_modem_cmd()          : Recvd Keep Alive cmd, sending back resp 
22_Oct_2019 12:47:09 : [Inform] : check_modem_cmd()         : Recv command form mdas server to Modem , Byte : 1
22_Oct_2019 12:47:09 : [Inform] : proc_modem_cmd()          : Recvd Keep Alive cmd, sending back resp 
22_Oct_2019 12:47:09 : [Inform] : proc_msg()                : Msg recv on socket Numbyte : 29
22_Oct_2019 12:47:09 : [Inform] : f 7e a0 19 3 41 14 e f9 e6 e6 0 c0 1 81 0 
22_Oct_2019 12:47:09 : [Inform] : 7 1 0 5e 5b 3 ff 2 0 59 aa 7e f 
22_Oct_2019 12:47:09 : [Inform] : proc_recv_tcp_msg()       : 1st byte Recvd Keep Alive cmd, sending back resp 
22_Oct_2019 12:47:09 : [Inform] : proc_recv_tcp_msg()       : I frame Qry IntfClass : 7 attribute : 2
22_Oct_2019 12:47:09 : [Inform] : proc_recv_tcp_msg()       : I frame  scalar Val By Group qry
22_Oct_2019 12:47:09 : [Inform] : proc_all_val_by_grp()     : Sending Inst scaler by group info response, Len : 172
22_Oct_2019 12:47:09 : [Inform] : 7E A0 AA 41 03 11 EA 2C E6 E7 00 C4 01 81 00 01 
22_Oct_2019 12:47:09 : [Inform] : 01 02 19 02 02 0F FC 16 1F 02 02 0F FC 16 1F 02 
22_Oct_2019 12:47:09 : [Inform] : 02 0F FC 16 1F 02 02 0F FC 16 1F 02 02 0F FC 16 
22_Oct_2019 12:47:09 : [Inform] : 1F 02 02 0F FC 16 1F 02 02 0F FC 16 1F 02 02 0F 
22_Oct_2019 12:47:09 : [Inform] : FC 16 1F 02 02 0F FC 16 1F 02 02 0F FC 16 1F 02 
22_Oct_2019 12:47:09 : [Inform] : 02 0F FC 16 1F 02 02 0F FC 16 1F 02 02 0F FC 16 
22_Oct_2019 12:47:09 : [Inform] : 1F 02 02 0F FC 16 1F 02 02 0F FC 16 1F 02 02 0F 
22_Oct_2019 12:47:09 : [Inform] : FC 16 1F 02 02 0F FC 16 1F 02 02 0F FC 16 1F 02 
22_Oct_2019 12:47:09 : [Inform] : 02 0F FC 16 1F 02 02 0F FC 16 1F 02 02 0F FC 16 
22_Oct_2019 12:47:10 : [Inform] : 1F 02 02 0F FC 16 1F 02 02 0F FC 16 1F 02 02 0F 
22_Oct_2019 12:47:10 : [Inform] : FC 16 1F 02 02 0F FC 16 1F 94 3C 7E 
22_Oct_2019 12:47:13 : [Inform] : proc_msg()                : -->>>Recvd Keep Alive cmd, sending back resp
22_Oct_2019 12:47:14 : [Inform] : check_modem_cmd()         : Recv command form mdas server to Modem , Byte : 1
22_Oct_2019 12:47:14 : [Inform] : proc_modem_cmd()          : Recvd Keep Alive cmd, sending back resp 
22_Oct_2019 12:47:19 : [Inform] : check_modem_cmd()         : Recv command form mdas server to Modem , Byte : 1
22_Oct_2019 12:47:19 : [Inform] : proc_modem_cmd()          : Recvd Keep Alive cmd, sending back resp 
22_Oct_2019 12:47:20 : [Inform] : proc_msg()                : -->>>Recvd Keep Alive cmd, sending back resp
22_Oct_2019 12:47:24 : [Inform] : check_modem_cmd()         : Recv command form mdas server to Modem , Byte : 1
22_Oct_2019 12:47:24 : [Inform] : proc_modem_cmd()          : Recvd Keep Alive cmd, sending back resp 
22_Oct_2019 12:47:24 : [Inform] : proc_msg()                : -->>>Recvd Keep Alive cmd, sending back resp
22_Oct_2019 12:47:28 : [Inform] : proc_msg()                : -->>>Recvd Keep Alive cmd, sending back resp
22_Oct_2019 12:47:29 : [Inform] : check_modem_cmd()         : Recv command form mdas server to Modem , Byte : 1
22_Oct_2019 12:47:29 : [Inform] : proc_modem_cmd()          : Recvd Keep Alive cmd, sending back resp 
22_Oct_2019 12:47:32 : [Inform] : proc_msg()                : Msg recv on socket Numbyte : 27
22_Oct_2019 12:47:32 : [Inform] : 7e a0 19 3 41 16 1c da e6 e6 0 c0 1 81 0 7 
22_Oct_2019 12:47:32 : [Inform] : 1 0 5e 5b 0 ff 3 0 4c 96 7e 
22_Oct_2019 12:47:32 : [Inform] : proc_recv_tcp_msg()       : I frame Qry IntfClass : 7 attribute : 3
22_Oct_2019 12:47:32 : [Inform] : proc_recv_tcp_msg()       : I frame  val Obis By Group qry
22_Oct_2019 12:47:32 : [Inform] : proc_all_scalar_obis_by_grp() : Sending Inst val obis by group info response, Len : 477
22_Oct_2019 12:47:32 : [Inform] : 7E A0 DB 41 03 11 14 6A E6 E7 00 C4 01 81 00 00 
22_Oct_2019 12:47:32 : [Inform] : 00 01 00 82 03 F2 01 19 02 04 12 00 08 09 06 00 
22_Oct_2019 12:47:32 : [Inform] : 00 01 00 00 FF 0F 02 12 00 00 02 04 12 00 03 09 
22_Oct_2019 12:47:32 : [Inform] : 06 01 00 1F 07 00 FF 0F 02 12 00 00 02 04 12 00 
22_Oct_2019 12:47:32 : [Inform] : 03 09 06 01 00 33 07 00 FF 0F 02 12 00 00 02 04 
22_Oct_2019 12:47:32 : [Inform] : 12 00 03 09 06 01 00 47 07 00 FF 0F 02 12 00 00 
22_Oct_2019 12:47:32 : [Inform] : 02 04 12 00 03 09 06 01 00 20 07 00 FF 0F 02 12 
22_Oct_2019 12:47:32 : [Inform] : 00 00 02 04 12 00 03 09 06 01 00 34 07 00 FF 0F 
22_Oct_2019 12:47:32 : [Inform] : 02 12 00 00 02 04 12 00 03 09 06 01 00 48 07 00 
22_Oct_2019 12:47:32 : [Inform] : FF 0F 02 12 00 00 02 04 12 00 03 09 06 01 00 21 
22_Oct_2019 12:47:32 : [Inform] : 07 00 FF 0F 02 12 00 00 02 04 12 00 03 09 06 01 
22_Oct_2019 12:47:32 : [Inform] : 00 35 07 00 FF 0F 02 12 00 00 02 04 12 00 03 09 
22_Oct_2019 12:47:32 : [Inform] : 06 01 00 49 07 00 FF 0F 02 12 00 00 02 04 12 00 
22_Oct_2019 12:47:32 : [Inform] : 03 09 06 01 00 0D 07 00 FF 0F 02 12 00 00 02 04 
22_Oct_2019 12:47:32 : [Inform] : 12 00 03 09 06 01 00 0E 07 00 FF 0F 02 12 00 00 
22_Oct_2019 12:47:32 : [Inform] : 02 04 12 00 03 09 06 01 00 09 07 00 FF 0F 02 12 
22_Oct_2019 12:47:32 : [Inform] : 00 00 02 04 12 00 03 09 06 01 00 01 07 00 FF 0F 
22_Oct_2019 12:47:32 : [Inform] : 02 12 00 00 02 04 12 00 03 09 06 01 00 03 07 00 
22_Oct_2019 12:47:32 : [Inform] : FF 0F 02 12 00 00 02 04 12 00 03 09 06 00 00 00 
22_Oct_2019 12:47:32 : [Inform] : 01 00 FF 0F 02 12 00 00 02 04 12 00 08 09 06 00 
22_Oct_2019 12:47:32 : [Inform] : 00 00 01 02 FF 0F 02 12 00 00 02 04 12 00 03 09 
22_Oct_2019 12:47:32 : [Inform] : 06 01 00 01 08 00 FF 0F 02 12 00 00 02 04 12 00 
22_Oct_2019 12:47:32 : [Inform] : 03 09 06 01 00 05 08 00 FF 0F 02 12 00 00 02 04 
22_Oct_2019 12:47:32 : [Inform] : 12 00 03 09 06 01 00 08 08 00 FF 0F 02 12 00 00 
22_Oct_2019 12:47:32 : [Inform] : 02 04 12 00 03 09 06 01 00 09 08 00 FF 0F 02 12 
22_Oct_2019 12:47:32 : [Inform] : 00 00 02 04 12 00 03 09 06 00 00 60 07 00 FF 0F 
22_Oct_2019 12:47:32 : [Inform] : 02 12 00 00 02 04 12 00 03 09 06 00 00 5E 5B 00 
22_Oct_2019 12:47:32 : [Inform] : FF 0F 02 12 00 00 02 04 12 00 03 09 06 00 00 60 
22_Oct_2019 12:47:32 : [Inform] : 02 00 FF 0F 02 12 00 00 02 04 12 00 03 09 06 00 
22_Oct_2019 12:47:32 : [Inform] : 00 5E 5B 08 FF 0F 02 12 00 00 67 E3 7E 
22_Oct_2019 12:47:34 : [Inform] : check_modem_cmd()         : Recv command form mdas server to Modem , Byte : 1
22_Oct_2019 12:47:34 : [Inform] : proc_modem_cmd()          : Recvd Keep Alive cmd, sending back resp 
22_Oct_2019 12:47:35 : [Inform] : proc_msg()                : -->>>Recvd Keep Alive cmd, sending back resp
22_Oct_2019 12:47:56 : [Inform] : check_modem_cmd()         : Recv command form mdas server to Modem , Byte : 1
22_Oct_2019 12:47:56 : [Inform] : proc_modem_cmd()          : Recvd Keep Alive cmd, sending back resp 
22_Oct_2019 12:47:56 : [Inform] : check_modem_cmd()         : Recv command form mdas server to Modem , Byte : 3
22_Oct_2019 12:47:56 : [Inform] : proc_modem_cmd()          : Recvd Keep Alive cmd, sending back resp 
22_Oct_2019 12:47:57 : [Inform] : proc_msg()                : Msg recv on socket Numbyte : 31
22_Oct_2019 12:47:57 : [Inform] : f f f f 7e a0 19 3 41 18 62 33 e6 e6 0 c0 
22_Oct_2019 12:47:57 : [Inform] : 1 81 0 7 1 0 5e 5b 0 ff 2 0 94 8f 7e 
22_Oct_2019 12:47:57 : [Inform] : proc_recv_tcp_msg()       : 1st byte Recvd Keep Alive cmd, sending back resp 
22_Oct_2019 12:47:57 : [Report] : proc_recv_tcp_msg()       : Invalid qry recv len less than 9.
22_Oct_2019 12:47:59 : [Inform] : check_modem_cmd()         : Recv command form mdas server to Modem , Byte : 1
22_Oct_2019 12:47:59 : [Inform] : proc_modem_cmd()          : Recvd Keep Alive cmd, sending back resp 
22_Oct_2019 12:48:00 : [Inform] : proc_msg()                : -->>>Recvd Keep Alive cmd, sending back resp
22_Oct_2019 12:48:04 : [Inform] : check_modem_cmd()         : Recv command form mdas server to Modem , Byte : 1
22_Oct_2019 12:48:04 : [Inform] : proc_msg()                : -->>>Recvd Keep Alive cmd, sending back resp
22_Oct_2019 12:48:04 : [Inform] : proc_modem_cmd()          : Recvd Keep Alive cmd, sending back resp 
22_Oct_2019 12:48:08 : [Inform] : proc_msg()                : -->>>Recvd Keep Alive cmd, sending back resp
22_Oct_2019 12:48:10 : [Inform] : check_modem_cmd()         : Recv command form mdas server to Modem , Byte : 1
22_Oct_2019 12:48:10 : [Inform] : proc_modem_cmd()          : Recvd Keep Alive cmd, sending back resp 
22_Oct_2019 12:48:14 : [Inform] : check_modem_cmd()         : Recv command form mdas server to Modem , Byte : 1
22_Oct_2019 12:48:14 : [Inform] : proc_modem_cmd()          : Recvd Keep Alive cmd, sending back resp 
22_Oct_2019 12:48:15 : [Inform] : proc_msg()                : -->>>Recvd Keep Alive cmd, sending back resp
22_Oct_2019 12:48:19 : [Inform] : proc_msg()                : -->>>Recvd Keep Alive cmd, sending back resp
22_Oct_2019 12:48:19 : [Inform] : check_modem_cmd()         : Recv command form mdas server to Modem , Byte : 1
22_Oct_2019 12:48:19 : [Inform] : proc_modem_cmd()          : Recvd Keep Alive cmd, sending back resp 
22_Oct_2019 12:48:23 : [Inform] : proc_msg()                : -->>>Recvd Keep Alive cmd, sending back resp
22_Oct_2019 12:48:24 : [Inform] : check_modem_cmd()         : Recv command form mdas server to Modem , Byte : 1
22_Oct_2019 12:48:25 : [Inform] : proc_modem_cmd()          : Recvd Keep Alive cmd, sending back resp 
22_Oct_2019 12:48:29 : [Inform] : check_modem_cmd()         : Recv command form mdas server to Modem , Byte : 1
22_Oct_2019 12:48:29 : [Inform] : proc_modem_cmd()          : Recvd Keep Alive cmd, sending back resp 
22_Oct_2019 12:48:30 : [Inform] : proc_msg()                : -->>>Recvd Keep Alive cmd, sending back resp
22_Oct_2019 12:48:34 : [Inform] : proc_msg()                : -->>>Recvd Keep Alive cmd, sending back resp
22_Oct_2019 12:48:34 : [Inform] : check_modem_cmd()         : Recv command form mdas server to Modem , Byte : 1
22_Oct_2019 12:48:34 : [Inform] : proc_modem_cmd()          : Recvd Keep Alive cmd, sending back resp 
22_Oct_2019 12:48:38 : [Inform] : proc_msg()                : -->>>Recvd Keep Alive cmd, sending back resp
22_Oct_2019 12:48:39 : [Inform] : check_modem_cmd()         : Recv command form mdas server to Modem , Byte : 1
22_Oct_2019 12:48:39 : [Inform] : proc_modem_cmd()          : Recvd Keep Alive cmd, sending back resp 
22_Oct_2019 12:48:44 : [Inform] : check_modem_cmd()         : Recv command form mdas server to Modem , Byte : 1
22_Oct_2019 12:48:44 : [Inform] : proc_modem_cmd()          : Recvd Keep Alive cmd, sending back resp 
22_Oct_2019 12:48:45 : [Inform] : proc_msg()                : Msg recv on socket Numbyte : 28
22_Oct_2019 12:48:45 : [Inform] : f 7e a0 19 3 41 18 62 33 e6 e6 0 c0 1 81 0 
22_Oct_2019 12:48:45 : [Inform] : 7 1 0 5e 5b 0 ff 2 0 94 8f 7e 
22_Oct_2019 12:48:45 : [Inform] : proc_recv_tcp_msg()       : 1st byte Recvd Keep Alive cmd, sending back resp 
22_Oct_2019 12:48:45 : [Inform] : proc_recv_tcp_msg()       : I frame Qry IntfClass : 7 attribute : 2
22_Oct_2019 12:48:45 : [Inform] : proc_recv_tcp_msg()       : I frame  scalar Val By Group qry
22_Oct_2019 12:48:46 : [Inform] : update_inst_val_table()   : Inst 1 row updated
22_Oct_2019 12:48:46 : [Inform] : proc_all_val_by_grp()     : Sending Inst val by group info response, Len : 165
22_Oct_2019 12:48:46 : [Inform] : 7E A0 A3 41 03 11 89 D5 E6 E7 00 C4 01 81 00 01 
22_Oct_2019 12:48:46 : [Inform] : 01 02 19 09 0C 07 E3 0A 16 01 0C 30 2E FF 01 4A 
22_Oct_2019 12:48:46 : [Inform] : 00 05 00 00 27 16 05 00 00 26 FD 05 00 00 27 0F 
22_Oct_2019 12:48:46 : [Inform] : 05 00 09 A7 50 05 00 09 A7 20 05 00 09 A7 46 05 
22_Oct_2019 12:48:46 : [Inform] : 00 00 27 10 05 00 00 27 0E 05 00 00 27 0A 05 00 
22_Oct_2019 12:48:46 : [Inform] : 00 27 06 05 00 07 A1 15 05 00 00 51 5F 05 00 00 
22_Oct_2019 12:48:46 : [Inform] : 57 19 05 00 00 4F E4 05 00 00 27 10 09 0C 07 E3 
22_Oct_2019 12:48:46 : [Inform] : 0A 01 01 00 00 00 FF 01 4A 00 05 00 00 27 74 05 
22_Oct_2019 12:48:46 : [Inform] : 00 00 27 74 05 00 00 27 74 05 00 00 27 74 05 00 
22_Oct_2019 12:48:46 : [Inform] : 00 C3 50 05 00 00 C3 50 05 00 00 C3 50 05 00 00 
22_Oct_2019 12:48:46 : [Inform] : C3 50 97 B1 7E 
22_Oct_2019 12:48:49 : [Inform] : proc_msg()                : -->>>Recvd Keep Alive cmd, sending back resp
22_Oct_2019 12:48:49 : [Inform] : check_modem_cmd()         : Recv command form mdas server to Modem , Byte : 1
22_Oct_2019 12:48:49 : [Inform] : proc_modem_cmd()          : Recvd Keep Alive cmd, sending back resp 
22_Oct_2019 12:48:53 : [Inform] : proc_msg()                : -->>>Recvd Keep Alive cmd, sending back resp
22_Oct_2019 12:48:54 : [Inform] : check_modem_cmd()         : Recv command form mdas server to Modem , Byte : 1
22_Oct_2019 12:48:54 : [Inform] : proc_modem_cmd()          : Recvd Keep Alive cmd, sending back resp 
22_Oct_2019 12:48:59 : [Inform] : check_modem_cmd()         : Recv command form mdas server to Modem , Byte : 1
22_Oct_2019 12:48:59 : [Inform] : proc_modem_cmd()          : Recvd Keep Alive cmd, sending back resp 
22_Oct_2019 12:49:00 : [Inform] : proc_msg()                : -->>>Recvd Keep Alive cmd, sending back resp
22_Oct_2019 12:49:04 : [Inform] : proc_msg()                : -->>>Recvd Keep Alive cmd, sending back resp
22_Oct_2019 12:49:04 : [Inform] : check_modem_cmd()         : Recv command form mdas server to Modem , Byte : 1
22_Oct_2019 12:49:04 : [Inform] : proc_modem_cmd()          : Recvd Keep Alive cmd, sending back resp 
22_Oct_2019 12:49:08 : [Inform] : proc_msg()                : Msg recv on socket Numbyte : 28
22_Oct_2019 12:49:08 : [Inform] : f 7e a0 19 3 41 1a 70 10 e6 e6 0 c0 1 81 0 
22_Oct_2019 12:49:08 : [Inform] : 7 1 0 5e 5b 4 ff 3 0 a0 e4 7e 
22_Oct_2019 12:49:08 : [Inform] : proc_recv_tcp_msg()       : 1st byte Recvd Keep Alive cmd, sending back resp 
22_Oct_2019 12:49:08 : [Inform] : proc_recv_tcp_msg()       : I frame Qry IntfClass : 7 attribute : 3
22_Oct_2019 12:49:08 : [Inform] : proc_recv_tcp_msg()       : I frame  val Obis By Group qry
22_Oct_2019 12:49:08 : [Inform] : proc_all_scalar_obis_by_grp() : Sending block scaler obis by group info response, Len : 254
22_Oct_2019 12:49:08 : [Inform] : 7E A0 FC 41 03 11 66 B2 E6 E7 00 C4 01 81 00 01 
22_Oct_2019 12:49:08 : [Inform] : 0D 02 04 12 00 03 09 06 01 00 1F 1B 00 FF 0F 02 
22_Oct_2019 12:49:08 : [Inform] : 12 00 00 02 04 12 00 03 09 06 01 00 33 1B 00 FF 
22_Oct_2019 12:49:08 : [Inform] : 0F 02 12 00 00 02 04 12 00 03 09 06 01 00 47 1B 
22_Oct_2019 12:49:08 : [Inform] : 00 FF 0F 02 12 00 00 02 04 12 00 03 09 06 01 00 
22_Oct_2019 12:49:08 : [Inform] : 20 1B 00 FF 0F 02 12 00 00 02 04 12 00 03 09 06 
22_Oct_2019 12:49:08 : [Inform] : 01 00 34 1B 00 FF 0F 02 12 00 00 02 04 12 00 03 
22_Oct_2019 12:49:08 : [Inform] : 09 06 01 00 48 1B 00 FF 0F 02 12 00 00 02 04 12 
22_Oct_2019 12:49:08 : [Inform] : 00 03 09 06 01 00 0E 1B 00 FF 0F 02 12 00 00 02 
22_Oct_2019 12:49:08 : [Inform] : 04 12 00 03 09 06 01 00 02 1D 00 FF 0F 02 12 00 
22_Oct_2019 12:49:08 : [Inform] : 00 02 04 12 00 03 09 06 01 00 01 1D 00 FF 0F 02 
22_Oct_2019 12:49:08 : [Inform] : 12 00 00 02 04 12 00 03 09 06 01 00 05 1D 00 FF 
22_Oct_2019 12:49:08 : [Inform] : 0F 02 12 00 00 02 04 12 00 03 09 06 01 00 08 1D 
22_Oct_2019 12:49:08 : [Inform] : 00 FF 0F 02 12 00 00 02 04 12 00 03 09 06 01 00 
22_Oct_2019 12:49:08 : [Inform] : 0A 1D 00 FF 0F 02 12 00 00 02 04 12 00 03 09 06 
22_Oct_2019 12:49:08 : [Inform] : 01 00 09 1D 00 FF 0F 02 12 00 00 94 91 7E 
22_Oct_2019 12:49:09 : [Inform] : check_modem_cmd()         : Recv command form mdas server to Modem , Byte : 1
22_Oct_2019 12:49:09 : [Inform] : proc_modem_cmd()          : Recvd Keep Alive cmd, sending back resp 
22_Oct_2019 12:49:14 : [Inform] : check_modem_cmd()         : Recv command form mdas server to Modem , Byte : 1
22_Oct_2019 12:49:14 : [Inform] : proc_modem_cmd()          : Recvd Keep Alive cmd, sending back resp 
22_Oct_2019 12:49:15 : [Inform] : proc_msg()                : -->>>Recvd Keep Alive cmd, sending back resp
22_Oct_2019 12:49:19 : [Inform] : proc_msg()                : Msg recv on socket Numbyte : 28
22_Oct_2019 12:49:19 : [Inform] : 7e a0 19 3 41 1c 46 75 e6 e6 0 c0 1 81 0 7 
22_Oct_2019 12:49:19 : [Inform] : check_modem_cmd()         : Recv command form mdas server to Modem , Byte : 1
22_Oct_2019 12:49:19 : [Inform] : 1 0 5e 5b 4 ff 2 0 78 fd 7e f 
22_Oct_2019 12:49:19 : [Inform] : proc_recv_tcp_msg()       : Last Byte Recvd Keep Alive cmd, sending back resp 
22_Oct_2019 12:49:19 : [Inform] : proc_modem_cmd()          : Recvd Keep Alive cmd, sending back resp 
22_Oct_2019 12:49:19 : [Inform] : proc_recv_tcp_msg()       : I frame Qry IntfClass : 7 attribute : 2
22_Oct_2019 12:49:19 : [Inform] : proc_recv_tcp_msg()       : I frame  scalar Val By Group qry
22_Oct_2019 12:49:19 : [Inform] : proc_all_val_by_grp()     : Sending block scaler val by group info response, Len : 106
22_Oct_2019 12:49:19 : [Inform] : 7E A0 68 41 03 11 45 2E E6 E7 00 C4 01 81 00 01 
22_Oct_2019 12:49:19 : [Inform] : 01 02 0E 02 02 0F FC 16 1F 02 02 0F FC 16 1F 02 
22_Oct_2019 12:49:19 : [Inform] : 02 0F FC 16 1F 02 02 0F FC 16 1F 02 02 0F FC 16 
22_Oct_2019 12:49:19 : [Inform] : 1F 02 02 0F FC 16 1F 02 02 0F FC 16 1F 02 02 0F 
22_Oct_2019 12:49:19 : [Inform] : FC 16 1F 02 02 0F FC 16 1F 02 02 0F FC 16 1F 02 
22_Oct_2019 12:49:19 : [Inform] : 02 0F FC 16 1F 02 02 0F FC 16 1F 02 02 0F FC 16 
22_Oct_2019 12:49:19 : [Inform] : 1F 02 02 0F FC 16 1F 0F B9 7E 
22_Oct_2019 12:49:23 : [Inform] : proc_msg()                : -->>>Recvd Keep Alive cmd, sending back resp
22_Oct_2019 12:49:24 : [Inform] : check_modem_cmd()         : Recv command form mdas server to Modem , Byte : 1
22_Oct_2019 12:49:24 : [Inform] : proc_modem_cmd()          : Recvd Keep Alive cmd, sending back resp 
22_Oct_2019 12:49:29 : [Inform] : check_modem_cmd()         : Recv command form mdas server to Modem , Byte : 1
22_Oct_2019 12:49:29 : [Inform] : proc_modem_cmd()          : Recvd Keep Alive cmd, sending back resp 
22_Oct_2019 12:49:30 : [Inform] : proc_msg()                : -->>>Recvd Keep Alive cmd, sending back resp
22_Oct_2019 12:49:34 : [Inform] : proc_msg()                : -->>>Recvd Keep Alive cmd, sending back resp
22_Oct_2019 12:49:34 : [Inform] : check_modem_cmd()         : Recv command form mdas server to Modem , Byte : 1
22_Oct_2019 12:49:34 : [Inform] : proc_modem_cmd()          : Recvd Keep Alive cmd, sending back resp 
22_Oct_2019 12:49:38 : [Inform] : proc_msg()                : -->>>Recvd Keep Alive cmd, sending back resp
22_Oct_2019 12:49:39 : [Inform] : check_modem_cmd()         : Recv command form mdas server to Modem , Byte : 1
22_Oct_2019 12:49:39 : [Inform] : proc_modem_cmd()          : Recvd Keep Alive cmd, sending back resp 
22_Oct_2019 12:49:42 : [Inform] : proc_msg()                : Msg recv on socket Numbyte : 27
22_Oct_2019 12:49:42 : [Inform] : 7e a0 19 3 41 1e 54 56 e6 e6 0 c0 1 81 0 7 
22_Oct_2019 12:49:42 : [Inform] : 1 0 63 1 0 ff 3 0 89 5d 7e 
22_Oct_2019 12:49:42 : [Inform] : proc_recv_tcp_msg()       : I frame Qry IntfClass : 7 attribute : 3
22_Oct_2019 12:49:42 : [Inform] : proc_recv_tcp_msg()       : I frame  val Obis By Group qry
22_Oct_2019 12:49:42 : [Inform] : proc_all_scalar_obis_by_grp() : Sending block val obis by group info response, Len : 272
22_Oct_2019 12:49:42 : [Inform] : 7E A0 0E 41 03 11 3B FC E6 E7 00 C4 01 81 00 01 
22_Oct_2019 12:49:42 : [Inform] : 0E 02 04 12 00 08 09 06 00 00 01 00 00 FF 0F 02 
22_Oct_2019 12:49:42 : [Inform] : 12 00 00 02 04 12 00 03 09 06 01 00 1F 1B 00 FF 
22_Oct_2019 12:49:42 : [Inform] : 0F 02 12 00 00 02 04 12 00 03 09 06 01 00 33 1B 
22_Oct_2019 12:49:42 : [Inform] : 00 FF 0F 02 12 00 00 02 04 12 00 03 09 06 01 00 
22_Oct_2019 12:49:42 : [Inform] : 47 1B 00 FF 0F 02 12 00 00 02 04 12 00 03 09 06 
22_Oct_2019 12:49:42 : [Inform] : 01 00 20 1B 00 FF 0F 02 12 00 00 02 04 12 00 03 
22_Oct_2019 12:49:42 : [Inform] : 09 06 01 00 34 1B 00 FF 0F 02 12 00 00 02 04 12 
22_Oct_2019 12:49:42 : [Inform] : 00 03 09 06 01 00 48 1B 00 FF 0F 02 12 00 00 02 
22_Oct_2019 12:49:42 : [Inform] : 04 12 00 03 09 06 01 00 0E 1B 00 FF 0F 02 12 00 
22_Oct_2019 12:49:42 : [Inform] : 00 02 04 12 00 03 09 06 01 00 02 1D 00 FF 0F 02 
22_Oct_2019 12:49:42 : [Inform] : 12 00 00 02 04 12 00 03 09 06 01 00 01 1D 00 FF 
22_Oct_2019 12:49:42 : [Inform] : 0F 02 12 00 00 02 04 12 00 03 09 06 01 00 05 1D 
22_Oct_2019 12:49:42 : [Inform] : 00 FF 0F 02 12 00 00 02 04 12 00 03 09 06 01 00 
22_Oct_2019 12:49:42 : [Inform] : 08 1D 00 FF 0F 02 12 00 00 02 04 12 00 03 09 06 
22_Oct_2019 12:49:42 : [Inform] : 01 00 0A 1D 00 FF 0F 02 12 00 00 02 04 12 00 03 
22_Oct_2019 12:49:42 : [Inform] : 09 06 01 00 09 1D 00 FF 0F 02 12 00 00 A4 6F 7E 
22_Oct_2019 12:49:43 : [Inform] : proc_modem_thread()       : Sending HC Message
22_Oct_2019 12:49:43 : [Inform] : send_modem_startup_msg()  : Send HC msg resp len : 492
22_Oct_2019 12:49:44 : [Inform] : check_modem_cmd()         : Recv command form mdas server to Modem , Byte : 1
22_Oct_2019 12:49:44 : [Inform] : proc_modem_cmd()          : Recvd Keep Alive cmd, sending back resp 
22_Oct_2019 12:49:45 : [Inform] : proc_msg()                : -->>>Recvd Keep Alive cmd, sending back resp
22_Oct_2019 12:49:49 : [Inform] : check_modem_cmd()         : Recv command form mdas server to Modem , Byte : 1
22_Oct_2019 12:49:49 : [Inform] : proc_msg()                : -->>>Recvd Keep Alive cmd, sending back resp
22_Oct_2019 12:49:49 : [Inform] : proc_modem_cmd()          : Recvd Keep Alive cmd, sending back resp 
22_Oct_2019 12:49:53 : [Inform] : proc_msg()                : -->>>Recvd Keep Alive cmd, sending back resp
22_Oct_2019 12:49:54 : [Inform] : check_modem_cmd()         : Recv command form mdas server to Modem , Byte : 1
22_Oct_2019 12:49:54 : [Inform] : proc_modem_cmd()          : Recvd Keep Alive cmd, sending back resp 
22_Oct_2019 12:49:59 : [Inform] : check_modem_cmd()         : Recv command form mdas server to Modem , Byte : 1
22_Oct_2019 12:50:00 : [Inform] : proc_modem_cmd()          : Recvd Keep Alive cmd, sending back resp 
22_Oct_2019 12:50:00 : [Inform] : proc_msg()                : -->>>Recvd Keep Alive cmd, sending back resp
22_Oct_2019 12:50:04 : [Inform] : proc_msg()                : -->>>Recvd Keep Alive cmd, sending back resp
22_Oct_2019 12:50:04 : [Inform] : check_modem_cmd()         : Recv command form mdas server to Modem , Byte : 1
22_Oct_2019 12:50:04 : [Inform] : proc_modem_cmd()          : Recvd Keep Alive cmd, sending back resp 
22_Oct_2019 12:50:08 : [Inform] : proc_msg()                : Msg recv on socket Numbyte : 79
22_Oct_2019 12:50:08 : [Inform] : 7e a0 4c 3 41 10 6b 4 e6 e6 0 c0 1 c1 0 7 
22_Oct_2019 12:50:08 : [Inform] : 1 0 63 1 0 ff 2 1 1 2 4 2 4 12 0 8 
22_Oct_2019 12:50:08 : [Inform] : 9 6 0 0 1 0 0 ff f 2 12 0 0 9 c 7 
22_Oct_2019 12:50:08 : [Inform] : e3 a 13 ff 7 0 0 ff fe b6 0 9 c 7 e3 a 
22_Oct_2019 12:50:08 : [Inform] : 16 ff c 32 0 ff fe b6 0 1 0 8e 6 7e f 
22_Oct_2019 12:50:08 : [Inform] : proc_recv_tcp_msg()       : Last Byte Recvd Keep Alive cmd, sending back resp 
22_Oct_2019 12:50:08 : [Inform] : proc_recv_tcp_msg()       : I frame Qry IntfClass : 7 attribute : 1
22_Oct_2019 12:50:08 : [Inform] : proc_recv_tcp_msg()       : I frame Load survey data value qry
22_Oct_2019 12:50:08 : [Inform] : proc_ls_data_block()      : recvd Block data qry, St dt : 2019-10-19 07:00 end dt : 2019-10-22 12:50 NumBlock : 312
22_Oct_2019 12:50:08 : [Inform] : fill_ls_data()            : Sending  LS blk_dx : 312 block data for date time : 10_19_2019 07:00
22_Oct_2019 12:50:09 : [Inform] : update_ls_table()         : Load survey 1 row updated
22_Oct_2019 12:50:09 : [Inform] : fill_ls_data()            : Sending  LS blk_dx : 311 block data for date time : 10_19_2019 07:15
22_Oct_2019 12:50:09 : [Inform] : update_ls_table()         : Load survey 1 row updated
22_Oct_2019 12:50:09 : [Inform] : fill_ls_data()            : Sending  LS blk_dx : 310 block data for date time : 10_19_2019 07:30
22_Oct_2019 12:50:09 : [Inform] : update_ls_table()         : Load survey 1 row updated
22_Oct_2019 12:50:09 : [Inform] : fill_ls_data()            : Sending  LS blk_dx : 309 block data for date time : 10_19_2019 07:45
22_Oct_2019 12:50:09 : [Inform] : check_modem_cmd()         : Recv command form mdas server to Modem , Byte : 1
22_Oct_2019 12:50:09 : [Inform] : proc_modem_cmd()          : Recvd Keep Alive cmd, sending back resp 
22_Oct_2019 12:50:10 : [Inform] : update_ls_table()         : Load survey 1 row updated
22_Oct_2019 12:50:10 : [Inform] : send_blk_data_resp()      : Sending  LS blk_dx : 308 block data for date time : 10_19_2019 07:60value response, Len : 352
22_Oct_2019 12:50:10 : [Inform] : 7E A0 5E 41 03 11 2D 29 E6 E7 00 C4 02 81 00 00 
22_Oct_2019 12:50:10 : [Inform] : 00 00 01 00 82 03 BC 01 FF 02 0E 09 0C 07 E3 0A 
22_Oct_2019 12:50:10 : [Inform] : 13 01 07 00 00 FF FF 4A 00 05 00 00 26 FC 05 00 
22_Oct_2019 12:50:10 : [Inform] : 00 27 74 05 00 00 26 FB 05 00 09 A9 E1 05 00 09 
22_Oct_2019 12:50:10 : [Inform] : B0 4E 05 00 09 B0 78 05 00 07 A0 CD 05 00 00 5D 
22_Oct_2019 12:50:10 : [Inform] : 6D 05 00 00 51 E1 05 00 00 55 0B 05 00 00 5C 19 
22_Oct_2019 12:50:10 : [Inform] : 05 00 00 60 92 05 00 00 52 C6 02 0E 09 0C 07 E3 
22_Oct_2019 12:50:10 : [Inform] : 0A 13 01 07 0F 00 FF FF 4A 00 05 00 00 27 24 05 
22_Oct_2019 12:50:10 : [Inform] : 00 00 27 12 05 00 00 27 03 05 00 09 A1 9A 05 00 
22_Oct_2019 12:50:10 : [Inform] : 09 B0 07 05 00 09 A8 53 05 00 07 A0 BD 05 00 00 
22_Oct_2019 12:50:10 : [Inform] : 54 BE 05 00 00 5B A1 05 00 00 57 BB 05 00 00 5A 
22_Oct_2019 12:50:10 : [Inform] : 03 05 00 00 52 93 05 00 00 51 85 02 0E 09 0C 07 
22_Oct_2019 12:50:10 : [Inform] : E3 0A 13 01 07 1E 00 FF FF 4A 00 05 00 00 27 5E 
22_Oct_2019 12:50:10 : [Inform] : 05 00 00 27 6C 05 00 00 27 41 05 00 09 A9 F5 05 
22_Oct_2019 12:50:10 : [Inform] : 00 09 AF FE 05 00 09 A3 7B 05 00 07 A0 C8 05 00 
22_Oct_2019 12:50:10 : [Inform] : 00 55 38 05 00 00 5B 0C 05 00 00 5C 50 05 00 00 
22_Oct_2019 12:50:10 : [Inform] : 5D 21 05 00 00 5C 35 05 00 00 56 CF 02 0E 09 0C 
22_Oct_2019 12:50:10 : [Inform] : 07 E3 0A 13 01 07 2D 00 FF FF 4A 00 05 00 00 27 
22_Oct_2019 12:50:10 : [Inform] : 5C 05 00 00 27 4E 05 00 00 26 AD 05 00 09 A6 54 
22_Oct_2019 12:50:10 : [Inform] : 05 00 09 A8 C2 05 00 09 AD BD 05 00 07 A0 ED 05 
22_Oct_2019 12:50:10 : [Inform] : 00 00 57 D0 05 00 00 57 90 05 00 00 4E 4E 05 00 
22_Oct_2019 12:50:10 : [Inform] : 00 58 03 05 00 00 57 0E 05 00 00 5D 58 18 C3 7E 
22_Oct_2019 12:50:13 : [Inform] : proc_msg()                : -->>>Recvd Keep Alive cmd, sending back resp
22_Oct_2019 12:50:14 : [Inform] : check_modem_cmd()         : Recv command form mdas server to Modem , Byte : 1
22_Oct_2019 12:50:14 : [Inform] : proc_modem_cmd()          : Recvd Keep Alive cmd, sending back resp 
22_Oct_2019 12:50:19 : [Inform] : check_modem_cmd()         : Recv command form mdas server to Modem , Byte : 1
22_Oct_2019 12:50:20 : [Inform] : proc_modem_cmd()          : Recvd Keep Alive cmd, sending back resp 
22_Oct_2019 12:50:20 : [Inform] : proc_msg()                : -->>>Recvd Keep Alive cmd, sending back resp
22_Oct_2019 12:50:24 : [Inform] : proc_msg()                : -->>>Recvd Keep Alive cmd, sending back resp
22_Oct_2019 12:50:24 : [Inform] : check_modem_cmd()         : Recv command form mdas server to Modem , Byte : 1
22_Oct_2019 12:50:24 : [Inform] : proc_modem_cmd()          : Recvd Keep Alive cmd, sending back resp 
22_Oct_2019 12:50:28 : [Inform] : proc_msg()                : -->>>Recvd Keep Alive cmd, sending back resp
22_Oct_2019 12:50:29 : [Inform] : check_modem_cmd()         : Recv command form mdas server to Modem , Byte : 1
22_Oct_2019 12:50:29 : [Inform] : proc_modem_cmd()          : Recvd Keep Alive cmd, sending back resp 
22_Oct_2019 12:50:34 : [Inform] : check_modem_cmd()         : Recv command form mdas server to Modem , Byte : 1
22_Oct_2019 12:50:34 : [Inform] : proc_modem_cmd()          : Recvd Keep Alive cmd, sending back resp 
22_Oct_2019 12:50:35 : [Inform] : proc_msg()                : -->>>Recvd Keep Alive cmd, sending back resp
22_Oct_2019 12:50:39 : [Inform] : proc_msg()                : -->>>Recvd Keep Alive cmd, sending back resp
22_Oct_2019 12:50:39 : [Inform] : check_modem_cmd()         : Recv command form mdas server to Modem , Byte : 1
22_Oct_2019 12:50:39 : [Inform] : proc_modem_cmd()          : Recvd Keep Alive cmd, sending back resp 
22_Oct_2019 12:50:43 : [Inform] : proc_msg()                : -->>>Recvd Keep Alive cmd, sending back resp
22_Oct_2019 12:50:44 : [Inform] : check_modem_cmd()         : Recv command form mdas server to Modem , Byte : 1
22_Oct_2019 12:50:44 : [Inform] : proc_modem_cmd()          : Recvd Keep Alive cmd, sending back resp 
22_Oct_2019 12:50:49 : [Inform] : check_modem_cmd()         : Recv command form mdas server to Modem , Byte : 1
22_Oct_2019 12:50:49 : [Inform] : proc_modem_cmd()          : Recvd Keep Alive cmd, sending back resp 
22_Oct_2019 12:50:50 : [Inform] : proc_msg()                : Msg recv on socket Numbyte : 22
22_Oct_2019 12:50:50 : [Inform] : 7e a0 13 3 41 12 96 40 e6 e6 0 c0 2 81 0 0 
22_Oct_2019 12:50:50 : [Inform] : 0 1 73 7f 7e f 
22_Oct_2019 12:50:50 : [Inform] : proc_recv_tcp_msg()       : Last Byte Recvd Keep Alive cmd, sending back resp 
22_Oct_2019 12:50:51 : [Inform] : fill_ls_data()            : Sending  LS blk_dx : 308 block data for date time : 10_19_2019 07:60
22_Oct_2019 12:50:51 : [Inform] : update_ls_table()         : Load survey 1 row updated
22_Oct_2019 12:50:51 : [Inform] : fill_ls_data()            : Sending  LS blk_dx : 307 block data for date time : 10_19_2019 08:15
22_Oct_2019 12:50:51 : [Inform] : update_ls_table()         : Load survey 1 row updated
22_Oct_2019 12:50:51 : [Inform] : fill_ls_data()            : Sending  LS blk_dx : 306 block data for date time : 10_19_2019 08:30
22_Oct_2019 12:50:51 : [Inform] : update_ls_table()         : Load survey 1 row updated
22_Oct_2019 12:50:51 : [Inform] : fill_ls_data()            : Sending  LS blk_dx : 305 block data for date time : 10_19_2019 08:45
22_Oct_2019 12:50:52 : [Inform] : update_ls_table()         : Load survey 1 row updated
22_Oct_2019 12:50:52 : [Inform] : send_blk_data_resp()      : Sending  LS blk_dx : 304 block data for date time : 10_19_2019 08:60value response, Len : 350
22_Oct_2019 12:50:52 : [Inform] : 7E A0 5C 41 03 11 5B 10 E6 E7 00 C4 02 81 00 00 
22_Oct_2019 12:50:52 : [Inform] : 00 00 02 00 82 03 BC 02 0E 09 0C 07 E3 0A 13 01 
22_Oct_2019 12:50:52 : [Inform] : 08 00 00 FF FF 4A 00 05 00 00 27 6C 05 00 00 27 
22_Oct_2019 12:50:52 : [Inform] : 25 05 00 00 26 F1 05 00 09 A8 8E 05 00 09 9F 38 
22_Oct_2019 12:50:52 : [Inform] : 05 00 09 B0 4A 05 00 07 A0 EA 05 00 00 60 62 05 
22_Oct_2019 12:50:52 : [Inform] : 00 00 5F 51 05 00 00 5F 05 05 00 00 55 90 05 00 
22_Oct_2019 12:50:52 : [Inform] : 00 50 69 05 00 00 52 C1 02 0E 09 0C 07 E3 0A 13 
22_Oct_2019 12:50:52 : [Inform] : 01 08 0F 00 FF FF 4A 00 05 00 00 26 E3 05 00 00 
22_Oct_2019 12:50:52 : [Inform] : 27 47 05 00 00 27 5E 05 00 09 A1 AC 05 00 09 A9 
22_Oct_2019 12:50:52 : [Inform] : A7 05 00 09 9E 6B 05 00 07 A0 F0 05 00 00 58 0A 
22_Oct_2019 12:50:52 : [Inform] : 05 00 00 58 F9 05 00 00 5A EB 05 00 00 57 22 05 
22_Oct_2019 12:50:52 : [Inform] : 00 00 54 05 05 00 00 55 2E 02 0E 09 0C 07 E3 0A 
22_Oct_2019 12:50:52 : [Inform] : 13 01 08 1E 00 FF FF 4A 00 05 00 00 27 4F 05 00 
22_Oct_2019 12:50:52 : [Inform] : 00 27 50 05 00 00 26 DC 05 00 09 9E 05 05 00 09 
22_Oct_2019 12:50:52 : [Inform] : AB 9C 05 00 09 A2 53 05 00 07 A1 17 05 00 00 61 
22_Oct_2019 12:50:52 : [Inform] : 97 05 00 00 5A 77 05 00 00 5A DD 05 00 00 5D 45 
22_Oct_2019 12:50:52 : [Inform] : 05 00 00 57 63 05 00 00 5A 0A 02 0E 09 0C 07 E3 
22_Oct_2019 12:50:52 : [Inform] : 0A 13 01 08 2D 00 FF FF 4A 00 05 00 00 27 73 05 
22_Oct_2019 12:50:52 : [Inform] : 00 00 26 CA 05 00 00 26 D1 05 00 09 9D C4 05 00 
22_Oct_2019 12:50:52 : [Inform] : 09 A6 31 05 00 09 AE 5B 05 00 07 A0 DD 05 00 00 
22_Oct_2019 12:50:52 : [Inform] : 55 46 05 00 00 55 05 05 00 00 5D 69 05 00 00 5B 
22_Oct_2019 12:50:52 : [Inform] : 7A 05 00 00 5E 4E 05 00 00 5E D1 05 ED 7E 
22_Oct_2019 12:50:52 : [Inform] : proc_recv_tcp_msg()       : Recv GetNextReqst. Sent Resp for Load survey Block data
22_Oct_2019 12:50:54 : [Inform] : check_modem_cmd()         : Recv command form mdas server to Modem , Byte : 1
22_Oct_2019 12:50:54 : [Inform] : proc_modem_cmd()          : Recvd Keep Alive cmd, sending back resp 
22_Oct_2019 12:50:55 : [Inform] : proc_msg()                : -->>>Recvd Keep Alive cmd, sending back resp
22_Oct_2019 12:50:59 : [Inform] : proc_msg()                : -->>>Recvd Keep Alive cmd, sending back resp
22_Oct_2019 12:50:59 : [Inform] : check_modem_cmd()         : Recv command form mdas server to Modem , Byte : 1
22_Oct_2019 12:50:59 : [Inform] : proc_modem_cmd()          : Recvd Keep Alive cmd, sending back resp 
22_Oct_2019 12:51:03 : [Inform] : proc_msg()                : -->>>Recvd Keep Alive cmd, sending back resp
22_Oct_2019 12:51:04 : [Inform] : check_modem_cmd()         : Recv command form mdas server to Modem , Byte : 1
22_Oct_2019 12:51:04 : [Inform] : proc_modem_cmd()          : Recvd Keep Alive cmd, sending back resp 
22_Oct_2019 12:51:09 : [Inform] : check_modem_cmd()         : Recv command form mdas server to Modem , Byte : 1
22_Oct_2019 12:51:09 : [Inform] : proc_modem_cmd()          : Recvd Keep Alive cmd, sending back resp 
22_Oct_2019 12:51:10 : [Inform] : proc_msg()                : -->>>Recvd Keep Alive cmd, sending back resp
22_Oct_2019 12:51:14 : [Inform] : check_modem_cmd()         : Recv command form mdas server to Modem , Byte : 1
22_Oct_2019 12:51:14 : [Inform] : proc_modem_cmd()          : Recvd Keep Alive cmd, sending back resp 
22_Oct_2019 12:51:14 : [Inform] : proc_msg()                : -->>>Recvd Keep Alive cmd, sending back resp
22_Oct_2019 12:51:18 : [Inform] : proc_msg()                : -->>>Recvd Keep Alive cmd, sending back resp
22_Oct_2019 12:51:19 : [Inform] : check_modem_cmd()         : Recv command form mdas server to Modem , Byte : 1
22_Oct_2019 12:51:19 : [Inform] : proc_modem_cmd()          : Recvd Keep Alive cmd, sending back resp 
22_Oct_2019 12:51:24 : [Inform] : check_modem_cmd()         : Recv command form mdas server to Modem , Byte : 1
22_Oct_2019 12:51:24 : [Inform] : proc_modem_cmd()          : Recvd Keep Alive cmd, sending back resp 
22_Oct_2019 12:51:25 : [Inform] : proc_msg()                : -->>>Recvd Keep Alive cmd, sending back resp
22_Oct_2019 12:51:44 : [Inform] : check_modem_cmd()         : Recv command form mdas server to Modem , Byte : 1
22_Oct_2019 12:51:44 : [Inform] : proc_modem_cmd()          : Recvd Keep Alive cmd, sending back resp 
22_Oct_2019 12:51:44 : [Inform] : check_modem_cmd()         : Recv command form mdas server to Modem , Byte : 2
22_Oct_2019 12:51:44 : [Inform] : proc_modem_cmd()          : Recvd Keep Alive cmd, sending back resp 
22_Oct_2019 12:51:44 : [Inform] : check_modem_cmd()         : Recv command form mdas server to Modem , Byte : 1
22_Oct_2019 12:51:44 : [Inform] : proc_modem_cmd()          : Recvd Keep Alive cmd, sending back resp 
22_Oct_2019 12:51:45 : [Inform] : proc_msg()                : Keyboard Interrupt in Error : [Errno 10054] An existing connection was forcibly closed by the remote host
22_Oct_2019 12:51:45 : [Inform] : proc_msg()                : live_app_flag false Need to close every things
22_Oct_2019 12:51:45 : [Report] : proc_mdas_thread          : Problems in main function need to close
22_Oct_2019 12:51:47 : [Inform] : proc_modem_thread()       : Modem thread error, returning from here
22_Oct_2019 12:51:49 : [Inform] : proc_mdas_thread          : KeyboardInterrupt or Problems in mdas_thread need to close in  read , Error : 0
