22_Oct_2019 12:56:07 : [Inform] : read_basic_cfg()          : Basic Config read success
22_Oct_2019 12:56:09 : [Inform] : mdas_db_init()            : Mysql Init done
22_Oct_2019 12:56:10 : [Inform] : create_all_table()        : Billing table created : BILLING_888889000000188
22_Oct_2019 12:56:10 : [Inform] : create_all_table()        : Event table created : EVENT_888889000000188
22_Oct_2019 12:56:10 : [Inform] : create_all_table()        : Instantanious table created : INST_888889000000188
22_Oct_2019 12:56:10 : [Inform] : create_all_table()        : Load Survey table created : LOAD_SURVEY_888889000000188
22_Oct_2019 12:56:10 : [Inform] : modem_sock_init()         : connected  to Host : 122.166.196.34 port : 8715
22_Oct_2019 12:56:10 : [Inform] : sock_init()               : connected  to Host : 122.166.196.34 port : 8710
22_Oct_2019 12:56:11 : [Inform] : main()                    : Recvd imei : 888889000000188, MeterSerNum : MET_SIM_188
22_Oct_2019 12:56:11 : [Inform] : proc_mdas_thread          : Sending 1st time imei num on mdas port,
22_Oct_2019 12:56:15 : [Inform] : send_modem_startup_msg()  : Send HC msg resp len : 492
22_Oct_2019 12:56:16 : [Inform] : proc_msg()                : -->>>Recvd Keep Alive cmd, sending back resp
22_Oct_2019 12:56:17 : [Report] : send_power_on_msg()       : Send Power On msg resp len : 124
22_Oct_2019 12:56:17 : [Inform] : check_modem_cmd()         : Recv command form mdas server to Modem , Byte : 25
22_Oct_2019 12:56:17 : [Inform] : proc_modem_cmd()          : Recv Command : TIME:19/10/22,12:56:13+22
22_Oct_2019 12:56:18 : [Inform] : check_modem_cmd()         : Recv command form mdas server to Modem , Byte : 1
22_Oct_2019 12:56:18 : [Inform] : proc_modem_cmd()          : Recvd Keep Alive cmd, sending back resp 
22_Oct_2019 12:56:22 : [Inform] : proc_msg()                : -->>>Recvd Keep Alive cmd, sending back resp
22_Oct_2019 12:56:23 : [Inform] : check_modem_cmd()         : Recv command form mdas server to Modem , Byte : 1
22_Oct_2019 12:56:23 : [Inform] : proc_modem_cmd()          : Recvd Keep Alive cmd, sending back resp 
22_Oct_2019 12:56:28 : [Inform] : proc_msg()                : -->>>Recvd Keep Alive cmd, sending back resp
22_Oct_2019 12:56:28 : [Inform] : check_modem_cmd()         : Recv command form mdas server to Modem , Byte : 1
22_Oct_2019 12:56:28 : [Inform] : proc_modem_cmd()          : Recvd Keep Alive cmd, sending back resp 
22_Oct_2019 12:56:31 : [Inform] : proc_msg()                : -->>>Recvd Keep Alive cmd, sending back resp
22_Oct_2019 12:56:33 : [Inform] : check_modem_cmd()         : Recv command form mdas server to Modem , Byte : 1
22_Oct_2019 12:56:33 : [Inform] : proc_modem_cmd()          : Recvd Keep Alive cmd, sending back resp 
22_Oct_2019 12:56:37 : [Inform] : proc_msg()                : -->>>Recvd Keep Alive cmd, sending back resp
22_Oct_2019 12:56:38 : [Inform] : check_modem_cmd()         : Recv command form mdas server to Modem , Byte : 1
22_Oct_2019 12:56:38 : [Inform] : proc_modem_cmd()          : Recvd Keep Alive cmd, sending back resp 
22_Oct_2019 12:56:43 : [Inform] : check_modem_cmd()         : Recv command form mdas server to Modem , Byte : 1
22_Oct_2019 12:56:43 : [Inform] : proc_msg()                : -->>>Recvd Keep Alive cmd, sending back resp
22_Oct_2019 12:56:43 : [Inform] : proc_modem_cmd()          : Recvd Keep Alive cmd, sending back resp 
22_Oct_2019 12:56:46 : [Inform] : proc_msg()                : -->>>Recvd Keep Alive cmd, sending back resp
22_Oct_2019 12:56:48 : [Inform] : check_modem_cmd()         : Recv command form mdas server to Modem , Byte : 1
22_Oct_2019 12:56:48 : [Inform] : proc_modem_cmd()          : Recvd Keep Alive cmd, sending back resp 
22_Oct_2019 12:56:52 : [Inform] : proc_msg()                : -->>>Recvd Keep Alive cmd, sending back resp
22_Oct_2019 12:56:53 : [Inform] : check_modem_cmd()         : Recv command form mdas server to Modem , Byte : 1
22_Oct_2019 12:56:53 : [Inform] : proc_modem_cmd()          : Recvd Keep Alive cmd, sending back resp 
22_Oct_2019 12:56:58 : [Inform] : check_modem_cmd()         : Recv command form mdas server to Modem , Byte : 1
22_Oct_2019 12:56:58 : [Inform] : proc_modem_cmd()          : Recvd Keep Alive cmd, sending back resp 
22_Oct_2019 12:57:03 : [Inform] : check_modem_cmd()         : Recv command form mdas server to Modem , Byte : 1
22_Oct_2019 12:57:03 : [Inform] : proc_modem_cmd()          : Recvd Keep Alive cmd, sending back resp 
22_Oct_2019 12:57:07 : [Inform] : proc_msg()                : -->>>Recvd Keep Alive cmd, sending back resp
22_Oct_2019 12:57:08 : [Inform] : check_modem_cmd()         : Recv command form mdas server to Modem , Byte : 1
22_Oct_2019 12:57:08 : [Inform] : proc_modem_cmd()          : Recvd Keep Alive cmd, sending back resp 
22_Oct_2019 12:57:13 : [Inform] : proc_msg()                : -->>>Recvd Keep Alive cmd, sending back resp
22_Oct_2019 12:57:13 : [Inform] : check_modem_cmd()         : Recv command form mdas server to Modem , Byte : 1
22_Oct_2019 12:57:13 : [Inform] : proc_modem_cmd()          : Recvd Keep Alive cmd, sending back resp 
22_Oct_2019 12:57:16 : [Inform] : proc_msg()                : -->>>Recvd Keep Alive cmd, sending back resp
22_Oct_2019 12:57:18 : [Inform] : check_modem_cmd()         : Recv command form mdas server to Modem , Byte : 1
22_Oct_2019 12:57:18 : [Inform] : proc_modem_cmd()          : Recvd Keep Alive cmd, sending back resp 
22_Oct_2019 12:57:22 : [Inform] : proc_msg()                : -->>>Recvd Keep Alive cmd, sending back resp
22_Oct_2019 12:57:23 : [Inform] : check_modem_cmd()         : Recv command form mdas server to Modem , Byte : 1
22_Oct_2019 12:57:23 : [Inform] : proc_modem_cmd()          : Recvd Keep Alive cmd, sending back resp 
22_Oct_2019 12:57:28 : [Inform] : check_modem_cmd()         : Recv command form mdas server to Modem , Byte : 1
22_Oct_2019 12:57:28 : [Inform] : proc_msg()                : -->>>Recvd Keep Alive cmd, sending back resp
22_Oct_2019 12:57:28 : [Inform] : proc_modem_cmd()          : Recvd Keep Alive cmd, sending back resp 
22_Oct_2019 12:57:31 : [Inform] : proc_msg()                : -->>>Recvd Keep Alive cmd, sending back resp
22_Oct_2019 12:57:33 : [Inform] : check_modem_cmd()         : Recv command form mdas server to Modem , Byte : 1
22_Oct_2019 12:57:33 : [Inform] : proc_modem_cmd()          : Recvd Keep Alive cmd, sending back resp 
22_Oct_2019 12:57:37 : [Inform] : proc_msg()                : -->>>Recvd Keep Alive cmd, sending back resp
22_Oct_2019 12:57:38 : [Inform] : check_modem_cmd()         : Recv command form mdas server to Modem , Byte : 1
22_Oct_2019 12:57:38 : [Inform] : proc_modem_cmd()          : Recvd Keep Alive cmd, sending back resp 
22_Oct_2019 12:57:43 : [Inform] : check_modem_cmd()         : Recv command form mdas server to Modem , Byte : 1
22_Oct_2019 12:57:43 : [Inform] : proc_modem_cmd()          : Recvd Keep Alive cmd, sending back resp 
22_Oct_2019 12:57:43 : [Inform] : proc_msg()                : -->>>Recvd Keep Alive cmd, sending back resp
22_Oct_2019 12:57:46 : [Inform] : proc_msg()                : -->>>Recvd Keep Alive cmd, sending back resp
22_Oct_2019 12:57:48 : [Inform] : check_modem_cmd()         : Recv command form mdas server to Modem , Byte : 1
22_Oct_2019 12:57:48 : [Inform] : proc_modem_cmd()          : Recvd Keep Alive cmd, sending back resp 
22_Oct_2019 12:57:52 : [Inform] : proc_msg()                : -->>>Recvd Keep Alive cmd, sending back resp
22_Oct_2019 12:57:53 : [Inform] : check_modem_cmd()         : Recv command form mdas server to Modem , Byte : 1
22_Oct_2019 12:57:53 : [Inform] : proc_modem_cmd()          : Recvd Keep Alive cmd, sending back resp 
22_Oct_2019 12:57:58 : [Inform] : proc_msg()                : -->>>Recvd Keep Alive cmd, sending back resp
22_Oct_2019 12:57:58 : [Inform] : check_modem_cmd()         : Recv command form mdas server to Modem , Byte : 1
22_Oct_2019 12:57:58 : [Inform] : proc_modem_cmd()          : Recvd Keep Alive cmd, sending back resp 
22_Oct_2019 12:58:01 : [Inform] : proc_msg()                : -->>>Recvd Keep Alive cmd, sending back resp
22_Oct_2019 12:58:03 : [Inform] : check_modem_cmd()         : Recv command form mdas server to Modem , Byte : 1
22_Oct_2019 12:58:03 : [Inform] : proc_modem_cmd()          : Recvd Keep Alive cmd, sending back resp 
22_Oct_2019 12:58:07 : [Inform] : proc_msg()                : -->>>Recvd Keep Alive cmd, sending back resp
22_Oct_2019 12:58:08 : [Inform] : check_modem_cmd()         : Recv command form mdas server to Modem , Byte : 1
22_Oct_2019 12:58:08 : [Inform] : proc_modem_cmd()          : Recvd Keep Alive cmd, sending back resp 
22_Oct_2019 12:58:13 : [Inform] : check_modem_cmd()         : Recv command form mdas server to Modem , Byte : 1
22_Oct_2019 12:58:13 : [Inform] : proc_msg()                : -->>>Recvd Keep Alive cmd, sending back resp
22_Oct_2019 12:58:13 : [Inform] : proc_modem_cmd()          : Recvd Keep Alive cmd, sending back resp 
22_Oct_2019 12:58:16 : [Inform] : proc_msg()                : -->>>Recvd Keep Alive cmd, sending back resp
22_Oct_2019 12:58:18 : [Inform] : check_modem_cmd()         : Recv command form mdas server to Modem , Byte : 1
22_Oct_2019 12:58:18 : [Inform] : proc_modem_cmd()          : Recvd Keep Alive cmd, sending back resp 
22_Oct_2019 12:58:22 : [Inform] : proc_msg()                : -->>>Recvd Keep Alive cmd, sending back resp
22_Oct_2019 12:58:23 : [Inform] : check_modem_cmd()         : Recv command form mdas server to Modem , Byte : 1
22_Oct_2019 12:58:23 : [Inform] : proc_modem_cmd()          : Recvd Keep Alive cmd, sending back resp 
22_Oct_2019 12:58:28 : [Inform] : proc_msg()                : -->>>Recvd Keep Alive cmd, sending back resp
22_Oct_2019 12:58:28 : [Inform] : check_modem_cmd()         : Recv command form mdas server to Modem , Byte : 1
22_Oct_2019 12:58:28 : [Inform] : proc_modem_cmd()          : Recvd Keep Alive cmd, sending back resp 
22_Oct_2019 12:58:31 : [Inform] : proc_msg()                : -->>>Recvd Keep Alive cmd, sending back resp
22_Oct_2019 12:58:33 : [Inform] : check_modem_cmd()         : Recv command form mdas server to Modem , Byte : 1
22_Oct_2019 12:58:33 : [Inform] : proc_modem_cmd()          : Recvd Keep Alive cmd, sending back resp 
22_Oct_2019 12:58:37 : [Inform] : proc_msg()                : -->>>Recvd Keep Alive cmd, sending back resp
22_Oct_2019 12:58:38 : [Inform] : check_modem_cmd()         : Recv command form mdas server to Modem , Byte : 1
22_Oct_2019 12:58:38 : [Inform] : proc_modem_cmd()          : Recvd Keep Alive cmd, sending back resp 
22_Oct_2019 12:58:43 : [Inform] : check_modem_cmd()         : Recv command form mdas server to Modem , Byte : 1
22_Oct_2019 12:58:43 : [Inform] : proc_msg()                : -->>>Recvd Keep Alive cmd, sending back resp
22_Oct_2019 12:58:43 : [Inform] : proc_modem_cmd()          : Recvd Keep Alive cmd, sending back resp 
22_Oct_2019 12:58:46 : [Inform] : proc_msg()                : -->>>Recvd Keep Alive cmd, sending back resp
22_Oct_2019 12:58:48 : [Inform] : check_modem_cmd()         : Recv command form mdas server to Modem , Byte : 1
22_Oct_2019 12:58:48 : [Inform] : proc_modem_cmd()          : Recvd Keep Alive cmd, sending back resp 
22_Oct_2019 12:58:52 : [Inform] : proc_msg()                : -->>>Recvd Keep Alive cmd, sending back resp
22_Oct_2019 12:58:53 : [Inform] : check_modem_cmd()         : Recv command form mdas server to Modem , Byte : 1
22_Oct_2019 12:58:53 : [Inform] : proc_modem_cmd()          : Recvd Keep Alive cmd, sending back resp 
22_Oct_2019 12:58:58 : [Inform] : proc_msg()                : -->>>Recvd Keep Alive cmd, sending back resp
22_Oct_2019 12:58:58 : [Inform] : check_modem_cmd()         : Recv command form mdas server to Modem , Byte : 1
22_Oct_2019 12:58:58 : [Inform] : proc_modem_cmd()          : Recvd Keep Alive cmd, sending back resp 
22_Oct_2019 12:59:01 : [Inform] : proc_msg()                : -->>>Recvd Keep Alive cmd, sending back resp
22_Oct_2019 12:59:03 : [Inform] : check_modem_cmd()         : Recv command form mdas server to Modem , Byte : 1
22_Oct_2019 12:59:03 : [Inform] : proc_modem_cmd()          : Recvd Keep Alive cmd, sending back resp 
22_Oct_2019 12:59:07 : [Inform] : proc_msg()                : -->>>Recvd Keep Alive cmd, sending back resp
22_Oct_2019 12:59:08 : [Inform] : check_modem_cmd()         : Recv command form mdas server to Modem , Byte : 1
22_Oct_2019 12:59:08 : [Inform] : proc_modem_cmd()          : Recvd Keep Alive cmd, sending back resp 
22_Oct_2019 12:59:13 : [Inform] : proc_msg()                : -->>>Recvd Keep Alive cmd, sending back resp
22_Oct_2019 12:59:13 : [Inform] : check_modem_cmd()         : Recv command form mdas server to Modem , Byte : 1
22_Oct_2019 12:59:13 : [Inform] : proc_modem_cmd()          : Recvd Keep Alive cmd, sending back resp 
22_Oct_2019 12:59:16 : [Inform] : proc_msg()                : -->>>Recvd Keep Alive cmd, sending back resp
22_Oct_2019 12:59:18 : [Inform] : check_modem_cmd()         : Recv command form mdas server to Modem , Byte : 1
22_Oct_2019 12:59:18 : [Inform] : proc_modem_cmd()          : Recvd Keep Alive cmd, sending back resp 
22_Oct_2019 12:59:18 : [Inform] : proc_modem_thread()       : Sending HC Message
22_Oct_2019 12:59:18 : [Inform] : send_modem_startup_msg()  : Send HC msg resp len : 492
22_Oct_2019 12:59:22 : [Inform] : proc_msg()                : -->>>Recvd Keep Alive cmd, sending back resp
22_Oct_2019 12:59:23 : [Inform] : check_modem_cmd()         : Recv command form mdas server to Modem , Byte : 1
22_Oct_2019 12:59:23 : [Inform] : proc_modem_cmd()          : Recvd Keep Alive cmd, sending back resp 
22_Oct_2019 12:59:28 : [Inform] : proc_msg()                : -->>>Recvd Keep Alive cmd, sending back resp
22_Oct_2019 12:59:28 : [Inform] : check_modem_cmd()         : Recv command form mdas server to Modem , Byte : 1
22_Oct_2019 12:59:28 : [Inform] : proc_modem_cmd()          : Recvd Keep Alive cmd, sending back resp 
22_Oct_2019 12:59:31 : [Inform] : proc_msg()                : -->>>Recvd Keep Alive cmd, sending back resp
22_Oct_2019 12:59:33 : [Inform] : check_modem_cmd()         : Recv command form mdas server to Modem , Byte : 1
22_Oct_2019 12:59:33 : [Inform] : proc_modem_cmd()          : Recvd Keep Alive cmd, sending back resp 
22_Oct_2019 12:59:37 : [Inform] : proc_msg()                : -->>>Recvd Keep Alive cmd, sending back resp
22_Oct_2019 12:59:38 : [Inform] : check_modem_cmd()         : Recv command form mdas server to Modem , Byte : 1
22_Oct_2019 12:59:38 : [Inform] : proc_modem_cmd()          : Recvd Keep Alive cmd, sending back resp 
22_Oct_2019 12:59:43 : [Inform] : check_modem_cmd()         : Recv command form mdas server to Modem , Byte : 1
22_Oct_2019 12:59:43 : [Inform] : proc_modem_cmd()          : Recvd Keep Alive cmd, sending back resp 
22_Oct_2019 12:59:43 : [Inform] : proc_msg()                : -->>>Recvd Keep Alive cmd, sending back resp
22_Oct_2019 12:59:46 : [Inform] : proc_msg()                : -->>>Recvd Keep Alive cmd, sending back resp
22_Oct_2019 12:59:48 : [Inform] : check_modem_cmd()         : Recv command form mdas server to Modem , Byte : 1
22_Oct_2019 12:59:48 : [Inform] : proc_modem_cmd()          : Recvd Keep Alive cmd, sending back resp 
22_Oct_2019 12:59:52 : [Inform] : proc_msg()                : -->>>Recvd Keep Alive cmd, sending back resp
22_Oct_2019 12:59:53 : [Inform] : check_modem_cmd()         : Recv command form mdas server to Modem , Byte : 1
22_Oct_2019 12:59:53 : [Inform] : proc_modem_cmd()          : Recvd Keep Alive cmd, sending back resp 
22_Oct_2019 12:59:58 : [Inform] : check_modem_cmd()         : Recv command form mdas server to Modem , Byte : 1
22_Oct_2019 12:59:58 : [Inform] : proc_modem_cmd()          : Recvd Keep Alive cmd, sending back resp 
22_Oct_2019 12:59:58 : [Inform] : proc_msg()                : -->>>Recvd Keep Alive cmd, sending back resp
22_Oct_2019 13:00:01 : [Inform] : proc_msg()                : -->>>Recvd Keep Alive cmd, sending back resp
22_Oct_2019 13:00:03 : [Inform] : check_modem_cmd()         : Recv command form mdas server to Modem , Byte : 1
22_Oct_2019 13:00:03 : [Inform] : proc_modem_cmd()          : Recvd Keep Alive cmd, sending back resp 
22_Oct_2019 13:00:07 : [Inform] : proc_msg()                : -->>>Recvd Keep Alive cmd, sending back resp
22_Oct_2019 13:00:08 : [Inform] : check_modem_cmd()         : Recv command form mdas server to Modem , Byte : 1
22_Oct_2019 13:00:08 : [Inform] : proc_modem_cmd()          : Recvd Keep Alive cmd, sending back resp 
22_Oct_2019 13:00:13 : [Inform] : check_modem_cmd()         : Recv command form mdas server to Modem , Byte : 1
22_Oct_2019 13:00:13 : [Inform] : proc_modem_cmd()          : Recvd Keep Alive cmd, sending back resp 
22_Oct_2019 13:00:13 : [Inform] : proc_msg()                : -->>>Recvd Keep Alive cmd, sending back resp
22_Oct_2019 13:00:16 : [Inform] : proc_msg()                : -->>>Recvd Keep Alive cmd, sending back resp
22_Oct_2019 13:00:18 : [Inform] : check_modem_cmd()         : Recv command form mdas server to Modem , Byte : 1
22_Oct_2019 13:00:18 : [Inform] : proc_modem_cmd()          : Recvd Keep Alive cmd, sending back resp 
22_Oct_2019 13:00:22 : [Inform] : proc_msg()                : -->>>Recvd Keep Alive cmd, sending back resp
22_Oct_2019 13:00:23 : [Inform] : check_modem_cmd()         : Recv command form mdas server to Modem , Byte : 1
22_Oct_2019 13:00:23 : [Inform] : proc_modem_cmd()          : Recvd Keep Alive cmd, sending back resp 
22_Oct_2019 13:00:28 : [Inform] : proc_msg()                : -->>>Recvd Keep Alive cmd, sending back resp
22_Oct_2019 13:00:31 : [Inform] : proc_msg()                : -->>>Recvd Keep Alive cmd, sending back resp
22_Oct_2019 13:00:31 : [Inform] : check_modem_cmd()         : Recv command form mdas server to Modem , Byte : 1
22_Oct_2019 13:00:31 : [Inform] : proc_modem_cmd()          : Recvd Keep Alive cmd, sending back resp 
22_Oct_2019 13:00:33 : [Inform] : check_modem_cmd()         : Recv command form mdas server to Modem , Byte : 1
22_Oct_2019 13:00:33 : [Inform] : proc_modem_cmd()          : Recvd Keep Alive cmd, sending back resp 
22_Oct_2019 13:00:37 : [Inform] : proc_msg()                : -->>>Recvd Keep Alive cmd, sending back resp
22_Oct_2019 13:00:38 : [Inform] : check_modem_cmd()         : Recv command form mdas server to Modem , Byte : 1
22_Oct_2019 13:00:38 : [Inform] : proc_modem_cmd()          : Recvd Keep Alive cmd, sending back resp 
22_Oct_2019 13:00:43 : [Inform] : check_modem_cmd()         : Recv command form mdas server to Modem , Byte : 1
22_Oct_2019 13:00:43 : [Inform] : proc_msg()                : -->>>Recvd Keep Alive cmd, sending back resp
22_Oct_2019 13:00:43 : [Inform] : proc_modem_cmd()          : Recvd Keep Alive cmd, sending back resp 
22_Oct_2019 13:00:46 : [Inform] : proc_msg()                : -->>>Recvd Keep Alive cmd, sending back resp
22_Oct_2019 13:00:48 : [Inform] : check_modem_cmd()         : Recv command form mdas server to Modem , Byte : 1
22_Oct_2019 13:00:48 : [Inform] : proc_modem_cmd()          : Recvd Keep Alive cmd, sending back resp 
22_Oct_2019 13:00:52 : [Inform] : proc_msg()                : -->>>Recvd Keep Alive cmd, sending back resp
22_Oct_2019 13:00:53 : [Inform] : check_modem_cmd()         : Recv command form mdas server to Modem , Byte : 1
22_Oct_2019 13:00:53 : [Inform] : proc_modem_cmd()          : Recvd Keep Alive cmd, sending back resp 
22_Oct_2019 13:00:58 : [Inform] : check_modem_cmd()         : Recv command form mdas server to Modem , Byte : 1
22_Oct_2019 13:00:58 : [Inform] : proc_msg()                : -->>>Recvd Keep Alive cmd, sending back resp
22_Oct_2019 13:00:58 : [Inform] : proc_modem_cmd()          : Recvd Keep Alive cmd, sending back resp 
22_Oct_2019 13:01:01 : [Inform] : proc_msg()                : -->>>Recvd Keep Alive cmd, sending back resp
22_Oct_2019 13:01:03 : [Inform] : check_modem_cmd()         : Recv command form mdas server to Modem , Byte : 1
22_Oct_2019 13:01:03 : [Inform] : proc_modem_cmd()          : Recvd Keep Alive cmd, sending back resp 
22_Oct_2019 13:01:07 : [Inform] : proc_msg()                : -->>>Recvd Keep Alive cmd, sending back resp
22_Oct_2019 13:01:08 : [Inform] : check_modem_cmd()         : Recv command form mdas server to Modem , Byte : 1
22_Oct_2019 13:01:08 : [Inform] : proc_modem_cmd()          : Recvd Keep Alive cmd, sending back resp 
22_Oct_2019 13:01:13 : [Inform] : check_modem_cmd()         : Recv command form mdas server to Modem , Byte : 1
22_Oct_2019 13:01:13 : [Inform] : proc_modem_cmd()          : Recvd Keep Alive cmd, sending back resp 
22_Oct_2019 13:01:13 : [Inform] : proc_msg()                : -->>>Recvd Keep Alive cmd, sending back resp
22_Oct_2019 13:01:16 : [Inform] : proc_msg()                : -->>>Recvd Keep Alive cmd, sending back resp
22_Oct_2019 13:01:18 : [Inform] : check_modem_cmd()         : Recv command form mdas server to Modem , Byte : 1
22_Oct_2019 13:01:18 : [Inform] : proc_modem_cmd()          : Recvd Keep Alive cmd, sending back resp 
22_Oct_2019 13:01:22 : [Inform] : proc_msg()                : -->>>Recvd Keep Alive cmd, sending back resp
22_Oct_2019 13:01:23 : [Inform] : check_modem_cmd()         : Recv command form mdas server to Modem , Byte : 1
22_Oct_2019 13:01:23 : [Inform] : proc_modem_cmd()          : Recvd Keep Alive cmd, sending back resp 
22_Oct_2019 13:01:28 : [Inform] : check_modem_cmd()         : Recv command form mdas server to Modem , Byte : 1
22_Oct_2019 13:01:28 : [Inform] : proc_modem_cmd()          : Recvd Keep Alive cmd, sending back resp 
22_Oct_2019 13:01:28 : [Inform] : proc_msg()                : -->>>Recvd Keep Alive cmd, sending back resp
22_Oct_2019 13:01:31 : [Inform] : proc_msg()                : -->>>Recvd Keep Alive cmd, sending back resp
22_Oct_2019 13:01:33 : [Inform] : check_modem_cmd()         : Recv command form mdas server to Modem , Byte : 1
22_Oct_2019 13:01:33 : [Inform] : proc_modem_cmd()          : Recvd Keep Alive cmd, sending back resp 
22_Oct_2019 13:01:37 : [Inform] : proc_msg()                : -->>>Recvd Keep Alive cmd, sending back resp
22_Oct_2019 13:01:38 : [Inform] : check_modem_cmd()         : Recv command form mdas server to Modem , Byte : 1
22_Oct_2019 13:01:38 : [Inform] : proc_modem_cmd()          : Recvd Keep Alive cmd, sending back resp 
22_Oct_2019 13:01:43 : [Inform] : check_modem_cmd()         : Recv command form mdas server to Modem , Byte : 1
22_Oct_2019 13:01:43 : [Inform] : proc_modem_cmd()          : Recvd Keep Alive cmd, sending back resp 
22_Oct_2019 13:01:43 : [Inform] : proc_msg()                : -->>>Recvd Keep Alive cmd, sending back resp
22_Oct_2019 13:01:46 : [Inform] : proc_msg()                : -->>>Recvd Keep Alive cmd, sending back resp
22_Oct_2019 13:01:48 : [Inform] : check_modem_cmd()         : Recv command form mdas server to Modem , Byte : 1
22_Oct_2019 13:01:48 : [Inform] : proc_modem_cmd()          : Recvd Keep Alive cmd, sending back resp 
22_Oct_2019 13:01:52 : [Inform] : proc_msg()                : -->>>Recvd Keep Alive cmd, sending back resp
22_Oct_2019 13:01:53 : [Inform] : check_modem_cmd()         : Recv command form mdas server to Modem , Byte : 1
22_Oct_2019 13:01:53 : [Inform] : proc_modem_cmd()          : Recvd Keep Alive cmd, sending back resp 
22_Oct_2019 13:01:58 : [Inform] : proc_msg()                : -->>>Recvd Keep Alive cmd, sending back resp
22_Oct_2019 13:01:58 : [Inform] : check_modem_cmd()         : Recv command form mdas server to Modem , Byte : 1
22_Oct_2019 13:01:58 : [Inform] : proc_modem_cmd()          : Recvd Keep Alive cmd, sending back resp 
22_Oct_2019 13:02:01 : [Inform] : proc_msg()                : -->>>Recvd Keep Alive cmd, sending back resp
22_Oct_2019 13:02:03 : [Inform] : check_modem_cmd()         : Recv command form mdas server to Modem , Byte : 1
22_Oct_2019 13:02:03 : [Inform] : proc_modem_cmd()          : Recvd Keep Alive cmd, sending back resp 
22_Oct_2019 13:02:07 : [Inform] : proc_msg()                : -->>>Recvd Keep Alive cmd, sending back resp
22_Oct_2019 13:02:08 : [Inform] : check_modem_cmd()         : Recv command form mdas server to Modem , Byte : 1
22_Oct_2019 13:02:08 : [Inform] : proc_modem_cmd()          : Recvd Keep Alive cmd, sending back resp 
22_Oct_2019 13:02:13 : [Inform] : proc_msg()                : -->>>Recvd Keep Alive cmd, sending back resp
22_Oct_2019 13:02:13 : [Inform] : check_modem_cmd()         : Recv command form mdas server to Modem , Byte : 1
22_Oct_2019 13:02:13 : [Inform] : proc_modem_cmd()          : Recvd Keep Alive cmd, sending back resp 
22_Oct_2019 13:02:16 : [Inform] : proc_msg()                : -->>>Recvd Keep Alive cmd, sending back resp
22_Oct_2019 13:02:18 : [Inform] : check_modem_cmd()         : Recv command form mdas server to Modem , Byte : 1
22_Oct_2019 13:02:18 : [Inform] : proc_modem_cmd()          : Recvd Keep Alive cmd, sending back resp 
22_Oct_2019 13:02:22 : [Inform] : proc_msg()                : -->>>Recvd Keep Alive cmd, sending back resp
22_Oct_2019 13:02:22 : [Inform] : proc_modem_thread()       : Sending HC Message
22_Oct_2019 13:02:22 : [Inform] : send_modem_startup_msg()  : Send HC msg resp len : 492
22_Oct_2019 13:02:23 : [Inform] : check_modem_cmd()         : Recv command form mdas server to Modem , Byte : 1
22_Oct_2019 13:02:23 : [Inform] : proc_modem_cmd()          : Recvd Keep Alive cmd, sending back resp 
22_Oct_2019 13:02:28 : [Inform] : proc_msg()                : -->>>Recvd Keep Alive cmd, sending back resp
22_Oct_2019 13:02:28 : [Inform] : check_modem_cmd()         : Recv command form mdas server to Modem , Byte : 1
22_Oct_2019 13:02:28 : [Inform] : proc_modem_cmd()          : Recvd Keep Alive cmd, sending back resp 
22_Oct_2019 13:02:31 : [Inform] : proc_msg()                : -->>>Recvd Keep Alive cmd, sending back resp
22_Oct_2019 13:02:33 : [Inform] : check_modem_cmd()         : Recv command form mdas server to Modem , Byte : 1
22_Oct_2019 13:02:33 : [Inform] : proc_modem_cmd()          : Recvd Keep Alive cmd, sending back resp 
22_Oct_2019 13:02:37 : [Inform] : proc_msg()                : -->>>Recvd Keep Alive cmd, sending back resp
22_Oct_2019 13:02:38 : [Inform] : check_modem_cmd()         : Recv command form mdas server to Modem , Byte : 1
22_Oct_2019 13:02:38 : [Inform] : proc_modem_cmd()          : Recvd Keep Alive cmd, sending back resp 
22_Oct_2019 13:02:43 : [Inform] : check_modem_cmd()         : Recv command form mdas server to Modem , Byte : 1
22_Oct_2019 13:02:43 : [Inform] : proc_msg()                : -->>>Recvd Keep Alive cmd, sending back resp
22_Oct_2019 13:02:43 : [Inform] : proc_modem_cmd()          : Recvd Keep Alive cmd, sending back resp 
22_Oct_2019 13:02:46 : [Inform] : proc_msg()                : -->>>Recvd Keep Alive cmd, sending back resp
22_Oct_2019 13:02:48 : [Inform] : check_modem_cmd()         : Recv command form mdas server to Modem , Byte : 1
22_Oct_2019 13:02:48 : [Inform] : proc_modem_cmd()          : Recvd Keep Alive cmd, sending back resp 
22_Oct_2019 13:02:52 : [Inform] : proc_msg()                : -->>>Recvd Keep Alive cmd, sending back resp
22_Oct_2019 13:02:53 : [Inform] : check_modem_cmd()         : Recv command form mdas server to Modem , Byte : 1
22_Oct_2019 13:02:53 : [Inform] : proc_modem_cmd()          : Recvd Keep Alive cmd, sending back resp 
22_Oct_2019 13:02:58 : [Inform] : proc_msg()                : -->>>Recvd Keep Alive cmd, sending back resp
22_Oct_2019 13:02:58 : [Inform] : check_modem_cmd()         : Recv command form mdas server to Modem , Byte : 1
22_Oct_2019 13:02:58 : [Inform] : proc_modem_cmd()          : Recvd Keep Alive cmd, sending back resp 
22_Oct_2019 13:03:01 : [Inform] : proc_msg()                : -->>>Recvd Keep Alive cmd, sending back resp
22_Oct_2019 13:03:03 : [Inform] : check_modem_cmd()         : Recv command form mdas server to Modem , Byte : 1
22_Oct_2019 13:03:03 : [Inform] : proc_modem_cmd()          : Recvd Keep Alive cmd, sending back resp 
22_Oct_2019 13:03:07 : [Inform] : proc_msg()                : -->>>Recvd Keep Alive cmd, sending back resp
22_Oct_2019 13:03:08 : [Inform] : check_modem_cmd()         : Recv command form mdas server to Modem , Byte : 1
22_Oct_2019 13:03:08 : [Inform] : proc_modem_cmd()          : Recvd Keep Alive cmd, sending back resp 
22_Oct_2019 13:03:13 : [Inform] : proc_msg()                : -->>>Recvd Keep Alive cmd, sending back resp
22_Oct_2019 13:03:13 : [Inform] : check_modem_cmd()         : Recv command form mdas server to Modem , Byte : 1
22_Oct_2019 13:03:13 : [Inform] : proc_modem_cmd()          : Recvd Keep Alive cmd, sending back resp 
22_Oct_2019 13:03:16 : [Inform] : proc_msg()                : -->>>Recvd Keep Alive cmd, sending back resp
22_Oct_2019 13:03:18 : [Inform] : check_modem_cmd()         : Recv command form mdas server to Modem , Byte : 1
22_Oct_2019 13:03:18 : [Inform] : proc_modem_cmd()          : Recvd Keep Alive cmd, sending back resp 
22_Oct_2019 13:03:22 : [Inform] : proc_msg()                : -->>>Recvd Keep Alive cmd, sending back resp
22_Oct_2019 13:03:23 : [Inform] : check_modem_cmd()         : Recv command form mdas server to Modem , Byte : 1
22_Oct_2019 13:03:23 : [Inform] : proc_modem_cmd()          : Recvd Keep Alive cmd, sending back resp 
22_Oct_2019 13:03:28 : [Inform] : proc_msg()                : -->>>Recvd Keep Alive cmd, sending back resp
22_Oct_2019 13:03:28 : [Inform] : check_modem_cmd()         : Recv command form mdas server to Modem , Byte : 1
22_Oct_2019 13:03:28 : [Inform] : proc_modem_cmd()          : Recvd Keep Alive cmd, sending back resp 
22_Oct_2019 13:03:31 : [Inform] : proc_msg()                : -->>>Recvd Keep Alive cmd, sending back resp
22_Oct_2019 13:03:33 : [Inform] : check_modem_cmd()         : Recv command form mdas server to Modem , Byte : 1
22_Oct_2019 13:03:33 : [Inform] : proc_modem_cmd()          : Recvd Keep Alive cmd, sending back resp 
22_Oct_2019 13:03:37 : [Inform] : proc_msg()                : -->>>Recvd Keep Alive cmd, sending back resp
22_Oct_2019 13:03:38 : [Inform] : check_modem_cmd()         : Recv command form mdas server to Modem , Byte : 1
22_Oct_2019 13:03:38 : [Inform] : proc_modem_cmd()          : Recvd Keep Alive cmd, sending back resp 
22_Oct_2019 13:03:43 : [Inform] : proc_msg()                : -->>>Recvd Keep Alive cmd, sending back resp
22_Oct_2019 13:03:43 : [Inform] : check_modem_cmd()         : Recv command form mdas server to Modem , Byte : 1
22_Oct_2019 13:03:43 : [Inform] : proc_modem_cmd()          : Recvd Keep Alive cmd, sending back resp 
22_Oct_2019 13:03:46 : [Inform] : proc_msg()                : -->>>Recvd Keep Alive cmd, sending back resp
22_Oct_2019 13:03:48 : [Inform] : check_modem_cmd()         : Recv command form mdas server to Modem , Byte : 1
22_Oct_2019 13:03:48 : [Inform] : proc_modem_cmd()          : Recvd Keep Alive cmd, sending back resp 
22_Oct_2019 13:03:52 : [Inform] : proc_msg()                : -->>>Recvd Keep Alive cmd, sending back resp
22_Oct_2019 13:03:53 : [Inform] : check_modem_cmd()         : Recv command form mdas server to Modem , Byte : 1
22_Oct_2019 13:03:53 : [Inform] : proc_modem_cmd()          : Recvd Keep Alive cmd, sending back resp 
22_Oct_2019 13:03:58 : [Inform] : proc_msg()                : -->>>Recvd Keep Alive cmd, sending back resp
22_Oct_2019 13:03:58 : [Inform] : check_modem_cmd()         : Recv command form mdas server to Modem , Byte : 1
22_Oct_2019 13:03:58 : [Inform] : proc_modem_cmd()          : Recvd Keep Alive cmd, sending back resp 
22_Oct_2019 13:04:01 : [Inform] : proc_msg()                : -->>>Recvd Keep Alive cmd, sending back resp
22_Oct_2019 13:04:03 : [Inform] : check_modem_cmd()         : Recv command form mdas server to Modem , Byte : 1
22_Oct_2019 13:04:03 : [Inform] : proc_modem_cmd()          : Recvd Keep Alive cmd, sending back resp 
22_Oct_2019 13:04:07 : [Inform] : proc_msg()                : -->>>Recvd Keep Alive cmd, sending back resp
22_Oct_2019 13:04:08 : [Inform] : check_modem_cmd()         : Recv command form mdas server to Modem , Byte : 1
22_Oct_2019 13:04:08 : [Inform] : proc_modem_cmd()          : Recvd Keep Alive cmd, sending back resp 
22_Oct_2019 13:04:13 : [Inform] : check_modem_cmd()         : Recv command form mdas server to Modem , Byte : 1
22_Oct_2019 13:04:13 : [Inform] : proc_modem_cmd()          : Recvd Keep Alive cmd, sending back resp 
22_Oct_2019 13:04:13 : [Inform] : proc_msg()                : -->>>Recvd Keep Alive cmd, sending back resp
22_Oct_2019 13:04:16 : [Inform] : proc_msg()                : -->>>Recvd Keep Alive cmd, sending back resp
22_Oct_2019 13:04:25 : [Inform] : check_modem_cmd()         : Recv command form mdas server to Modem , Byte : 1
22_Oct_2019 13:04:25 : [Inform] : proc_modem_cmd()          : Recvd Keep Alive cmd, sending back resp 
22_Oct_2019 13:04:25 : [Inform] : check_modem_cmd()         : Recv command form mdas server to Modem , Byte : 1
22_Oct_2019 13:04:25 : [Inform] : proc_modem_cmd()          : Recvd Keep Alive cmd, sending back resp 
22_Oct_2019 13:04:28 : [Inform] : check_modem_cmd()         : Recv command form mdas server to Modem , Byte : 1
22_Oct_2019 13:04:28 : [Inform] : proc_modem_cmd()          : Recvd Keep Alive cmd, sending back resp 
22_Oct_2019 13:04:33 : [Inform] : check_modem_cmd()         : Recv command form mdas server to Modem , Byte : 1
22_Oct_2019 13:04:33 : [Inform] : proc_modem_cmd()          : Recvd Keep Alive cmd, sending back resp 
22_Oct_2019 13:04:38 : [Inform] : check_modem_cmd()         : Recv command form mdas server to Modem , Byte : 1
22_Oct_2019 13:04:38 : [Inform] : proc_modem_cmd()          : Recvd Keep Alive cmd, sending back resp 
22_Oct_2019 13:04:43 : [Inform] : check_modem_cmd()         : Recv command form mdas server to Modem , Byte : 1
22_Oct_2019 13:04:43 : [Inform] : proc_modem_cmd()          : Recvd Keep Alive cmd, sending back resp 
22_Oct_2019 13:04:48 : [Inform] : check_modem_cmd()         : Recv command form mdas server to Modem , Byte : 1
22_Oct_2019 13:04:48 : [Inform] : proc_modem_cmd()          : Recvd Keep Alive cmd, sending back resp 
22_Oct_2019 13:04:53 : [Inform] : check_modem_cmd()         : Recv command form mdas server to Modem , Byte : 1
22_Oct_2019 13:04:53 : [Inform] : proc_modem_cmd()          : Recvd Keep Alive cmd, sending back resp 
22_Oct_2019 13:04:58 : [Inform] : check_modem_cmd()         : Recv command form mdas server to Modem , Byte : 1
22_Oct_2019 13:04:58 : [Inform] : proc_modem_cmd()          : Recvd Keep Alive cmd, sending back resp 
22_Oct_2019 13:05:03 : [Inform] : check_modem_cmd()         : Recv command form mdas server to Modem , Byte : 1
22_Oct_2019 13:05:03 : [Inform] : proc_modem_cmd()          : Recvd Keep Alive cmd, sending back resp 
22_Oct_2019 13:05:08 : [Inform] : check_modem_cmd()         : Recv command form mdas server to Modem , Byte : 1
22_Oct_2019 13:05:08 : [Inform] : proc_modem_cmd()          : Recvd Keep Alive cmd, sending back resp 
22_Oct_2019 13:05:13 : [Inform] : check_modem_cmd()         : Recv command form mdas server to Modem , Byte : 1
22_Oct_2019 13:05:13 : [Inform] : proc_modem_cmd()          : Recvd Keep Alive cmd, sending back resp 
22_Oct_2019 13:05:18 : [Inform] : check_modem_cmd()         : Recv command form mdas server to Modem , Byte : 1
22_Oct_2019 13:05:18 : [Inform] : proc_modem_cmd()          : Recvd Keep Alive cmd, sending back resp 
22_Oct_2019 13:05:23 : [Inform] : check_modem_cmd()         : Recv command form mdas server to Modem , Byte : 1
22_Oct_2019 13:05:23 : [Inform] : proc_modem_cmd()          : Recvd Keep Alive cmd, sending back resp 
22_Oct_2019 13:05:23 : [Inform] : proc_modem_thread()       : Sending HC Message
22_Oct_2019 13:05:23 : [Inform] : send_modem_startup_msg()  : Send HC msg resp len : 492
22_Oct_2019 13:05:28 : [Inform] : check_modem_cmd()         : Recv command form mdas server to Modem , Byte : 1
22_Oct_2019 13:05:28 : [Inform] : proc_modem_cmd()          : Recvd Keep Alive cmd, sending back resp 
22_Oct_2019 13:05:33 : [Inform] : check_modem_cmd()         : Recv command form mdas server to Modem , Byte : 1
22_Oct_2019 13:05:33 : [Inform] : proc_modem_cmd()          : Recvd Keep Alive cmd, sending back resp 
22_Oct_2019 13:05:38 : [Inform] : check_modem_cmd()         : Recv command form mdas server to Modem , Byte : 1
22_Oct_2019 13:05:38 : [Inform] : proc_modem_cmd()          : Recvd Keep Alive cmd, sending back resp 
22_Oct_2019 13:05:43 : [Inform] : check_modem_cmd()         : Recv command form mdas server to Modem , Byte : 1
22_Oct_2019 13:05:43 : [Inform] : proc_modem_cmd()          : Recvd Keep Alive cmd, sending back resp 
22_Oct_2019 13:05:48 : [Inform] : check_modem_cmd()         : Recv command form mdas server to Modem , Byte : 1
22_Oct_2019 13:05:48 : [Inform] : proc_modem_cmd()          : Recvd Keep Alive cmd, sending back resp 
22_Oct_2019 13:05:53 : [Inform] : check_modem_cmd()         : Recv command form mdas server to Modem , Byte : 1
22_Oct_2019 13:05:53 : [Inform] : proc_modem_cmd()          : Recvd Keep Alive cmd, sending back resp 
22_Oct_2019 13:05:58 : [Inform] : check_modem_cmd()         : Recv command form mdas server to Modem , Byte : 1
22_Oct_2019 13:05:58 : [Inform] : proc_modem_cmd()          : Recvd Keep Alive cmd, sending back resp 
22_Oct_2019 13:06:03 : [Inform] : check_modem_cmd()         : Recv command form mdas server to Modem , Byte : 1
22_Oct_2019 13:06:03 : [Inform] : proc_modem_cmd()          : Recvd Keep Alive cmd, sending back resp 
22_Oct_2019 13:06:08 : [Inform] : check_modem_cmd()         : Recv command form mdas server to Modem , Byte : 1
22_Oct_2019 13:06:08 : [Inform] : proc_modem_cmd()          : Recvd Keep Alive cmd, sending back resp 
22_Oct_2019 13:06:16 : [Inform] : check_modem_cmd()         : Recv command form mdas server to Modem , Byte : 1
22_Oct_2019 13:06:16 : [Inform] : proc_modem_cmd()          : Recvd Keep Alive cmd, sending back resp 
22_Oct_2019 13:06:18 : [Inform] : check_modem_cmd()         : Recv command form mdas server to Modem , Byte : 1
22_Oct_2019 13:06:18 : [Inform] : proc_modem_cmd()          : Recvd Keep Alive cmd, sending back resp 
22_Oct_2019 13:06:23 : [Inform] : check_modem_cmd()         : Recv command form mdas server to Modem , Byte : 1
22_Oct_2019 13:06:23 : [Inform] : proc_modem_cmd()          : Recvd Keep Alive cmd, sending back resp 
22_Oct_2019 13:06:28 : [Inform] : check_modem_cmd()         : Recv command form mdas server to Modem , Byte : 1
22_Oct_2019 13:06:28 : [Inform] : proc_modem_cmd()          : Recvd Keep Alive cmd, sending back resp 
22_Oct_2019 13:06:33 : [Inform] : check_modem_cmd()         : Recv command form mdas server to Modem , Byte : 1
22_Oct_2019 13:06:33 : [Inform] : proc_modem_cmd()          : Recvd Keep Alive cmd, sending back resp 
22_Oct_2019 13:06:38 : [Inform] : check_modem_cmd()         : Recv command form mdas server to Modem , Byte : 1
22_Oct_2019 13:06:38 : [Inform] : proc_modem_cmd()          : Recvd Keep Alive cmd, sending back resp 
22_Oct_2019 13:06:43 : [Inform] : check_modem_cmd()         : Recv command form mdas server to Modem , Byte : 1
22_Oct_2019 13:06:43 : [Inform] : proc_modem_cmd()          : Recvd Keep Alive cmd, sending back resp 
22_Oct_2019 13:06:48 : [Inform] : check_modem_cmd()         : Recv command form mdas server to Modem , Byte : 1
22_Oct_2019 13:06:48 : [Inform] : proc_modem_cmd()          : Recvd Keep Alive cmd, sending back resp 
22_Oct_2019 13:06:53 : [Inform] : check_modem_cmd()         : Recv command form mdas server to Modem , Byte : 1
22_Oct_2019 13:06:53 : [Inform] : proc_modem_cmd()          : Recvd Keep Alive cmd, sending back resp 
22_Oct_2019 13:06:58 : [Inform] : check_modem_cmd()         : Recv command form mdas server to Modem , Byte : 1
22_Oct_2019 13:06:58 : [Inform] : proc_modem_cmd()          : Recvd Keep Alive cmd, sending back resp 
22_Oct_2019 13:07:03 : [Inform] : check_modem_cmd()         : Recv command form mdas server to Modem , Byte : 1
22_Oct_2019 13:07:03 : [Inform] : proc_modem_cmd()          : Recvd Keep Alive cmd, sending back resp 
22_Oct_2019 13:07:08 : [Inform] : check_modem_cmd()         : Recv command form mdas server to Modem , Byte : 1
22_Oct_2019 13:07:08 : [Inform] : proc_modem_cmd()          : Recvd Keep Alive cmd, sending back resp 
22_Oct_2019 13:07:13 : [Inform] : check_modem_cmd()         : Recv command form mdas server to Modem , Byte : 1
22_Oct_2019 13:07:13 : [Inform] : proc_modem_cmd()          : Recvd Keep Alive cmd, sending back resp 
22_Oct_2019 13:07:18 : [Inform] : check_modem_cmd()         : Recv command form mdas server to Modem , Byte : 1
22_Oct_2019 13:07:18 : [Inform] : proc_modem_cmd()          : Recvd Keep Alive cmd, sending back resp 
22_Oct_2019 13:07:23 : [Inform] : check_modem_cmd()         : Recv command form mdas server to Modem , Byte : 1
22_Oct_2019 13:07:23 : [Inform] : proc_modem_cmd()          : Recvd Keep Alive cmd, sending back resp 
22_Oct_2019 13:07:28 : [Inform] : check_modem_cmd()         : Recv command form mdas server to Modem , Byte : 1
22_Oct_2019 13:07:28 : [Inform] : proc_modem_cmd()          : Recvd Keep Alive cmd, sending back resp 
22_Oct_2019 13:07:33 : [Inform] : check_modem_cmd()         : Recv command form mdas server to Modem , Byte : 1
22_Oct_2019 13:07:33 : [Inform] : proc_modem_cmd()          : Recvd Keep Alive cmd, sending back resp 
22_Oct_2019 13:07:38 : [Inform] : check_modem_cmd()         : Recv command form mdas server to Modem , Byte : 1
22_Oct_2019 13:07:38 : [Inform] : proc_modem_cmd()          : Recvd Keep Alive cmd, sending back resp 
22_Oct_2019 13:07:43 : [Inform] : check_modem_cmd()         : Recv command form mdas server to Modem , Byte : 1
22_Oct_2019 13:07:43 : [Inform] : proc_modem_cmd()          : Recvd Keep Alive cmd, sending back resp 
22_Oct_2019 13:07:48 : [Inform] : check_modem_cmd()         : Recv command form mdas server to Modem , Byte : 1
22_Oct_2019 13:07:48 : [Inform] : proc_modem_cmd()          : Recvd Keep Alive cmd, sending back resp 
22_Oct_2019 13:07:53 : [Inform] : check_modem_cmd()         : Recv command form mdas server to Modem , Byte : 1
22_Oct_2019 13:07:53 : [Inform] : proc_modem_cmd()          : Recvd Keep Alive cmd, sending back resp 
22_Oct_2019 13:07:58 : [Inform] : check_modem_cmd()         : Recv command form mdas server to Modem , Byte : 1
22_Oct_2019 13:07:58 : [Inform] : proc_modem_cmd()          : Recvd Keep Alive cmd, sending back resp 
22_Oct_2019 13:08:03 : [Inform] : check_modem_cmd()         : Recv command form mdas server to Modem , Byte : 1
22_Oct_2019 13:08:03 : [Inform] : proc_modem_cmd()          : Recvd Keep Alive cmd, sending back resp 
22_Oct_2019 13:08:08 : [Inform] : check_modem_cmd()         : Recv command form mdas server to Modem , Byte : 1
22_Oct_2019 13:08:08 : [Inform] : proc_modem_cmd()          : Recvd Keep Alive cmd, sending back resp 
22_Oct_2019 13:08:13 : [Inform] : check_modem_cmd()         : Recv command form mdas server to Modem , Byte : 1
22_Oct_2019 13:08:13 : [Inform] : proc_modem_cmd()          : Recvd Keep Alive cmd, sending back resp 
22_Oct_2019 13:08:25 : [Inform] : proc_modem_thread()       : Sending HC Message
22_Oct_2019 13:08:25 : [Inform] : send_modem_startup_msg()  : Send HC msg resp len : 492
22_Oct_2019 13:08:25 : [Inform] : check_modem_cmd()         : Recv command form mdas server to Modem , Byte : 1
22_Oct_2019 13:08:25 : [Inform] : proc_modem_cmd()          : Recvd Keep Alive cmd, sending back resp 
22_Oct_2019 13:08:25 : [Inform] : check_modem_cmd()         : Recv command form mdas server to Modem , Byte : 1
22_Oct_2019 13:08:25 : [Inform] : proc_modem_cmd()          : Recvd Keep Alive cmd, sending back resp 
22_Oct_2019 13:08:28 : [Inform] : check_modem_cmd()         : Recv command form mdas server to Modem , Byte : 1
22_Oct_2019 13:08:28 : [Inform] : proc_modem_cmd()          : Recvd Keep Alive cmd, sending back resp 
22_Oct_2019 13:08:33 : [Inform] : check_modem_cmd()         : Recv command form mdas server to Modem , Byte : 1
22_Oct_2019 13:08:33 : [Inform] : proc_modem_cmd()          : Recvd Keep Alive cmd, sending back resp 
22_Oct_2019 13:08:38 : [Inform] : check_modem_cmd()         : Recv command form mdas server to Modem , Byte : 1
22_Oct_2019 13:08:38 : [Inform] : proc_modem_cmd()          : Recvd Keep Alive cmd, sending back resp 
22_Oct_2019 13:08:43 : [Inform] : check_modem_cmd()         : Recv command form mdas server to Modem , Byte : 1
22_Oct_2019 13:08:43 : [Inform] : proc_modem_cmd()          : Recvd Keep Alive cmd, sending back resp 
22_Oct_2019 13:08:48 : [Inform] : check_modem_cmd()         : Recv command form mdas server to Modem , Byte : 1
22_Oct_2019 13:08:48 : [Inform] : proc_modem_cmd()          : Recvd Keep Alive cmd, sending back resp 
22_Oct_2019 13:08:53 : [Inform] : check_modem_cmd()         : Recv command form mdas server to Modem , Byte : 1
22_Oct_2019 13:08:53 : [Inform] : proc_modem_cmd()          : Recvd Keep Alive cmd, sending back resp 
22_Oct_2019 13:08:58 : [Inform] : check_modem_cmd()         : Recv command form mdas server to Modem , Byte : 1
22_Oct_2019 13:08:58 : [Inform] : proc_modem_cmd()          : Recvd Keep Alive cmd, sending back resp 
22_Oct_2019 13:09:03 : [Inform] : check_modem_cmd()         : Recv command form mdas server to Modem , Byte : 1
22_Oct_2019 13:09:03 : [Inform] : proc_modem_cmd()          : Recvd Keep Alive cmd, sending back resp 
22_Oct_2019 13:09:08 : [Inform] : check_modem_cmd()         : Recv command form mdas server to Modem , Byte : 1
22_Oct_2019 13:09:08 : [Inform] : proc_modem_cmd()          : Recvd Keep Alive cmd, sending back resp 
22_Oct_2019 13:09:13 : [Inform] : check_modem_cmd()         : Recv command form mdas server to Modem , Byte : 1
22_Oct_2019 13:09:13 : [Inform] : proc_modem_cmd()          : Recvd Keep Alive cmd, sending back resp 
22_Oct_2019 13:09:18 : [Inform] : check_modem_cmd()         : Recv command form mdas server to Modem , Byte : 1
22_Oct_2019 13:09:18 : [Inform] : proc_modem_cmd()          : Recvd Keep Alive cmd, sending back resp 
22_Oct_2019 13:09:23 : [Inform] : check_modem_cmd()         : Recv command form mdas server to Modem , Byte : 1
22_Oct_2019 13:09:23 : [Inform] : proc_modem_cmd()          : Recvd Keep Alive cmd, sending back resp 
22_Oct_2019 13:09:28 : [Inform] : check_modem_cmd()         : Recv command form mdas server to Modem , Byte : 1
22_Oct_2019 13:09:28 : [Inform] : proc_modem_cmd()          : Recvd Keep Alive cmd, sending back resp 
22_Oct_2019 13:09:33 : [Inform] : check_modem_cmd()         : Recv command form mdas server to Modem , Byte : 1
22_Oct_2019 13:09:33 : [Inform] : proc_modem_cmd()          : Recvd Keep Alive cmd, sending back resp 
22_Oct_2019 13:09:38 : [Inform] : check_modem_cmd()         : Recv command form mdas server to Modem , Byte : 1
22_Oct_2019 13:09:38 : [Inform] : proc_modem_cmd()          : Recvd Keep Alive cmd, sending back resp 
22_Oct_2019 13:09:43 : [Inform] : check_modem_cmd()         : Recv command form mdas server to Modem , Byte : 1
22_Oct_2019 13:09:43 : [Inform] : proc_modem_cmd()          : Recvd Keep Alive cmd, sending back resp 
22_Oct_2019 13:09:48 : [Inform] : check_modem_cmd()         : Recv command form mdas server to Modem , Byte : 1
22_Oct_2019 13:09:48 : [Inform] : proc_modem_cmd()          : Recvd Keep Alive cmd, sending back resp 
22_Oct_2019 13:09:53 : [Inform] : check_modem_cmd()         : Recv command form mdas server to Modem , Byte : 1
22_Oct_2019 13:09:53 : [Inform] : proc_modem_cmd()          : Recvd Keep Alive cmd, sending back resp 
22_Oct_2019 13:09:58 : [Inform] : check_modem_cmd()         : Recv command form mdas server to Modem , Byte : 1
22_Oct_2019 13:09:58 : [Inform] : proc_modem_cmd()          : Recvd Keep Alive cmd, sending back resp 
22_Oct_2019 13:10:03 : [Inform] : check_modem_cmd()         : Recv command form mdas server to Modem , Byte : 1
22_Oct_2019 13:10:03 : [Inform] : proc_modem_cmd()          : Recvd Keep Alive cmd, sending back resp 
22_Oct_2019 13:10:08 : [Inform] : check_modem_cmd()         : Recv command form mdas server to Modem , Byte : 1
22_Oct_2019 13:10:08 : [Inform] : proc_modem_cmd()          : Recvd Keep Alive cmd, sending back resp 
22_Oct_2019 13:10:13 : [Inform] : check_modem_cmd()         : Recv command form mdas server to Modem , Byte : 1
22_Oct_2019 13:10:13 : [Inform] : proc_modem_cmd()          : Recvd Keep Alive cmd, sending back resp 
22_Oct_2019 13:10:18 : [Inform] : check_modem_cmd()         : Recv command form mdas server to Modem , Byte : 1
22_Oct_2019 13:10:18 : [Inform] : proc_modem_cmd()          : Recvd Keep Alive cmd, sending back resp 
22_Oct_2019 13:10:23 : [Inform] : check_modem_cmd()         : Recv command form mdas server to Modem , Byte : 1
22_Oct_2019 13:10:23 : [Inform] : proc_modem_cmd()          : Recvd Keep Alive cmd, sending back resp 
22_Oct_2019 13:10:38 : [Inform] : check_modem_cmd()         : Recv command form mdas server to Modem , Byte : 1
22_Oct_2019 13:10:38 : [Inform] : proc_modem_cmd()          : Recvd Keep Alive cmd, sending back resp 
22_Oct_2019 13:10:38 : [Inform] : check_modem_cmd()         : Recv command form mdas server to Modem , Byte : 1
22_Oct_2019 13:10:38 : [Inform] : proc_modem_cmd()          : Recvd Keep Alive cmd, sending back resp 
22_Oct_2019 13:10:38 : [Inform] : check_modem_cmd()         : Recv command form mdas server to Modem , Byte : 1
22_Oct_2019 13:10:38 : [Inform] : proc_modem_cmd()          : Recvd Keep Alive cmd, sending back resp 
22_Oct_2019 13:10:43 : [Inform] : check_modem_cmd()         : Recv command form mdas server to Modem , Byte : 1
22_Oct_2019 13:10:43 : [Inform] : proc_modem_cmd()          : Recvd Keep Alive cmd, sending back resp 
22_Oct_2019 13:10:48 : [Inform] : check_modem_cmd()         : Recv command form mdas server to Modem , Byte : 1
22_Oct_2019 13:10:48 : [Inform] : proc_modem_cmd()          : Recvd Keep Alive cmd, sending back resp 
22_Oct_2019 13:10:53 : [Inform] : check_modem_cmd()         : Recv command form mdas server to Modem , Byte : 1
22_Oct_2019 13:10:53 : [Inform] : proc_modem_cmd()          : Recvd Keep Alive cmd, sending back resp 
22_Oct_2019 13:10:58 : [Inform] : check_modem_cmd()         : Recv command form mdas server to Modem , Byte : 1
22_Oct_2019 13:10:58 : [Inform] : proc_modem_cmd()          : Recvd Keep Alive cmd, sending back resp 
22_Oct_2019 13:11:03 : [Inform] : check_modem_cmd()         : Recv command form mdas server to Modem , Byte : 1
22_Oct_2019 13:11:03 : [Inform] : proc_modem_cmd()          : Recvd Keep Alive cmd, sending back resp 
22_Oct_2019 13:11:08 : [Inform] : check_modem_cmd()         : Recv command form mdas server to Modem , Byte : 1
22_Oct_2019 13:11:08 : [Inform] : proc_modem_cmd()          : Recvd Keep Alive cmd, sending back resp 
22_Oct_2019 13:11:13 : [Inform] : check_modem_cmd()         : Recv command form mdas server to Modem , Byte : 1
22_Oct_2019 13:11:13 : [Inform] : proc_modem_cmd()          : Recvd Keep Alive cmd, sending back resp 
22_Oct_2019 13:11:18 : [Inform] : check_modem_cmd()         : Recv command form mdas server to Modem , Byte : 1
22_Oct_2019 13:11:18 : [Inform] : proc_modem_cmd()          : Recvd Keep Alive cmd, sending back resp 
22_Oct_2019 13:11:23 : [Inform] : check_modem_cmd()         : Recv command form mdas server to Modem , Byte : 1
22_Oct_2019 13:11:23 : [Inform] : proc_modem_cmd()          : Recvd Keep Alive cmd, sending back resp 
22_Oct_2019 13:11:27 : [Inform] : proc_modem_thread()       : Sending HC Message
22_Oct_2019 13:11:27 : [Inform] : send_modem_startup_msg()  : Send HC msg resp len : 492
22_Oct_2019 13:11:28 : [Inform] : check_modem_cmd()         : Recv command form mdas server to Modem , Byte : 1
22_Oct_2019 13:11:28 : [Inform] : proc_modem_cmd()          : Recvd Keep Alive cmd, sending back resp 
22_Oct_2019 13:11:33 : [Inform] : check_modem_cmd()         : Recv command form mdas server to Modem , Byte : 1
22_Oct_2019 13:11:33 : [Inform] : proc_modem_cmd()          : Recvd Keep Alive cmd, sending back resp 
22_Oct_2019 13:11:38 : [Inform] : check_modem_cmd()         : Recv command form mdas server to Modem , Byte : 1
22_Oct_2019 13:11:38 : [Inform] : proc_modem_cmd()          : Recvd Keep Alive cmd, sending back resp 
22_Oct_2019 13:11:43 : [Inform] : check_modem_cmd()         : Recv command form mdas server to Modem , Byte : 1
22_Oct_2019 13:11:43 : [Inform] : proc_modem_cmd()          : Recvd Keep Alive cmd, sending back resp 
22_Oct_2019 13:11:48 : [Inform] : check_modem_cmd()         : Recv command form mdas server to Modem , Byte : 1
22_Oct_2019 13:11:48 : [Inform] : proc_modem_cmd()          : Recvd Keep Alive cmd, sending back resp 
22_Oct_2019 13:11:53 : [Inform] : check_modem_cmd()         : Recv command form mdas server to Modem , Byte : 1
22_Oct_2019 13:11:53 : [Inform] : proc_modem_cmd()          : Recvd Keep Alive cmd, sending back resp 
22_Oct_2019 13:11:58 : [Inform] : check_modem_cmd()         : Recv command form mdas server to Modem , Byte : 1
22_Oct_2019 13:11:58 : [Inform] : proc_modem_cmd()          : Recvd Keep Alive cmd, sending back resp 
22_Oct_2019 13:12:03 : [Inform] : check_modem_cmd()         : Recv command form mdas server to Modem , Byte : 1
22_Oct_2019 13:12:03 : [Inform] : proc_modem_cmd()          : Recvd Keep Alive cmd, sending back resp 
22_Oct_2019 13:12:08 : [Inform] : check_modem_cmd()         : Recv command form mdas server to Modem , Byte : 1
22_Oct_2019 13:12:08 : [Inform] : proc_modem_cmd()          : Recvd Keep Alive cmd, sending back resp 
22_Oct_2019 13:12:13 : [Inform] : check_modem_cmd()         : Recv command form mdas server to Modem , Byte : 1
22_Oct_2019 13:12:13 : [Inform] : proc_modem_cmd()          : Recvd Keep Alive cmd, sending back resp 
22_Oct_2019 13:12:18 : [Inform] : check_modem_cmd()         : Recv command form mdas server to Modem , Byte : 1
22_Oct_2019 13:12:18 : [Inform] : proc_modem_cmd()          : Recvd Keep Alive cmd, sending back resp 
22_Oct_2019 13:12:23 : [Inform] : check_modem_cmd()         : Recv command form mdas server to Modem , Byte : 1
22_Oct_2019 13:12:23 : [Inform] : proc_modem_cmd()          : Recvd Keep Alive cmd, sending back resp 
22_Oct_2019 13:12:28 : [Inform] : check_modem_cmd()         : Recv command form mdas server to Modem , Byte : 1
22_Oct_2019 13:12:28 : [Inform] : proc_modem_cmd()          : Recvd Keep Alive cmd, sending back resp 
22_Oct_2019 13:12:33 : [Inform] : check_modem_cmd()         : Recv command form mdas server to Modem , Byte : 1
22_Oct_2019 13:12:33 : [Inform] : proc_modem_cmd()          : Recvd Keep Alive cmd, sending back resp 
22_Oct_2019 13:12:38 : [Inform] : check_modem_cmd()         : Recv command form mdas server to Modem , Byte : 1
22_Oct_2019 13:12:38 : [Inform] : proc_modem_cmd()          : Recvd Keep Alive cmd, sending back resp 
22_Oct_2019 13:12:43 : [Inform] : check_modem_cmd()         : Recv command form mdas server to Modem , Byte : 1
22_Oct_2019 13:12:43 : [Inform] : proc_modem_cmd()          : Recvd Keep Alive cmd, sending back resp 
22_Oct_2019 13:12:48 : [Inform] : check_modem_cmd()         : Recv command form mdas server to Modem , Byte : 1
22_Oct_2019 13:12:48 : [Inform] : proc_modem_cmd()          : Recvd Keep Alive cmd, sending back resp 
22_Oct_2019 13:12:53 : [Inform] : check_modem_cmd()         : Recv command form mdas server to Modem , Byte : 1
22_Oct_2019 13:12:53 : [Inform] : proc_modem_cmd()          : Recvd Keep Alive cmd, sending back resp 
22_Oct_2019 13:12:58 : [Inform] : check_modem_cmd()         : Recv command form mdas server to Modem , Byte : 1
22_Oct_2019 13:12:58 : [Inform] : proc_modem_cmd()          : Recvd Keep Alive cmd, sending back resp 
22_Oct_2019 13:13:03 : [Inform] : check_modem_cmd()         : Recv command form mdas server to Modem , Byte : 1
22_Oct_2019 13:13:03 : [Inform] : proc_modem_cmd()          : Recvd Keep Alive cmd, sending back resp 
22_Oct_2019 13:13:08 : [Inform] : check_modem_cmd()         : Recv command form mdas server to Modem , Byte : 1
22_Oct_2019 13:13:08 : [Inform] : proc_modem_cmd()          : Recvd Keep Alive cmd, sending back resp 
22_Oct_2019 13:13:13 : [Inform] : check_modem_cmd()         : Recv command form mdas server to Modem , Byte : 1
22_Oct_2019 13:13:13 : [Inform] : proc_modem_cmd()          : Recvd Keep Alive cmd, sending back resp 
22_Oct_2019 13:13:18 : [Inform] : check_modem_cmd()         : Recv command form mdas server to Modem , Byte : 1
22_Oct_2019 13:13:18 : [Inform] : proc_modem_cmd()          : Recvd Keep Alive cmd, sending back resp 
22_Oct_2019 13:13:23 : [Inform] : check_modem_cmd()         : Recv command form mdas server to Modem , Byte : 1
22_Oct_2019 13:13:23 : [Inform] : proc_modem_cmd()          : Recvd Keep Alive cmd, sending back resp 
22_Oct_2019 13:13:28 : [Inform] : check_modem_cmd()         : Recv command form mdas server to Modem , Byte : 1
22_Oct_2019 13:13:28 : [Inform] : proc_modem_cmd()          : Recvd Keep Alive cmd, sending back resp 
22_Oct_2019 13:13:33 : [Inform] : check_modem_cmd()         : Recv command form mdas server to Modem , Byte : 1
22_Oct_2019 13:13:33 : [Inform] : proc_modem_cmd()          : Recvd Keep Alive cmd, sending back resp 
22_Oct_2019 13:13:38 : [Inform] : check_modem_cmd()         : Recv command form mdas server to Modem , Byte : 1
22_Oct_2019 13:13:38 : [Inform] : proc_modem_cmd()          : Recvd Keep Alive cmd, sending back resp 
22_Oct_2019 13:13:43 : [Inform] : check_modem_cmd()         : Recv command form mdas server to Modem , Byte : 1
22_Oct_2019 13:13:43 : [Inform] : proc_modem_cmd()          : Recvd Keep Alive cmd, sending back resp 
22_Oct_2019 13:13:48 : [Inform] : check_modem_cmd()         : Recv command form mdas server to Modem , Byte : 1
22_Oct_2019 13:13:48 : [Inform] : proc_modem_cmd()          : Recvd Keep Alive cmd, sending back resp 
22_Oct_2019 13:13:53 : [Inform] : check_modem_cmd()         : Recv command form mdas server to Modem , Byte : 1
22_Oct_2019 13:13:53 : [Inform] : proc_modem_cmd()          : Recvd Keep Alive cmd, sending back resp 
22_Oct_2019 13:13:58 : [Inform] : check_modem_cmd()         : Recv command form mdas server to Modem , Byte : 1
22_Oct_2019 13:13:58 : [Inform] : proc_modem_cmd()          : Recvd Keep Alive cmd, sending back resp 
22_Oct_2019 13:14:03 : [Inform] : check_modem_cmd()         : Recv command form mdas server to Modem , Byte : 1
22_Oct_2019 13:14:03 : [Inform] : proc_modem_cmd()          : Recvd Keep Alive cmd, sending back resp 
22_Oct_2019 13:14:08 : [Inform] : check_modem_cmd()         : Recv command form mdas server to Modem , Byte : 1
22_Oct_2019 13:14:08 : [Inform] : proc_modem_cmd()          : Recvd Keep Alive cmd, sending back resp 
22_Oct_2019 13:14:13 : [Inform] : check_modem_cmd()         : Recv command form mdas server to Modem , Byte : 1
22_Oct_2019 13:14:13 : [Inform] : proc_modem_cmd()          : Recvd Keep Alive cmd, sending back resp 
22_Oct_2019 13:14:18 : [Inform] : check_modem_cmd()         : Recv command form mdas server to Modem , Byte : 1
22_Oct_2019 13:14:18 : [Inform] : proc_modem_cmd()          : Recvd Keep Alive cmd, sending back resp 
22_Oct_2019 13:14:23 : [Inform] : check_modem_cmd()         : Recv command form mdas server to Modem , Byte : 1
22_Oct_2019 13:14:23 : [Inform] : proc_modem_cmd()          : Recvd Keep Alive cmd, sending back resp 
22_Oct_2019 13:14:28 : [Inform] : check_modem_cmd()         : Recv command form mdas server to Modem , Byte : 1
22_Oct_2019 13:14:28 : [Inform] : proc_modem_cmd()          : Recvd Keep Alive cmd, sending back resp 
22_Oct_2019 13:14:28 : [Inform] : proc_modem_thread()       : Sending HC Message
22_Oct_2019 13:14:28 : [Inform] : send_modem_startup_msg()  : Send HC msg resp len : 492
22_Oct_2019 13:14:33 : [Inform] : check_modem_cmd()         : Recv command form mdas server to Modem , Byte : 1
22_Oct_2019 13:14:33 : [Inform] : proc_modem_cmd()          : Recvd Keep Alive cmd, sending back resp 
22_Oct_2019 13:14:38 : [Inform] : check_modem_cmd()         : Recv command form mdas server to Modem , Byte : 1
22_Oct_2019 13:14:38 : [Inform] : proc_modem_cmd()          : Recvd Keep Alive cmd, sending back resp 
22_Oct_2019 13:14:43 : [Inform] : check_modem_cmd()         : Recv command form mdas server to Modem , Byte : 1
22_Oct_2019 13:14:43 : [Inform] : proc_modem_cmd()          : Recvd Keep Alive cmd, sending back resp 
22_Oct_2019 13:14:48 : [Inform] : check_modem_cmd()         : Recv command form mdas server to Modem , Byte : 1
22_Oct_2019 13:14:48 : [Inform] : proc_modem_cmd()          : Recvd Keep Alive cmd, sending back resp 
22_Oct_2019 13:14:53 : [Inform] : check_modem_cmd()         : Recv command form mdas server to Modem , Byte : 1
22_Oct_2019 13:14:53 : [Inform] : proc_modem_cmd()          : Recvd Keep Alive cmd, sending back resp 
22_Oct_2019 13:14:58 : [Inform] : check_modem_cmd()         : Recv command form mdas server to Modem , Byte : 1
22_Oct_2019 13:14:58 : [Inform] : proc_modem_cmd()          : Recvd Keep Alive cmd, sending back resp 
22_Oct_2019 13:15:06 : [Inform] : check_modem_cmd()         : Recv command form mdas server to Modem , Byte : 1
22_Oct_2019 13:15:06 : [Inform] : proc_modem_cmd()          : Recvd Keep Alive cmd, sending back resp 
22_Oct_2019 13:15:08 : [Inform] : check_modem_cmd()         : Recv command form mdas server to Modem , Byte : 1
22_Oct_2019 13:15:08 : [Inform] : proc_modem_cmd()          : Recvd Keep Alive cmd, sending back resp 
22_Oct_2019 13:15:13 : [Inform] : check_modem_cmd()         : Recv command form mdas server to Modem , Byte : 1
22_Oct_2019 13:15:13 : [Inform] : proc_modem_cmd()          : Recvd Keep Alive cmd, sending back resp 
22_Oct_2019 13:15:18 : [Inform] : check_modem_cmd()         : Recv command form mdas server to Modem , Byte : 1
22_Oct_2019 13:15:18 : [Inform] : proc_modem_cmd()          : Recvd Keep Alive cmd, sending back resp 
22_Oct_2019 13:15:23 : [Inform] : check_modem_cmd()         : Recv command form mdas server to Modem , Byte : 1
22_Oct_2019 13:15:23 : [Inform] : proc_modem_cmd()          : Recvd Keep Alive cmd, sending back resp 
22_Oct_2019 13:15:28 : [Inform] : check_modem_cmd()         : Recv command form mdas server to Modem , Byte : 1
22_Oct_2019 13:15:28 : [Inform] : proc_modem_cmd()          : Recvd Keep Alive cmd, sending back resp 
22_Oct_2019 13:15:33 : [Inform] : check_modem_cmd()         : Recv command form mdas server to Modem , Byte : 1
22_Oct_2019 13:15:33 : [Inform] : proc_modem_cmd()          : Recvd Keep Alive cmd, sending back resp 
22_Oct_2019 13:15:38 : [Inform] : check_modem_cmd()         : Recv command form mdas server to Modem , Byte : 1
22_Oct_2019 13:15:38 : [Inform] : proc_modem_cmd()          : Recvd Keep Alive cmd, sending back resp 
22_Oct_2019 13:15:43 : [Inform] : check_modem_cmd()         : Recv command form mdas server to Modem , Byte : 1
22_Oct_2019 13:15:43 : [Inform] : proc_modem_cmd()          : Recvd Keep Alive cmd, sending back resp 
22_Oct_2019 13:15:48 : [Inform] : check_modem_cmd()         : Recv command form mdas server to Modem , Byte : 1
22_Oct_2019 13:15:48 : [Inform] : proc_modem_cmd()          : Recvd Keep Alive cmd, sending back resp 
22_Oct_2019 13:15:53 : [Inform] : check_modem_cmd()         : Recv command form mdas server to Modem , Byte : 1
22_Oct_2019 13:15:53 : [Inform] : proc_modem_cmd()          : Recvd Keep Alive cmd, sending back resp 
22_Oct_2019 13:15:58 : [Inform] : check_modem_cmd()         : Recv command form mdas server to Modem , Byte : 1
22_Oct_2019 13:15:58 : [Inform] : proc_modem_cmd()          : Recvd Keep Alive cmd, sending back resp 
22_Oct_2019 13:16:03 : [Inform] : check_modem_cmd()         : Recv command form mdas server to Modem , Byte : 1
22_Oct_2019 13:16:03 : [Inform] : proc_modem_cmd()          : Recvd Keep Alive cmd, sending back resp 
22_Oct_2019 13:16:08 : [Inform] : check_modem_cmd()         : Recv command form mdas server to Modem , Byte : 1
22_Oct_2019 13:16:08 : [Inform] : proc_modem_cmd()          : Recvd Keep Alive cmd, sending back resp 
22_Oct_2019 13:16:13 : [Inform] : check_modem_cmd()         : Recv command form mdas server to Modem , Byte : 1
22_Oct_2019 13:16:13 : [Inform] : proc_modem_cmd()          : Recvd Keep Alive cmd, sending back resp 
22_Oct_2019 13:16:18 : [Inform] : check_modem_cmd()         : Recv command form mdas server to Modem , Byte : 1
22_Oct_2019 13:16:18 : [Inform] : proc_modem_cmd()          : Recvd Keep Alive cmd, sending back resp 
22_Oct_2019 13:16:23 : [Inform] : check_modem_cmd()         : Recv command form mdas server to Modem , Byte : 1
22_Oct_2019 13:16:23 : [Inform] : proc_modem_cmd()          : Recvd Keep Alive cmd, sending back resp 
22_Oct_2019 13:16:28 : [Inform] : check_modem_cmd()         : Recv command form mdas server to Modem , Byte : 1
22_Oct_2019 13:16:28 : [Inform] : proc_modem_cmd()          : Recvd Keep Alive cmd, sending back resp 
22_Oct_2019 13:16:33 : [Inform] : check_modem_cmd()         : Recv command form mdas server to Modem , Byte : 1
22_Oct_2019 13:16:33 : [Inform] : proc_modem_cmd()          : Recvd Keep Alive cmd, sending back resp 
22_Oct_2019 13:16:53 : [Inform] : check_modem_cmd()         : Recv command form mdas server to Modem , Byte : 1
22_Oct_2019 13:16:53 : [Inform] : proc_modem_cmd()          : Recvd Keep Alive cmd, sending back resp 
22_Oct_2019 13:16:53 : [Inform] : check_modem_cmd()         : Recv command form mdas server to Modem , Byte : 2
22_Oct_2019 13:16:53 : [Inform] : proc_modem_cmd()          : Recvd Keep Alive cmd, sending back resp 
22_Oct_2019 13:16:53 : [Inform] : check_modem_cmd()         : Recv command form mdas server to Modem , Byte : 1
22_Oct_2019 13:16:53 : [Inform] : proc_modem_cmd()          : Recvd Keep Alive cmd, sending back resp 
22_Oct_2019 13:16:58 : [Inform] : check_modem_cmd()         : Recv command form mdas server to Modem , Byte : 1
22_Oct_2019 13:16:58 : [Inform] : proc_modem_cmd()          : Recvd Keep Alive cmd, sending back resp 
22_Oct_2019 13:17:03 : [Inform] : check_modem_cmd()         : Recv command form mdas server to Modem , Byte : 1
22_Oct_2019 13:17:03 : [Inform] : proc_modem_cmd()          : Recvd Keep Alive cmd, sending back resp 
22_Oct_2019 13:17:08 : [Inform] : check_modem_cmd()         : Recv command form mdas server to Modem , Byte : 1
22_Oct_2019 13:17:08 : [Inform] : proc_modem_cmd()          : Recvd Keep Alive cmd, sending back resp 
22_Oct_2019 13:17:13 : [Inform] : check_modem_cmd()         : Recv command form mdas server to Modem , Byte : 1
22_Oct_2019 13:17:13 : [Inform] : proc_modem_cmd()          : Recvd Keep Alive cmd, sending back resp 
22_Oct_2019 13:17:18 : [Inform] : check_modem_cmd()         : Recv command form mdas server to Modem , Byte : 1
22_Oct_2019 13:17:18 : [Inform] : proc_modem_cmd()          : Recvd Keep Alive cmd, sending back resp 
22_Oct_2019 13:17:23 : [Inform] : check_modem_cmd()         : Recv command form mdas server to Modem , Byte : 1
22_Oct_2019 13:17:23 : [Inform] : proc_modem_cmd()          : Recvd Keep Alive cmd, sending back resp 
22_Oct_2019 13:17:28 : [Inform] : check_modem_cmd()         : Recv command form mdas server to Modem , Byte : 1
22_Oct_2019 13:17:28 : [Inform] : proc_modem_cmd()          : Recvd Keep Alive cmd, sending back resp 
22_Oct_2019 13:17:32 : [Inform] : proc_modem_thread()       : Sending HC Message
22_Oct_2019 13:17:32 : [Inform] : send_modem_startup_msg()  : Send HC msg resp len : 492
22_Oct_2019 13:17:33 : [Inform] : check_modem_cmd()         : Recv command form mdas server to Modem , Byte : 1
22_Oct_2019 13:17:33 : [Inform] : proc_modem_cmd()          : Recvd Keep Alive cmd, sending back resp 
22_Oct_2019 13:17:38 : [Inform] : check_modem_cmd()         : Recv command form mdas server to Modem , Byte : 1
22_Oct_2019 13:17:38 : [Inform] : proc_modem_cmd()          : Recvd Keep Alive cmd, sending back resp 
22_Oct_2019 13:17:43 : [Inform] : check_modem_cmd()         : Recv command form mdas server to Modem , Byte : 1
22_Oct_2019 13:17:43 : [Inform] : proc_modem_cmd()          : Recvd Keep Alive cmd, sending back resp 
22_Oct_2019 13:17:48 : [Inform] : check_modem_cmd()         : Recv command form mdas server to Modem , Byte : 1
22_Oct_2019 13:17:48 : [Inform] : proc_modem_cmd()          : Recvd Keep Alive cmd, sending back resp 
22_Oct_2019 13:17:53 : [Inform] : check_modem_cmd()         : Recv command form mdas server to Modem , Byte : 1
22_Oct_2019 13:17:53 : [Inform] : proc_modem_cmd()          : Recvd Keep Alive cmd, sending back resp 
22_Oct_2019 13:17:58 : [Inform] : check_modem_cmd()         : Recv command form mdas server to Modem , Byte : 1
22_Oct_2019 13:17:58 : [Inform] : proc_modem_cmd()          : Recvd Keep Alive cmd, sending back resp 
22_Oct_2019 13:18:03 : [Inform] : check_modem_cmd()         : Recv command form mdas server to Modem , Byte : 1
22_Oct_2019 13:18:03 : [Inform] : proc_modem_cmd()          : Recvd Keep Alive cmd, sending back resp 
22_Oct_2019 13:18:08 : [Inform] : check_modem_cmd()         : Recv command form mdas server to Modem , Byte : 1
22_Oct_2019 13:18:08 : [Inform] : proc_modem_cmd()          : Recvd Keep Alive cmd, sending back resp 
22_Oct_2019 13:18:13 : [Inform] : check_modem_cmd()         : Recv command form mdas server to Modem , Byte : 1
22_Oct_2019 13:18:13 : [Inform] : proc_modem_cmd()          : Recvd Keep Alive cmd, sending back resp 
22_Oct_2019 13:18:18 : [Inform] : check_modem_cmd()         : Recv command form mdas server to Modem , Byte : 1
22_Oct_2019 13:18:18 : [Inform] : proc_modem_cmd()          : Recvd Keep Alive cmd, sending back resp 
22_Oct_2019 13:18:23 : [Inform] : check_modem_cmd()         : Recv command form mdas server to Modem , Byte : 1
22_Oct_2019 13:18:23 : [Inform] : proc_modem_cmd()          : Recvd Keep Alive cmd, sending back resp 
22_Oct_2019 13:18:28 : [Inform] : check_modem_cmd()         : Recv command form mdas server to Modem , Byte : 1
22_Oct_2019 13:18:28 : [Inform] : proc_modem_cmd()          : Recvd Keep Alive cmd, sending back resp 
22_Oct_2019 13:18:33 : [Inform] : check_modem_cmd()         : Recv command form mdas server to Modem , Byte : 1
22_Oct_2019 13:18:33 : [Inform] : proc_modem_cmd()          : Recvd Keep Alive cmd, sending back resp 
22_Oct_2019 13:18:38 : [Inform] : check_modem_cmd()         : Recv command form mdas server to Modem , Byte : 1
22_Oct_2019 13:18:38 : [Inform] : proc_modem_cmd()          : Recvd Keep Alive cmd, sending back resp 
22_Oct_2019 13:18:43 : [Inform] : check_modem_cmd()         : Recv command form mdas server to Modem , Byte : 1
22_Oct_2019 13:18:43 : [Inform] : proc_modem_cmd()          : Recvd Keep Alive cmd, sending back resp 
22_Oct_2019 13:18:48 : [Inform] : check_modem_cmd()         : Recv command form mdas server to Modem , Byte : 1
22_Oct_2019 13:18:48 : [Inform] : proc_modem_cmd()          : Recvd Keep Alive cmd, sending back resp 
22_Oct_2019 13:18:53 : [Inform] : check_modem_cmd()         : Recv command form mdas server to Modem , Byte : 1
22_Oct_2019 13:18:53 : [Inform] : proc_modem_cmd()          : Recvd Keep Alive cmd, sending back resp 
22_Oct_2019 13:18:58 : [Inform] : check_modem_cmd()         : Recv command form mdas server to Modem , Byte : 1
22_Oct_2019 13:18:58 : [Inform] : proc_modem_cmd()          : Recvd Keep Alive cmd, sending back resp 
22_Oct_2019 13:19:03 : [Inform] : check_modem_cmd()         : Recv command form mdas server to Modem , Byte : 1
22_Oct_2019 13:19:03 : [Inform] : proc_modem_cmd()          : Recvd Keep Alive cmd, sending back resp 
22_Oct_2019 13:19:08 : [Inform] : check_modem_cmd()         : Recv command form mdas server to Modem , Byte : 1
22_Oct_2019 13:19:08 : [Inform] : proc_modem_cmd()          : Recvd Keep Alive cmd, sending back resp 
22_Oct_2019 13:19:13 : [Inform] : check_modem_cmd()         : Recv command form mdas server to Modem , Byte : 1
22_Oct_2019 13:19:13 : [Inform] : proc_modem_cmd()          : Recvd Keep Alive cmd, sending back resp 
22_Oct_2019 13:19:18 : [Inform] : proc_msg()                : Keyboard Interrupt in Error : [Errno 10054] An existing connection was forcibly closed by the remote host
22_Oct_2019 13:19:18 : [Inform] : proc_msg()                : live_app_flag false Need to close every things
22_Oct_2019 13:19:18 : [Report] : proc_mdas_thread          : Problems in main function need to close
22_Oct_2019 13:19:18 : [Inform] : check_modem_cmd()         : Recv command form mdas server to Modem , Byte : 1
22_Oct_2019 13:19:18 : [Inform] : proc_modem_cmd()          : Recvd Keep Alive cmd, sending back resp 
22_Oct_2019 13:19:20 : [Inform] : proc_modem_thread()       : Modem thread error, returning from here
22_Oct_2019 13:19:22 : [Inform] : proc_mdas_thread          : KeyboardInterrupt or Problems in mdas_thread need to close in  read , Error : 0
