22_Oct_2019 12:57:48 : [Inform] : read_basic_cfg()          : Basic Config read success
22_Oct_2019 12:57:48 : [Inform] : mdas_db_init()            : Mysql Init done
22_Oct_2019 12:57:49 : [Inform] : create_all_table()        : Billing table created : BILLING_888889000000208
22_Oct_2019 12:57:49 : [Inform] : create_all_table()        : Event table created : EVENT_888889000000208
22_Oct_2019 12:57:49 : [Inform] : create_all_table()        : Instantanious table created : INST_888889000000208
22_Oct_2019 12:57:49 : [Inform] : create_all_table()        : Load Survey table created : LOAD_SURVEY_888889000000208
22_Oct_2019 12:57:49 : [Inform] : modem_sock_init()         : connected  to Host : 122.166.196.34 port : 8715
22_Oct_2019 12:57:49 : [Inform] : sock_init()               : connected  to Host : 122.166.196.34 port : 8710
22_Oct_2019 12:57:49 : [Inform] : main()                    : Recvd imei : 888889000000208, MeterSerNum : MET_SIM_208
22_Oct_2019 12:57:49 : [Inform] : proc_mdas_thread          : Sending 1st time imei num on mdas port,
22_Oct_2019 12:57:53 : [Inform] : send_modem_startup_msg()  : Send HC msg resp len : 492
22_Oct_2019 12:57:55 : [Inform] : proc_msg()                : -->>>Recvd Keep Alive cmd, sending back resp
22_Oct_2019 12:57:55 : [Report] : send_power_on_msg()       : Send Power On msg resp len : 124
22_Oct_2019 12:57:55 : [Inform] : check_modem_cmd()         : Recv command form mdas server to Modem , Byte : 25
22_Oct_2019 12:57:55 : [Inform] : proc_modem_cmd()          : Recv Command : TIME:19/10/22,12:57:51+22
22_Oct_2019 12:57:56 : [Inform] : check_modem_cmd()         : Recv command form mdas server to Modem , Byte : 1
22_Oct_2019 12:57:56 : [Inform] : proc_modem_cmd()          : Recvd Keep Alive cmd, sending back resp 
22_Oct_2019 12:58:01 : [Inform] : proc_msg()                : -->>>Recvd Keep Alive cmd, sending back resp
22_Oct_2019 12:58:01 : [Inform] : check_modem_cmd()         : Recv command form mdas server to Modem , Byte : 1
22_Oct_2019 12:58:01 : [Inform] : proc_modem_cmd()          : Recvd Keep Alive cmd, sending back resp 
22_Oct_2019 12:58:06 : [Inform] : check_modem_cmd()         : Recv command form mdas server to Modem , Byte : 1
22_Oct_2019 12:58:06 : [Inform] : proc_modem_cmd()          : Recvd Keep Alive cmd, sending back resp 
22_Oct_2019 12:58:07 : [Inform] : proc_msg()                : -->>>Recvd Keep Alive cmd, sending back resp
22_Oct_2019 12:58:10 : [Inform] : proc_msg()                : -->>>Recvd Keep Alive cmd, sending back resp
22_Oct_2019 12:58:11 : [Inform] : check_modem_cmd()         : Recv command form mdas server to Modem , Byte : 1
22_Oct_2019 12:58:11 : [Inform] : proc_modem_cmd()          : Recvd Keep Alive cmd, sending back resp 
22_Oct_2019 12:58:16 : [Inform] : proc_msg()                : -->>>Recvd Keep Alive cmd, sending back resp
22_Oct_2019 12:58:16 : [Inform] : check_modem_cmd()         : Recv command form mdas server to Modem , Byte : 1
22_Oct_2019 12:58:16 : [Inform] : proc_modem_cmd()          : Recvd Keep Alive cmd, sending back resp 
22_Oct_2019 12:58:21 : [Inform] : check_modem_cmd()         : Recv command form mdas server to Modem , Byte : 1
22_Oct_2019 12:58:21 : [Inform] : proc_modem_cmd()          : Recvd Keep Alive cmd, sending back resp 
22_Oct_2019 12:58:22 : [Inform] : proc_msg()                : -->>>Recvd Keep Alive cmd, sending back resp
22_Oct_2019 12:58:25 : [Inform] : proc_msg()                : -->>>Recvd Keep Alive cmd, sending back resp
22_Oct_2019 12:58:26 : [Inform] : check_modem_cmd()         : Recv command form mdas server to Modem , Byte : 1
22_Oct_2019 12:58:26 : [Inform] : proc_modem_cmd()          : Recvd Keep Alive cmd, sending back resp 
22_Oct_2019 12:58:31 : [Inform] : proc_msg()                : -->>>Recvd Keep Alive cmd, sending back resp
22_Oct_2019 12:58:31 : [Inform] : check_modem_cmd()         : Recv command form mdas server to Modem , Byte : 1
22_Oct_2019 12:58:31 : [Inform] : proc_modem_cmd()          : Recvd Keep Alive cmd, sending back resp 
22_Oct_2019 12:58:36 : [Inform] : check_modem_cmd()         : Recv command form mdas server to Modem , Byte : 1
22_Oct_2019 12:58:36 : [Inform] : proc_modem_cmd()          : Recvd Keep Alive cmd, sending back resp 
22_Oct_2019 12:58:37 : [Inform] : proc_msg()                : -->>>Recvd Keep Alive cmd, sending back resp
22_Oct_2019 12:58:40 : [Inform] : proc_msg()                : -->>>Recvd Keep Alive cmd, sending back resp
22_Oct_2019 12:58:41 : [Inform] : check_modem_cmd()         : Recv command form mdas server to Modem , Byte : 1
22_Oct_2019 12:58:41 : [Inform] : proc_modem_cmd()          : Recvd Keep Alive cmd, sending back resp 
22_Oct_2019 12:58:46 : [Inform] : proc_msg()                : -->>>Recvd Keep Alive cmd, sending back resp
22_Oct_2019 12:58:46 : [Inform] : check_modem_cmd()         : Recv command form mdas server to Modem , Byte : 1
22_Oct_2019 12:58:46 : [Inform] : proc_modem_cmd()          : Recvd Keep Alive cmd, sending back resp 
22_Oct_2019 12:58:51 : [Inform] : check_modem_cmd()         : Recv command form mdas server to Modem , Byte : 1
22_Oct_2019 12:58:51 : [Inform] : proc_modem_cmd()          : Recvd Keep Alive cmd, sending back resp 
22_Oct_2019 12:58:52 : [Inform] : proc_msg()                : -->>>Recvd Keep Alive cmd, sending back resp
22_Oct_2019 12:58:55 : [Inform] : proc_msg()                : -->>>Recvd Keep Alive cmd, sending back resp
22_Oct_2019 12:58:56 : [Inform] : check_modem_cmd()         : Recv command form mdas server to Modem , Byte : 1
22_Oct_2019 12:58:56 : [Inform] : proc_modem_cmd()          : Recvd Keep Alive cmd, sending back resp 
22_Oct_2019 12:59:01 : [Inform] : proc_msg()                : -->>>Recvd Keep Alive cmd, sending back resp
22_Oct_2019 12:59:01 : [Inform] : check_modem_cmd()         : Recv command form mdas server to Modem , Byte : 1
22_Oct_2019 12:59:01 : [Inform] : proc_modem_cmd()          : Recvd Keep Alive cmd, sending back resp 
22_Oct_2019 12:59:06 : [Inform] : check_modem_cmd()         : Recv command form mdas server to Modem , Byte : 1
22_Oct_2019 12:59:06 : [Inform] : proc_modem_cmd()          : Recvd Keep Alive cmd, sending back resp 
22_Oct_2019 12:59:07 : [Inform] : proc_msg()                : -->>>Recvd Keep Alive cmd, sending back resp
22_Oct_2019 12:59:10 : [Inform] : proc_msg()                : -->>>Recvd Keep Alive cmd, sending back resp
22_Oct_2019 12:59:11 : [Inform] : check_modem_cmd()         : Recv command form mdas server to Modem , Byte : 1
22_Oct_2019 12:59:11 : [Inform] : proc_modem_cmd()          : Recvd Keep Alive cmd, sending back resp 
22_Oct_2019 12:59:16 : [Inform] : proc_msg()                : -->>>Recvd Keep Alive cmd, sending back resp
22_Oct_2019 12:59:16 : [Inform] : check_modem_cmd()         : Recv command form mdas server to Modem , Byte : 1
22_Oct_2019 12:59:16 : [Inform] : proc_modem_cmd()          : Recvd Keep Alive cmd, sending back resp 
22_Oct_2019 12:59:21 : [Inform] : check_modem_cmd()         : Recv command form mdas server to Modem , Byte : 1
22_Oct_2019 12:59:21 : [Inform] : proc_modem_cmd()          : Recvd Keep Alive cmd, sending back resp 
22_Oct_2019 12:59:22 : [Inform] : proc_msg()                : -->>>Recvd Keep Alive cmd, sending back resp
22_Oct_2019 12:59:25 : [Inform] : proc_msg()                : -->>>Recvd Keep Alive cmd, sending back resp
22_Oct_2019 12:59:26 : [Inform] : check_modem_cmd()         : Recv command form mdas server to Modem , Byte : 1
22_Oct_2019 12:59:26 : [Inform] : proc_modem_cmd()          : Recvd Keep Alive cmd, sending back resp 
22_Oct_2019 12:59:31 : [Inform] : proc_msg()                : -->>>Recvd Keep Alive cmd, sending back resp
22_Oct_2019 12:59:31 : [Inform] : check_modem_cmd()         : Recv command form mdas server to Modem , Byte : 1
22_Oct_2019 12:59:31 : [Inform] : proc_modem_cmd()          : Recvd Keep Alive cmd, sending back resp 
22_Oct_2019 12:59:36 : [Inform] : check_modem_cmd()         : Recv command form mdas server to Modem , Byte : 1
22_Oct_2019 12:59:36 : [Inform] : proc_modem_cmd()          : Recvd Keep Alive cmd, sending back resp 
22_Oct_2019 12:59:37 : [Inform] : proc_msg()                : -->>>Recvd Keep Alive cmd, sending back resp
22_Oct_2019 12:59:40 : [Inform] : proc_msg()                : -->>>Recvd Keep Alive cmd, sending back resp
22_Oct_2019 12:59:41 : [Inform] : check_modem_cmd()         : Recv command form mdas server to Modem , Byte : 1
22_Oct_2019 12:59:41 : [Inform] : proc_modem_cmd()          : Recvd Keep Alive cmd, sending back resp 
22_Oct_2019 12:59:46 : [Inform] : proc_msg()                : -->>>Recvd Keep Alive cmd, sending back resp
22_Oct_2019 12:59:46 : [Inform] : check_modem_cmd()         : Recv command form mdas server to Modem , Byte : 1
22_Oct_2019 12:59:46 : [Inform] : proc_modem_cmd()          : Recvd Keep Alive cmd, sending back resp 
22_Oct_2019 12:59:51 : [Inform] : check_modem_cmd()         : Recv command form mdas server to Modem , Byte : 1
22_Oct_2019 12:59:51 : [Inform] : proc_modem_cmd()          : Recvd Keep Alive cmd, sending back resp 
22_Oct_2019 12:59:52 : [Inform] : proc_msg()                : -->>>Recvd Keep Alive cmd, sending back resp
22_Oct_2019 12:59:55 : [Inform] : proc_msg()                : -->>>Recvd Keep Alive cmd, sending back resp
22_Oct_2019 12:59:56 : [Inform] : check_modem_cmd()         : Recv command form mdas server to Modem , Byte : 1
22_Oct_2019 12:59:56 : [Inform] : proc_modem_cmd()          : Recvd Keep Alive cmd, sending back resp 
22_Oct_2019 13:00:01 : [Inform] : proc_msg()                : -->>>Recvd Keep Alive cmd, sending back resp
22_Oct_2019 13:00:01 : [Inform] : check_modem_cmd()         : Recv command form mdas server to Modem , Byte : 1
22_Oct_2019 13:00:01 : [Inform] : proc_modem_cmd()          : Recvd Keep Alive cmd, sending back resp 
22_Oct_2019 13:00:06 : [Inform] : check_modem_cmd()         : Recv command form mdas server to Modem , Byte : 1
22_Oct_2019 13:00:06 : [Inform] : proc_modem_cmd()          : Recvd Keep Alive cmd, sending back resp 
22_Oct_2019 13:00:07 : [Inform] : proc_msg()                : -->>>Recvd Keep Alive cmd, sending back resp
22_Oct_2019 13:00:10 : [Inform] : proc_msg()                : -->>>Recvd Keep Alive cmd, sending back resp
22_Oct_2019 13:00:11 : [Inform] : check_modem_cmd()         : Recv command form mdas server to Modem , Byte : 1
22_Oct_2019 13:00:11 : [Inform] : proc_modem_cmd()          : Recvd Keep Alive cmd, sending back resp 
22_Oct_2019 13:00:16 : [Inform] : proc_msg()                : -->>>Recvd Keep Alive cmd, sending back resp
22_Oct_2019 13:00:16 : [Inform] : check_modem_cmd()         : Recv command form mdas server to Modem , Byte : 1
22_Oct_2019 13:00:16 : [Inform] : proc_modem_cmd()          : Recvd Keep Alive cmd, sending back resp 
22_Oct_2019 13:00:21 : [Inform] : check_modem_cmd()         : Recv command form mdas server to Modem , Byte : 1
22_Oct_2019 13:00:21 : [Inform] : proc_modem_cmd()          : Recvd Keep Alive cmd, sending back resp 
22_Oct_2019 13:00:22 : [Inform] : proc_msg()                : -->>>Recvd Keep Alive cmd, sending back resp
22_Oct_2019 13:00:25 : [Inform] : proc_msg()                : -->>>Recvd Keep Alive cmd, sending back resp
22_Oct_2019 13:00:26 : [Inform] : check_modem_cmd()         : Recv command form mdas server to Modem , Byte : 1
22_Oct_2019 13:00:26 : [Inform] : proc_modem_cmd()          : Recvd Keep Alive cmd, sending back resp 
22_Oct_2019 13:00:31 : [Inform] : proc_msg()                : -->>>Recvd Keep Alive cmd, sending back resp
22_Oct_2019 13:00:31 : [Inform] : check_modem_cmd()         : Recv command form mdas server to Modem , Byte : 1
22_Oct_2019 13:00:31 : [Inform] : proc_modem_cmd()          : Recvd Keep Alive cmd, sending back resp 
22_Oct_2019 13:00:36 : [Inform] : check_modem_cmd()         : Recv command form mdas server to Modem , Byte : 1
22_Oct_2019 13:00:36 : [Inform] : proc_modem_cmd()          : Recvd Keep Alive cmd, sending back resp 
22_Oct_2019 13:00:37 : [Inform] : proc_msg()                : -->>>Recvd Keep Alive cmd, sending back resp
22_Oct_2019 13:00:40 : [Inform] : proc_msg()                : -->>>Recvd Keep Alive cmd, sending back resp
22_Oct_2019 13:00:41 : [Inform] : check_modem_cmd()         : Recv command form mdas server to Modem , Byte : 1
22_Oct_2019 13:00:41 : [Inform] : proc_modem_cmd()          : Recvd Keep Alive cmd, sending back resp 
22_Oct_2019 13:00:46 : [Inform] : proc_msg()                : -->>>Recvd Keep Alive cmd, sending back resp
22_Oct_2019 13:00:46 : [Inform] : check_modem_cmd()         : Recv command form mdas server to Modem , Byte : 1
22_Oct_2019 13:00:46 : [Inform] : proc_modem_cmd()          : Recvd Keep Alive cmd, sending back resp 
22_Oct_2019 13:00:51 : [Inform] : check_modem_cmd()         : Recv command form mdas server to Modem , Byte : 1
22_Oct_2019 13:00:51 : [Inform] : proc_modem_cmd()          : Recvd Keep Alive cmd, sending back resp 
22_Oct_2019 13:00:52 : [Inform] : proc_msg()                : -->>>Recvd Keep Alive cmd, sending back resp
22_Oct_2019 13:00:55 : [Inform] : proc_msg()                : -->>>Recvd Keep Alive cmd, sending back resp
22_Oct_2019 13:00:56 : [Inform] : check_modem_cmd()         : Recv command form mdas server to Modem , Byte : 1
22_Oct_2019 13:00:56 : [Inform] : proc_modem_cmd()          : Recvd Keep Alive cmd, sending back resp 
22_Oct_2019 13:00:56 : [Inform] : proc_modem_thread()       : Sending HC Message
22_Oct_2019 13:00:56 : [Inform] : send_modem_startup_msg()  : Send HC msg resp len : 492
22_Oct_2019 13:01:01 : [Inform] : proc_msg()                : -->>>Recvd Keep Alive cmd, sending back resp
22_Oct_2019 13:01:01 : [Inform] : check_modem_cmd()         : Recv command form mdas server to Modem , Byte : 1
22_Oct_2019 13:01:01 : [Inform] : proc_modem_cmd()          : Recvd Keep Alive cmd, sending back resp 
22_Oct_2019 13:01:06 : [Inform] : check_modem_cmd()         : Recv command form mdas server to Modem , Byte : 1
22_Oct_2019 13:01:06 : [Inform] : proc_modem_cmd()          : Recvd Keep Alive cmd, sending back resp 
22_Oct_2019 13:01:07 : [Inform] : proc_msg()                : -->>>Recvd Keep Alive cmd, sending back resp
22_Oct_2019 13:01:10 : [Inform] : proc_msg()                : -->>>Recvd Keep Alive cmd, sending back resp
22_Oct_2019 13:01:11 : [Inform] : check_modem_cmd()         : Recv command form mdas server to Modem , Byte : 1
22_Oct_2019 13:01:11 : [Inform] : proc_modem_cmd()          : Recvd Keep Alive cmd, sending back resp 
22_Oct_2019 13:01:16 : [Inform] : proc_msg()                : -->>>Recvd Keep Alive cmd, sending back resp
22_Oct_2019 13:01:16 : [Inform] : check_modem_cmd()         : Recv command form mdas server to Modem , Byte : 1
22_Oct_2019 13:01:16 : [Inform] : proc_modem_cmd()          : Recvd Keep Alive cmd, sending back resp 
22_Oct_2019 13:01:21 : [Inform] : check_modem_cmd()         : Recv command form mdas server to Modem , Byte : 1
22_Oct_2019 13:01:21 : [Inform] : proc_modem_cmd()          : Recvd Keep Alive cmd, sending back resp 
22_Oct_2019 13:01:22 : [Inform] : proc_msg()                : -->>>Recvd Keep Alive cmd, sending back resp
22_Oct_2019 13:01:25 : [Inform] : proc_msg()                : -->>>Recvd Keep Alive cmd, sending back resp
22_Oct_2019 13:01:26 : [Inform] : check_modem_cmd()         : Recv command form mdas server to Modem , Byte : 1
22_Oct_2019 13:01:26 : [Inform] : proc_modem_cmd()          : Recvd Keep Alive cmd, sending back resp 
22_Oct_2019 13:01:31 : [Inform] : proc_msg()                : -->>>Recvd Keep Alive cmd, sending back resp
22_Oct_2019 13:01:31 : [Inform] : check_modem_cmd()         : Recv command form mdas server to Modem , Byte : 1
22_Oct_2019 13:01:31 : [Inform] : proc_modem_cmd()          : Recvd Keep Alive cmd, sending back resp 
22_Oct_2019 13:01:36 : [Inform] : check_modem_cmd()         : Recv command form mdas server to Modem , Byte : 1
22_Oct_2019 13:01:36 : [Inform] : proc_modem_cmd()          : Recvd Keep Alive cmd, sending back resp 
22_Oct_2019 13:01:37 : [Inform] : proc_msg()                : -->>>Recvd Keep Alive cmd, sending back resp
22_Oct_2019 13:01:40 : [Inform] : proc_msg()                : -->>>Recvd Keep Alive cmd, sending back resp
22_Oct_2019 13:01:41 : [Inform] : check_modem_cmd()         : Recv command form mdas server to Modem , Byte : 1
22_Oct_2019 13:01:41 : [Inform] : proc_modem_cmd()          : Recvd Keep Alive cmd, sending back resp 
22_Oct_2019 13:01:46 : [Inform] : proc_msg()                : -->>>Recvd Keep Alive cmd, sending back resp
22_Oct_2019 13:01:46 : [Inform] : check_modem_cmd()         : Recv command form mdas server to Modem , Byte : 1
22_Oct_2019 13:01:46 : [Inform] : proc_modem_cmd()          : Recvd Keep Alive cmd, sending back resp 
22_Oct_2019 13:01:51 : [Inform] : check_modem_cmd()         : Recv command form mdas server to Modem , Byte : 1
22_Oct_2019 13:01:51 : [Inform] : proc_modem_cmd()          : Recvd Keep Alive cmd, sending back resp 
22_Oct_2019 13:01:52 : [Inform] : proc_msg()                : -->>>Recvd Keep Alive cmd, sending back resp
22_Oct_2019 13:01:55 : [Inform] : proc_msg()                : -->>>Recvd Keep Alive cmd, sending back resp
22_Oct_2019 13:01:56 : [Inform] : check_modem_cmd()         : Recv command form mdas server to Modem , Byte : 1
22_Oct_2019 13:01:56 : [Inform] : proc_modem_cmd()          : Recvd Keep Alive cmd, sending back resp 
22_Oct_2019 13:02:01 : [Inform] : proc_msg()                : -->>>Recvd Keep Alive cmd, sending back resp
22_Oct_2019 13:02:01 : [Inform] : check_modem_cmd()         : Recv command form mdas server to Modem , Byte : 1
22_Oct_2019 13:02:01 : [Inform] : proc_modem_cmd()          : Recvd Keep Alive cmd, sending back resp 
22_Oct_2019 13:02:06 : [Inform] : check_modem_cmd()         : Recv command form mdas server to Modem , Byte : 1
22_Oct_2019 13:02:06 : [Inform] : proc_modem_cmd()          : Recvd Keep Alive cmd, sending back resp 
22_Oct_2019 13:02:07 : [Inform] : proc_msg()                : -->>>Recvd Keep Alive cmd, sending back resp
22_Oct_2019 13:02:10 : [Inform] : proc_msg()                : -->>>Recvd Keep Alive cmd, sending back resp
22_Oct_2019 13:02:11 : [Inform] : check_modem_cmd()         : Recv command form mdas server to Modem , Byte : 1
22_Oct_2019 13:02:11 : [Inform] : proc_modem_cmd()          : Recvd Keep Alive cmd, sending back resp 
22_Oct_2019 13:02:16 : [Inform] : proc_msg()                : -->>>Recvd Keep Alive cmd, sending back resp
22_Oct_2019 13:02:16 : [Inform] : check_modem_cmd()         : Recv command form mdas server to Modem , Byte : 1
22_Oct_2019 13:02:16 : [Inform] : proc_modem_cmd()          : Recvd Keep Alive cmd, sending back resp 
22_Oct_2019 13:02:22 : [Inform] : proc_msg()                : -->>>Recvd Keep Alive cmd, sending back resp
22_Oct_2019 13:02:25 : [Inform] : proc_msg()                : -->>>Recvd Keep Alive cmd, sending back resp
22_Oct_2019 13:02:29 : [Inform] : check_modem_cmd()         : Recv command form mdas server to Modem , Byte : 1
22_Oct_2019 13:02:29 : [Inform] : proc_modem_cmd()          : Recvd Keep Alive cmd, sending back resp 
22_Oct_2019 13:02:29 : [Inform] : check_modem_cmd()         : Recv command form mdas server to Modem , Byte : 1
22_Oct_2019 13:02:29 : [Inform] : proc_modem_cmd()          : Recvd Keep Alive cmd, sending back resp 
22_Oct_2019 13:02:31 : [Inform] : proc_msg()                : -->>>Recvd Keep Alive cmd, sending back resp
22_Oct_2019 13:02:31 : [Inform] : check_modem_cmd()         : Recv command form mdas server to Modem , Byte : 1
22_Oct_2019 13:02:31 : [Inform] : proc_modem_cmd()          : Recvd Keep Alive cmd, sending back resp 
22_Oct_2019 13:02:36 : [Inform] : check_modem_cmd()         : Recv command form mdas server to Modem , Byte : 1
22_Oct_2019 13:02:36 : [Inform] : proc_modem_cmd()          : Recvd Keep Alive cmd, sending back resp 
22_Oct_2019 13:02:37 : [Inform] : proc_msg()                : -->>>Recvd Keep Alive cmd, sending back resp
22_Oct_2019 13:02:40 : [Inform] : proc_msg()                : -->>>Recvd Keep Alive cmd, sending back resp
22_Oct_2019 13:02:41 : [Inform] : check_modem_cmd()         : Recv command form mdas server to Modem , Byte : 1
22_Oct_2019 13:02:41 : [Inform] : proc_modem_cmd()          : Recvd Keep Alive cmd, sending back resp 
22_Oct_2019 13:02:46 : [Inform] : proc_msg()                : -->>>Recvd Keep Alive cmd, sending back resp
22_Oct_2019 13:02:46 : [Inform] : check_modem_cmd()         : Recv command form mdas server to Modem , Byte : 1
22_Oct_2019 13:02:46 : [Inform] : proc_modem_cmd()          : Recvd Keep Alive cmd, sending back resp 
22_Oct_2019 13:02:51 : [Inform] : check_modem_cmd()         : Recv command form mdas server to Modem , Byte : 1
22_Oct_2019 13:02:51 : [Inform] : proc_modem_cmd()          : Recvd Keep Alive cmd, sending back resp 
22_Oct_2019 13:02:52 : [Inform] : proc_msg()                : -->>>Recvd Keep Alive cmd, sending back resp
22_Oct_2019 13:02:55 : [Inform] : proc_msg()                : -->>>Recvd Keep Alive cmd, sending back resp
22_Oct_2019 13:02:56 : [Inform] : check_modem_cmd()         : Recv command form mdas server to Modem , Byte : 1
22_Oct_2019 13:02:56 : [Inform] : proc_modem_cmd()          : Recvd Keep Alive cmd, sending back resp 
22_Oct_2019 13:03:01 : [Inform] : proc_msg()                : -->>>Recvd Keep Alive cmd, sending back resp
22_Oct_2019 13:03:01 : [Inform] : check_modem_cmd()         : Recv command form mdas server to Modem , Byte : 1
22_Oct_2019 13:03:01 : [Inform] : proc_modem_cmd()          : Recvd Keep Alive cmd, sending back resp 
22_Oct_2019 13:03:06 : [Inform] : check_modem_cmd()         : Recv command form mdas server to Modem , Byte : 1
22_Oct_2019 13:03:06 : [Inform] : proc_modem_cmd()          : Recvd Keep Alive cmd, sending back resp 
22_Oct_2019 13:03:07 : [Inform] : proc_msg()                : -->>>Recvd Keep Alive cmd, sending back resp
22_Oct_2019 13:03:10 : [Inform] : proc_msg()                : -->>>Recvd Keep Alive cmd, sending back resp
22_Oct_2019 13:03:11 : [Inform] : check_modem_cmd()         : Recv command form mdas server to Modem , Byte : 1
22_Oct_2019 13:03:11 : [Inform] : proc_modem_cmd()          : Recvd Keep Alive cmd, sending back resp 
22_Oct_2019 13:03:16 : [Inform] : proc_msg()                : -->>>Recvd Keep Alive cmd, sending back resp
22_Oct_2019 13:03:16 : [Inform] : check_modem_cmd()         : Recv command form mdas server to Modem , Byte : 1
22_Oct_2019 13:03:16 : [Inform] : proc_modem_cmd()          : Recvd Keep Alive cmd, sending back resp 
22_Oct_2019 13:03:21 : [Inform] : check_modem_cmd()         : Recv command form mdas server to Modem , Byte : 1
22_Oct_2019 13:03:21 : [Inform] : proc_modem_cmd()          : Recvd Keep Alive cmd, sending back resp 
22_Oct_2019 13:03:26 : [Inform] : check_modem_cmd()         : Recv command form mdas server to Modem , Byte : 1
22_Oct_2019 13:03:26 : [Inform] : proc_modem_cmd()          : Recvd Keep Alive cmd, sending back resp 
22_Oct_2019 13:03:31 : [Inform] : check_modem_cmd()         : Recv command form mdas server to Modem , Byte : 1
22_Oct_2019 13:03:31 : [Inform] : proc_modem_cmd()          : Recvd Keep Alive cmd, sending back resp 
22_Oct_2019 13:03:32 : [Inform] : proc_msg()                : -->>>Recvd Keep Alive cmd, sending back resp
22_Oct_2019 13:03:35 : [Inform] : proc_msg()                : -->>>Recvd Keep Alive cmd, sending back resp
22_Oct_2019 13:03:36 : [Inform] : check_modem_cmd()         : Recv command form mdas server to Modem , Byte : 1
22_Oct_2019 13:03:36 : [Inform] : proc_modem_cmd()          : Recvd Keep Alive cmd, sending back resp 
22_Oct_2019 13:03:41 : [Inform] : proc_msg()                : -->>>Recvd Keep Alive cmd, sending back resp
22_Oct_2019 13:03:41 : [Inform] : check_modem_cmd()         : Recv command form mdas server to Modem , Byte : 1
22_Oct_2019 13:03:41 : [Inform] : proc_modem_cmd()          : Recvd Keep Alive cmd, sending back resp 
22_Oct_2019 13:03:46 : [Inform] : check_modem_cmd()         : Recv command form mdas server to Modem , Byte : 1
22_Oct_2019 13:03:46 : [Inform] : proc_modem_cmd()          : Recvd Keep Alive cmd, sending back resp 
22_Oct_2019 13:03:47 : [Inform] : proc_msg()                : -->>>Recvd Keep Alive cmd, sending back resp
22_Oct_2019 13:03:50 : [Inform] : proc_msg()                : -->>>Recvd Keep Alive cmd, sending back resp
22_Oct_2019 13:03:51 : [Inform] : check_modem_cmd()         : Recv command form mdas server to Modem , Byte : 1
22_Oct_2019 13:03:51 : [Inform] : proc_modem_cmd()          : Recvd Keep Alive cmd, sending back resp 
22_Oct_2019 13:03:56 : [Inform] : proc_msg()                : -->>>Recvd Keep Alive cmd, sending back resp
22_Oct_2019 13:03:56 : [Inform] : check_modem_cmd()         : Recv command form mdas server to Modem , Byte : 1
22_Oct_2019 13:03:56 : [Inform] : proc_modem_cmd()          : Recvd Keep Alive cmd, sending back resp 
22_Oct_2019 13:04:00 : [Inform] : proc_modem_thread()       : Sending HC Message
22_Oct_2019 13:04:00 : [Inform] : send_modem_startup_msg()  : Send HC msg resp len : 492
22_Oct_2019 13:04:01 : [Inform] : check_modem_cmd()         : Recv command form mdas server to Modem , Byte : 1
22_Oct_2019 13:04:01 : [Inform] : proc_modem_cmd()          : Recvd Keep Alive cmd, sending back resp 
22_Oct_2019 13:04:02 : [Inform] : proc_msg()                : -->>>Recvd Keep Alive cmd, sending back resp
22_Oct_2019 13:04:05 : [Inform] : proc_msg()                : -->>>Recvd Keep Alive cmd, sending back resp
22_Oct_2019 13:04:06 : [Inform] : check_modem_cmd()         : Recv command form mdas server to Modem , Byte : 1
22_Oct_2019 13:04:06 : [Inform] : proc_modem_cmd()          : Recvd Keep Alive cmd, sending back resp 
22_Oct_2019 13:04:11 : [Inform] : proc_msg()                : -->>>Recvd Keep Alive cmd, sending back resp
22_Oct_2019 13:04:11 : [Inform] : check_modem_cmd()         : Recv command form mdas server to Modem , Byte : 1
22_Oct_2019 13:04:11 : [Inform] : proc_modem_cmd()          : Recvd Keep Alive cmd, sending back resp 
22_Oct_2019 13:04:16 : [Inform] : check_modem_cmd()         : Recv command form mdas server to Modem , Byte : 1
22_Oct_2019 13:04:16 : [Inform] : proc_modem_cmd()          : Recvd Keep Alive cmd, sending back resp 
22_Oct_2019 13:04:17 : [Inform] : proc_msg()                : -->>>Recvd Keep Alive cmd, sending back resp
22_Oct_2019 13:04:21 : [Inform] : check_modem_cmd()         : Recv command form mdas server to Modem , Byte : 1
22_Oct_2019 13:04:21 : [Inform] : proc_modem_cmd()          : Recvd Keep Alive cmd, sending back resp 
22_Oct_2019 13:04:27 : [Inform] : check_modem_cmd()         : Recv command form mdas server to Modem , Byte : 1
22_Oct_2019 13:04:27 : [Inform] : proc_modem_cmd()          : Recvd Keep Alive cmd, sending back resp 
22_Oct_2019 13:04:32 : [Inform] : check_modem_cmd()         : Recv command form mdas server to Modem , Byte : 1
22_Oct_2019 13:04:32 : [Inform] : proc_modem_cmd()          : Recvd Keep Alive cmd, sending back resp 
22_Oct_2019 13:04:36 : [Inform] : check_modem_cmd()         : Recv command form mdas server to Modem , Byte : 1
22_Oct_2019 13:04:36 : [Inform] : proc_modem_cmd()          : Recvd Keep Alive cmd, sending back resp 
22_Oct_2019 13:04:41 : [Inform] : check_modem_cmd()         : Recv command form mdas server to Modem , Byte : 1
22_Oct_2019 13:04:41 : [Inform] : proc_modem_cmd()          : Recvd Keep Alive cmd, sending back resp 
22_Oct_2019 13:04:46 : [Inform] : check_modem_cmd()         : Recv command form mdas server to Modem , Byte : 1
22_Oct_2019 13:04:46 : [Inform] : proc_modem_cmd()          : Recvd Keep Alive cmd, sending back resp 
22_Oct_2019 13:04:51 : [Inform] : check_modem_cmd()         : Recv command form mdas server to Modem , Byte : 1
22_Oct_2019 13:04:51 : [Inform] : proc_modem_cmd()          : Recvd Keep Alive cmd, sending back resp 
22_Oct_2019 13:04:56 : [Inform] : check_modem_cmd()         : Recv command form mdas server to Modem , Byte : 1
22_Oct_2019 13:04:56 : [Inform] : proc_modem_cmd()          : Recvd Keep Alive cmd, sending back resp 
22_Oct_2019 13:05:01 : [Inform] : check_modem_cmd()         : Recv command form mdas server to Modem , Byte : 1
22_Oct_2019 13:05:01 : [Inform] : proc_modem_cmd()          : Recvd Keep Alive cmd, sending back resp 
22_Oct_2019 13:05:06 : [Inform] : check_modem_cmd()         : Recv command form mdas server to Modem , Byte : 1
22_Oct_2019 13:05:06 : [Inform] : proc_modem_cmd()          : Recvd Keep Alive cmd, sending back resp 
22_Oct_2019 13:05:11 : [Inform] : check_modem_cmd()         : Recv command form mdas server to Modem , Byte : 1
22_Oct_2019 13:05:11 : [Inform] : proc_modem_cmd()          : Recvd Keep Alive cmd, sending back resp 
22_Oct_2019 13:05:16 : [Inform] : check_modem_cmd()         : Recv command form mdas server to Modem , Byte : 1
22_Oct_2019 13:05:16 : [Inform] : proc_modem_cmd()          : Recvd Keep Alive cmd, sending back resp 
22_Oct_2019 13:05:21 : [Inform] : check_modem_cmd()         : Recv command form mdas server to Modem , Byte : 1
22_Oct_2019 13:05:21 : [Inform] : proc_modem_cmd()          : Recvd Keep Alive cmd, sending back resp 
22_Oct_2019 13:05:26 : [Inform] : check_modem_cmd()         : Recv command form mdas server to Modem , Byte : 1
22_Oct_2019 13:05:26 : [Inform] : proc_modem_cmd()          : Recvd Keep Alive cmd, sending back resp 
22_Oct_2019 13:05:31 : [Inform] : check_modem_cmd()         : Recv command form mdas server to Modem , Byte : 1
22_Oct_2019 13:05:31 : [Inform] : proc_modem_cmd()          : Recvd Keep Alive cmd, sending back resp 
22_Oct_2019 13:05:37 : [Inform] : check_modem_cmd()         : Recv command form mdas server to Modem , Byte : 1
22_Oct_2019 13:05:37 : [Inform] : proc_modem_cmd()          : Recvd Keep Alive cmd, sending back resp 
22_Oct_2019 13:05:41 : [Inform] : check_modem_cmd()         : Recv command form mdas server to Modem , Byte : 1
22_Oct_2019 13:05:41 : [Inform] : proc_modem_cmd()          : Recvd Keep Alive cmd, sending back resp 
22_Oct_2019 13:05:46 : [Inform] : check_modem_cmd()         : Recv command form mdas server to Modem , Byte : 1
22_Oct_2019 13:05:46 : [Inform] : proc_modem_cmd()          : Recvd Keep Alive cmd, sending back resp 
22_Oct_2019 13:05:52 : [Inform] : check_modem_cmd()         : Recv command form mdas server to Modem , Byte : 1
22_Oct_2019 13:05:52 : [Inform] : proc_modem_cmd()          : Recvd Keep Alive cmd, sending back resp 
22_Oct_2019 13:05:57 : [Inform] : check_modem_cmd()         : Recv command form mdas server to Modem , Byte : 1
22_Oct_2019 13:05:57 : [Inform] : proc_modem_cmd()          : Recvd Keep Alive cmd, sending back resp 
22_Oct_2019 13:06:02 : [Inform] : check_modem_cmd()         : Recv command form mdas server to Modem , Byte : 1
22_Oct_2019 13:06:02 : [Inform] : proc_modem_cmd()          : Recvd Keep Alive cmd, sending back resp 
22_Oct_2019 13:06:07 : [Inform] : check_modem_cmd()         : Recv command form mdas server to Modem , Byte : 1
22_Oct_2019 13:06:07 : [Inform] : proc_modem_cmd()          : Recvd Keep Alive cmd, sending back resp 
22_Oct_2019 13:06:20 : [Inform] : check_modem_cmd()         : Recv command form mdas server to Modem , Byte : 1
22_Oct_2019 13:06:20 : [Inform] : proc_modem_cmd()          : Recvd Keep Alive cmd, sending back resp 
22_Oct_2019 13:06:20 : [Inform] : check_modem_cmd()         : Recv command form mdas server to Modem , Byte : 1
22_Oct_2019 13:06:20 : [Inform] : proc_modem_cmd()          : Recvd Keep Alive cmd, sending back resp 
22_Oct_2019 13:06:22 : [Inform] : check_modem_cmd()         : Recv command form mdas server to Modem , Byte : 1
22_Oct_2019 13:06:22 : [Inform] : proc_modem_cmd()          : Recvd Keep Alive cmd, sending back resp 
22_Oct_2019 13:06:27 : [Inform] : check_modem_cmd()         : Recv command form mdas server to Modem , Byte : 1
22_Oct_2019 13:06:27 : [Inform] : proc_modem_cmd()          : Recvd Keep Alive cmd, sending back resp 
22_Oct_2019 13:06:32 : [Inform] : check_modem_cmd()         : Recv command form mdas server to Modem , Byte : 1
22_Oct_2019 13:06:32 : [Inform] : proc_modem_cmd()          : Recvd Keep Alive cmd, sending back resp 
22_Oct_2019 13:06:37 : [Inform] : check_modem_cmd()         : Recv command form mdas server to Modem , Byte : 1
22_Oct_2019 13:06:37 : [Inform] : proc_modem_cmd()          : Recvd Keep Alive cmd, sending back resp 
22_Oct_2019 13:06:42 : [Inform] : check_modem_cmd()         : Recv command form mdas server to Modem , Byte : 1
22_Oct_2019 13:06:42 : [Inform] : proc_modem_cmd()          : Recvd Keep Alive cmd, sending back resp 
22_Oct_2019 13:06:47 : [Inform] : check_modem_cmd()         : Recv command form mdas server to Modem , Byte : 1
22_Oct_2019 13:06:47 : [Inform] : proc_modem_cmd()          : Recvd Keep Alive cmd, sending back resp 
22_Oct_2019 13:06:52 : [Inform] : check_modem_cmd()         : Recv command form mdas server to Modem , Byte : 1
22_Oct_2019 13:06:52 : [Inform] : proc_modem_cmd()          : Recvd Keep Alive cmd, sending back resp 
22_Oct_2019 13:06:57 : [Inform] : check_modem_cmd()         : Recv command form mdas server to Modem , Byte : 1
22_Oct_2019 13:06:57 : [Inform] : proc_modem_cmd()          : Recvd Keep Alive cmd, sending back resp 
22_Oct_2019 13:07:02 : [Inform] : check_modem_cmd()         : Recv command form mdas server to Modem , Byte : 1
22_Oct_2019 13:07:02 : [Inform] : proc_modem_cmd()          : Recvd Keep Alive cmd, sending back resp 
22_Oct_2019 13:07:02 : [Inform] : proc_modem_thread()       : Sending HC Message
22_Oct_2019 13:07:02 : [Inform] : send_modem_startup_msg()  : Send HC msg resp len : 492
22_Oct_2019 13:07:07 : [Inform] : check_modem_cmd()         : Recv command form mdas server to Modem , Byte : 1
22_Oct_2019 13:07:07 : [Inform] : proc_modem_cmd()          : Recvd Keep Alive cmd, sending back resp 
22_Oct_2019 13:07:12 : [Inform] : check_modem_cmd()         : Recv command form mdas server to Modem , Byte : 1
22_Oct_2019 13:07:12 : [Inform] : proc_modem_cmd()          : Recvd Keep Alive cmd, sending back resp 
22_Oct_2019 13:07:17 : [Inform] : check_modem_cmd()         : Recv command form mdas server to Modem , Byte : 1
22_Oct_2019 13:07:17 : [Inform] : proc_modem_cmd()          : Recvd Keep Alive cmd, sending back resp 
22_Oct_2019 13:07:22 : [Inform] : check_modem_cmd()         : Recv command form mdas server to Modem , Byte : 1
22_Oct_2019 13:07:22 : [Inform] : proc_modem_cmd()          : Recvd Keep Alive cmd, sending back resp 
22_Oct_2019 13:07:27 : [Inform] : check_modem_cmd()         : Recv command form mdas server to Modem , Byte : 1
22_Oct_2019 13:07:27 : [Inform] : proc_modem_cmd()          : Recvd Keep Alive cmd, sending back resp 
22_Oct_2019 13:07:32 : [Inform] : check_modem_cmd()         : Recv command form mdas server to Modem , Byte : 1
22_Oct_2019 13:07:32 : [Inform] : proc_modem_cmd()          : Recvd Keep Alive cmd, sending back resp 
22_Oct_2019 13:07:37 : [Inform] : check_modem_cmd()         : Recv command form mdas server to Modem , Byte : 1
22_Oct_2019 13:07:37 : [Inform] : proc_modem_cmd()          : Recvd Keep Alive cmd, sending back resp 
22_Oct_2019 13:07:42 : [Inform] : check_modem_cmd()         : Recv command form mdas server to Modem , Byte : 1
22_Oct_2019 13:07:42 : [Inform] : proc_modem_cmd()          : Recvd Keep Alive cmd, sending back resp 
22_Oct_2019 13:07:47 : [Inform] : check_modem_cmd()         : Recv command form mdas server to Modem , Byte : 1
22_Oct_2019 13:07:47 : [Inform] : proc_modem_cmd()          : Recvd Keep Alive cmd, sending back resp 
22_Oct_2019 13:07:52 : [Inform] : check_modem_cmd()         : Recv command form mdas server to Modem , Byte : 1
22_Oct_2019 13:07:52 : [Inform] : proc_modem_cmd()          : Recvd Keep Alive cmd, sending back resp 
22_Oct_2019 13:07:57 : [Inform] : check_modem_cmd()         : Recv command form mdas server to Modem , Byte : 1
22_Oct_2019 13:07:57 : [Inform] : proc_modem_cmd()          : Recvd Keep Alive cmd, sending back resp 
22_Oct_2019 13:08:02 : [Inform] : check_modem_cmd()         : Recv command form mdas server to Modem , Byte : 1
22_Oct_2019 13:08:02 : [Inform] : proc_modem_cmd()          : Recvd Keep Alive cmd, sending back resp 
22_Oct_2019 13:08:07 : [Inform] : check_modem_cmd()         : Recv command form mdas server to Modem , Byte : 1
22_Oct_2019 13:08:07 : [Inform] : proc_modem_cmd()          : Recvd Keep Alive cmd, sending back resp 
22_Oct_2019 13:08:12 : [Inform] : check_modem_cmd()         : Recv command form mdas server to Modem , Byte : 1
22_Oct_2019 13:08:12 : [Inform] : proc_modem_cmd()          : Recvd Keep Alive cmd, sending back resp 
22_Oct_2019 13:08:16 : [Inform] : check_modem_cmd()         : Recv command form mdas server to Modem , Byte : 1
22_Oct_2019 13:08:16 : [Inform] : proc_modem_cmd()          : Recvd Keep Alive cmd, sending back resp 
22_Oct_2019 13:08:22 : [Inform] : check_modem_cmd()         : Recv command form mdas server to Modem , Byte : 1
22_Oct_2019 13:08:22 : [Inform] : proc_modem_cmd()          : Recvd Keep Alive cmd, sending back resp 
22_Oct_2019 13:08:26 : [Inform] : check_modem_cmd()         : Recv command form mdas server to Modem , Byte : 1
22_Oct_2019 13:08:26 : [Inform] : proc_modem_cmd()          : Recvd Keep Alive cmd, sending back resp 
22_Oct_2019 13:08:31 : [Inform] : check_modem_cmd()         : Recv command form mdas server to Modem , Byte : 1
22_Oct_2019 13:08:31 : [Inform] : proc_modem_cmd()          : Recvd Keep Alive cmd, sending back resp 
22_Oct_2019 13:08:36 : [Inform] : check_modem_cmd()         : Recv command form mdas server to Modem , Byte : 1
22_Oct_2019 13:08:36 : [Inform] : proc_modem_cmd()          : Recvd Keep Alive cmd, sending back resp 
22_Oct_2019 13:08:41 : [Inform] : check_modem_cmd()         : Recv command form mdas server to Modem , Byte : 1
22_Oct_2019 13:08:42 : [Inform] : proc_modem_cmd()          : Recvd Keep Alive cmd, sending back resp 
22_Oct_2019 13:08:46 : [Inform] : check_modem_cmd()         : Recv command form mdas server to Modem , Byte : 1
22_Oct_2019 13:08:46 : [Inform] : proc_modem_cmd()          : Recvd Keep Alive cmd, sending back resp 
22_Oct_2019 13:08:51 : [Inform] : check_modem_cmd()         : Recv command form mdas server to Modem , Byte : 1
22_Oct_2019 13:08:51 : [Inform] : proc_modem_cmd()          : Recvd Keep Alive cmd, sending back resp 
22_Oct_2019 13:08:56 : [Inform] : check_modem_cmd()         : Recv command form mdas server to Modem , Byte : 1
22_Oct_2019 13:08:56 : [Inform] : proc_modem_cmd()          : Recvd Keep Alive cmd, sending back resp 
22_Oct_2019 13:09:01 : [Inform] : check_modem_cmd()         : Recv command form mdas server to Modem , Byte : 1
22_Oct_2019 13:09:01 : [Inform] : proc_modem_cmd()          : Recvd Keep Alive cmd, sending back resp 
22_Oct_2019 13:09:06 : [Inform] : check_modem_cmd()         : Recv command form mdas server to Modem , Byte : 1
22_Oct_2019 13:09:06 : [Inform] : proc_modem_cmd()          : Recvd Keep Alive cmd, sending back resp 
22_Oct_2019 13:09:11 : [Inform] : check_modem_cmd()         : Recv command form mdas server to Modem , Byte : 1
22_Oct_2019 13:09:11 : [Inform] : proc_modem_cmd()          : Recvd Keep Alive cmd, sending back resp 
22_Oct_2019 13:09:16 : [Inform] : check_modem_cmd()         : Recv command form mdas server to Modem , Byte : 1
22_Oct_2019 13:09:16 : [Inform] : proc_modem_cmd()          : Recvd Keep Alive cmd, sending back resp 
22_Oct_2019 13:09:21 : [Inform] : check_modem_cmd()         : Recv command form mdas server to Modem , Byte : 1
22_Oct_2019 13:09:21 : [Inform] : proc_modem_cmd()          : Recvd Keep Alive cmd, sending back resp 
22_Oct_2019 13:09:26 : [Inform] : check_modem_cmd()         : Recv command form mdas server to Modem , Byte : 1
22_Oct_2019 13:09:26 : [Inform] : proc_modem_cmd()          : Recvd Keep Alive cmd, sending back resp 
22_Oct_2019 13:09:31 : [Inform] : check_modem_cmd()         : Recv command form mdas server to Modem , Byte : 1
22_Oct_2019 13:09:31 : [Inform] : proc_modem_cmd()          : Recvd Keep Alive cmd, sending back resp 
22_Oct_2019 13:09:36 : [Inform] : check_modem_cmd()         : Recv command form mdas server to Modem , Byte : 1
22_Oct_2019 13:09:36 : [Inform] : proc_modem_cmd()          : Recvd Keep Alive cmd, sending back resp 
22_Oct_2019 13:09:42 : [Inform] : check_modem_cmd()         : Recv command form mdas server to Modem , Byte : 1
22_Oct_2019 13:09:42 : [Inform] : proc_modem_cmd()          : Recvd Keep Alive cmd, sending back resp 
22_Oct_2019 13:09:47 : [Inform] : check_modem_cmd()         : Recv command form mdas server to Modem , Byte : 1
22_Oct_2019 13:09:47 : [Inform] : proc_modem_cmd()          : Recvd Keep Alive cmd, sending back resp 
22_Oct_2019 13:09:52 : [Inform] : check_modem_cmd()         : Recv command form mdas server to Modem , Byte : 1
22_Oct_2019 13:09:52 : [Inform] : proc_modem_cmd()          : Recvd Keep Alive cmd, sending back resp 
22_Oct_2019 13:09:57 : [Inform] : check_modem_cmd()         : Recv command form mdas server to Modem , Byte : 1
22_Oct_2019 13:09:57 : [Inform] : proc_modem_cmd()          : Recvd Keep Alive cmd, sending back resp 
22_Oct_2019 13:10:02 : [Inform] : check_modem_cmd()         : Recv command form mdas server to Modem , Byte : 1
22_Oct_2019 13:10:02 : [Inform] : proc_modem_cmd()          : Recvd Keep Alive cmd, sending back resp 
22_Oct_2019 13:10:06 : [Inform] : proc_modem_thread()       : Sending HC Message
22_Oct_2019 13:10:06 : [Inform] : send_modem_startup_msg()  : Send HC msg resp len : 492
22_Oct_2019 13:10:07 : [Inform] : check_modem_cmd()         : Recv command form mdas server to Modem , Byte : 1
22_Oct_2019 13:10:07 : [Inform] : proc_modem_cmd()          : Recvd Keep Alive cmd, sending back resp 
22_Oct_2019 13:10:12 : [Inform] : check_modem_cmd()         : Recv command form mdas server to Modem , Byte : 1
22_Oct_2019 13:10:12 : [Inform] : proc_modem_cmd()          : Recvd Keep Alive cmd, sending back resp 
22_Oct_2019 13:10:17 : [Inform] : check_modem_cmd()         : Recv command form mdas server to Modem , Byte : 1
22_Oct_2019 13:10:17 : [Inform] : proc_modem_cmd()          : Recvd Keep Alive cmd, sending back resp 
22_Oct_2019 13:10:22 : [Inform] : check_modem_cmd()         : Recv command form mdas server to Modem , Byte : 1
22_Oct_2019 13:10:22 : [Inform] : proc_modem_cmd()          : Recvd Keep Alive cmd, sending back resp 
22_Oct_2019 13:10:35 : [Inform] : check_modem_cmd()         : Recv command form mdas server to Modem , Byte : 1
22_Oct_2019 13:10:36 : [Inform] : proc_modem_cmd()          : Recvd Keep Alive cmd, sending back resp 
22_Oct_2019 13:10:36 : [Inform] : check_modem_cmd()         : Recv command form mdas server to Modem , Byte : 1
22_Oct_2019 13:10:36 : [Inform] : proc_modem_cmd()          : Recvd Keep Alive cmd, sending back resp 
22_Oct_2019 13:10:37 : [Inform] : check_modem_cmd()         : Recv command form mdas server to Modem , Byte : 1
22_Oct_2019 13:10:37 : [Inform] : proc_modem_cmd()          : Recvd Keep Alive cmd, sending back resp 
22_Oct_2019 13:10:41 : [Inform] : check_modem_cmd()         : Recv command form mdas server to Modem , Byte : 1
22_Oct_2019 13:10:41 : [Inform] : proc_modem_cmd()          : Recvd Keep Alive cmd, sending back resp 
22_Oct_2019 13:10:46 : [Inform] : check_modem_cmd()         : Recv command form mdas server to Modem , Byte : 1
22_Oct_2019 13:10:46 : [Inform] : proc_modem_cmd()          : Recvd Keep Alive cmd, sending back resp 
22_Oct_2019 13:10:51 : [Inform] : check_modem_cmd()         : Recv command form mdas server to Modem , Byte : 1
22_Oct_2019 13:10:51 : [Inform] : proc_modem_cmd()          : Recvd Keep Alive cmd, sending back resp 
22_Oct_2019 13:10:56 : [Inform] : check_modem_cmd()         : Recv command form mdas server to Modem , Byte : 1
22_Oct_2019 13:10:56 : [Inform] : proc_modem_cmd()          : Recvd Keep Alive cmd, sending back resp 
22_Oct_2019 13:11:02 : [Inform] : check_modem_cmd()         : Recv command form mdas server to Modem , Byte : 1
22_Oct_2019 13:11:02 : [Inform] : proc_modem_cmd()          : Recvd Keep Alive cmd, sending back resp 
22_Oct_2019 13:11:06 : [Inform] : check_modem_cmd()         : Recv command form mdas server to Modem , Byte : 1
22_Oct_2019 13:11:06 : [Inform] : proc_modem_cmd()          : Recvd Keep Alive cmd, sending back resp 
22_Oct_2019 13:11:11 : [Inform] : check_modem_cmd()         : Recv command form mdas server to Modem , Byte : 1
22_Oct_2019 13:11:11 : [Inform] : proc_modem_cmd()          : Recvd Keep Alive cmd, sending back resp 
22_Oct_2019 13:11:16 : [Inform] : check_modem_cmd()         : Recv command form mdas server to Modem , Byte : 1
22_Oct_2019 13:11:16 : [Inform] : proc_modem_cmd()          : Recvd Keep Alive cmd, sending back resp 
22_Oct_2019 13:11:21 : [Inform] : check_modem_cmd()         : Recv command form mdas server to Modem , Byte : 1
22_Oct_2019 13:11:21 : [Inform] : proc_modem_cmd()          : Recvd Keep Alive cmd, sending back resp 
22_Oct_2019 13:11:26 : [Inform] : check_modem_cmd()         : Recv command form mdas server to Modem , Byte : 1
22_Oct_2019 13:11:26 : [Inform] : proc_modem_cmd()          : Recvd Keep Alive cmd, sending back resp 
22_Oct_2019 13:11:32 : [Inform] : check_modem_cmd()         : Recv command form mdas server to Modem , Byte : 1
22_Oct_2019 13:11:32 : [Inform] : proc_modem_cmd()          : Recvd Keep Alive cmd, sending back resp 
22_Oct_2019 13:11:37 : [Inform] : check_modem_cmd()         : Recv command form mdas server to Modem , Byte : 1
22_Oct_2019 13:11:37 : [Inform] : proc_modem_cmd()          : Recvd Keep Alive cmd, sending back resp 
22_Oct_2019 13:11:41 : [Inform] : check_modem_cmd()         : Recv command form mdas server to Modem , Byte : 1
22_Oct_2019 13:11:41 : [Inform] : proc_modem_cmd()          : Recvd Keep Alive cmd, sending back resp 
22_Oct_2019 13:11:46 : [Inform] : check_modem_cmd()         : Recv command form mdas server to Modem , Byte : 1
22_Oct_2019 13:11:46 : [Inform] : proc_modem_cmd()          : Recvd Keep Alive cmd, sending back resp 
22_Oct_2019 13:11:52 : [Inform] : check_modem_cmd()         : Recv command form mdas server to Modem , Byte : 1
22_Oct_2019 13:11:52 : [Inform] : proc_modem_cmd()          : Recvd Keep Alive cmd, sending back resp 
22_Oct_2019 13:11:56 : [Inform] : check_modem_cmd()         : Recv command form mdas server to Modem , Byte : 1
22_Oct_2019 13:11:56 : [Inform] : proc_modem_cmd()          : Recvd Keep Alive cmd, sending back resp 
22_Oct_2019 13:12:01 : [Inform] : check_modem_cmd()         : Recv command form mdas server to Modem , Byte : 1
22_Oct_2019 13:12:01 : [Inform] : proc_modem_cmd()          : Recvd Keep Alive cmd, sending back resp 
22_Oct_2019 13:12:06 : [Inform] : check_modem_cmd()         : Recv command form mdas server to Modem , Byte : 1
22_Oct_2019 13:12:06 : [Inform] : proc_modem_cmd()          : Recvd Keep Alive cmd, sending back resp 
22_Oct_2019 13:12:11 : [Inform] : check_modem_cmd()         : Recv command form mdas server to Modem , Byte : 1
22_Oct_2019 13:12:11 : [Inform] : proc_modem_cmd()          : Recvd Keep Alive cmd, sending back resp 
22_Oct_2019 13:12:16 : [Inform] : check_modem_cmd()         : Recv command form mdas server to Modem , Byte : 1
22_Oct_2019 13:12:16 : [Inform] : proc_modem_cmd()          : Recvd Keep Alive cmd, sending back resp 
22_Oct_2019 13:12:21 : [Inform] : check_modem_cmd()         : Recv command form mdas server to Modem , Byte : 1
22_Oct_2019 13:12:21 : [Inform] : proc_modem_cmd()          : Recvd Keep Alive cmd, sending back resp 
22_Oct_2019 13:12:26 : [Inform] : check_modem_cmd()         : Recv command form mdas server to Modem , Byte : 1
22_Oct_2019 13:12:26 : [Inform] : proc_modem_cmd()          : Recvd Keep Alive cmd, sending back resp 
22_Oct_2019 13:12:31 : [Inform] : check_modem_cmd()         : Recv command form mdas server to Modem , Byte : 1
22_Oct_2019 13:12:31 : [Inform] : proc_modem_cmd()          : Recvd Keep Alive cmd, sending back resp 
22_Oct_2019 13:12:36 : [Inform] : check_modem_cmd()         : Recv command form mdas server to Modem , Byte : 1
22_Oct_2019 13:12:36 : [Inform] : proc_modem_cmd()          : Recvd Keep Alive cmd, sending back resp 
22_Oct_2019 13:12:41 : [Inform] : check_modem_cmd()         : Recv command form mdas server to Modem , Byte : 1
22_Oct_2019 13:12:41 : [Inform] : proc_modem_cmd()          : Recvd Keep Alive cmd, sending back resp 
22_Oct_2019 13:12:46 : [Inform] : check_modem_cmd()         : Recv command form mdas server to Modem , Byte : 1
22_Oct_2019 13:12:46 : [Inform] : proc_modem_cmd()          : Recvd Keep Alive cmd, sending back resp 
22_Oct_2019 13:12:51 : [Inform] : check_modem_cmd()         : Recv command form mdas server to Modem , Byte : 1
22_Oct_2019 13:12:51 : [Inform] : proc_modem_cmd()          : Recvd Keep Alive cmd, sending back resp 
22_Oct_2019 13:12:56 : [Inform] : check_modem_cmd()         : Recv command form mdas server to Modem , Byte : 1
22_Oct_2019 13:12:56 : [Inform] : proc_modem_cmd()          : Recvd Keep Alive cmd, sending back resp 
22_Oct_2019 13:13:01 : [Inform] : check_modem_cmd()         : Recv command form mdas server to Modem , Byte : 1
22_Oct_2019 13:13:01 : [Inform] : proc_modem_cmd()          : Recvd Keep Alive cmd, sending back resp 
22_Oct_2019 13:13:06 : [Inform] : check_modem_cmd()         : Recv command form mdas server to Modem , Byte : 1
22_Oct_2019 13:13:06 : [Inform] : proc_modem_cmd()          : Recvd Keep Alive cmd, sending back resp 
22_Oct_2019 13:13:10 : [Inform] : proc_modem_thread()       : Sending HC Message
22_Oct_2019 13:13:10 : [Inform] : send_modem_startup_msg()  : Send HC msg resp len : 492
22_Oct_2019 13:13:11 : [Inform] : check_modem_cmd()         : Recv command form mdas server to Modem , Byte : 1
22_Oct_2019 13:13:11 : [Inform] : proc_modem_cmd()          : Recvd Keep Alive cmd, sending back resp 
22_Oct_2019 13:13:16 : [Inform] : check_modem_cmd()         : Recv command form mdas server to Modem , Byte : 1
22_Oct_2019 13:13:16 : [Inform] : proc_modem_cmd()          : Recvd Keep Alive cmd, sending back resp 
22_Oct_2019 13:13:21 : [Inform] : check_modem_cmd()         : Recv command form mdas server to Modem , Byte : 1
22_Oct_2019 13:13:21 : [Inform] : proc_modem_cmd()          : Recvd Keep Alive cmd, sending back resp 
22_Oct_2019 13:13:26 : [Inform] : check_modem_cmd()         : Recv command form mdas server to Modem , Byte : 1
22_Oct_2019 13:13:26 : [Inform] : proc_modem_cmd()          : Recvd Keep Alive cmd, sending back resp 
22_Oct_2019 13:13:31 : [Inform] : check_modem_cmd()         : Recv command form mdas server to Modem , Byte : 1
22_Oct_2019 13:13:31 : [Inform] : proc_modem_cmd()          : Recvd Keep Alive cmd, sending back resp 
22_Oct_2019 13:13:36 : [Inform] : check_modem_cmd()         : Recv command form mdas server to Modem , Byte : 1
22_Oct_2019 13:13:36 : [Inform] : proc_modem_cmd()          : Recvd Keep Alive cmd, sending back resp 
22_Oct_2019 13:13:41 : [Inform] : check_modem_cmd()         : Recv command form mdas server to Modem , Byte : 1
22_Oct_2019 13:13:41 : [Inform] : proc_modem_cmd()          : Recvd Keep Alive cmd, sending back resp 
22_Oct_2019 13:13:46 : [Inform] : check_modem_cmd()         : Recv command form mdas server to Modem , Byte : 1
22_Oct_2019 13:13:46 : [Inform] : proc_modem_cmd()          : Recvd Keep Alive cmd, sending back resp 
22_Oct_2019 13:13:52 : [Inform] : check_modem_cmd()         : Recv command form mdas server to Modem , Byte : 1
22_Oct_2019 13:13:52 : [Inform] : proc_modem_cmd()          : Recvd Keep Alive cmd, sending back resp 
22_Oct_2019 13:13:57 : [Inform] : check_modem_cmd()         : Recv command form mdas server to Modem , Byte : 1
22_Oct_2019 13:13:57 : [Inform] : proc_modem_cmd()          : Recvd Keep Alive cmd, sending back resp 
22_Oct_2019 13:14:01 : [Inform] : check_modem_cmd()         : Recv command form mdas server to Modem , Byte : 1
22_Oct_2019 13:14:01 : [Inform] : proc_modem_cmd()          : Recvd Keep Alive cmd, sending back resp 
22_Oct_2019 13:14:06 : [Inform] : check_modem_cmd()         : Recv command form mdas server to Modem , Byte : 1
22_Oct_2019 13:14:06 : [Inform] : proc_modem_cmd()          : Recvd Keep Alive cmd, sending back resp 
22_Oct_2019 13:14:11 : [Inform] : check_modem_cmd()         : Recv command form mdas server to Modem , Byte : 1
22_Oct_2019 13:14:11 : [Inform] : proc_modem_cmd()          : Recvd Keep Alive cmd, sending back resp 
22_Oct_2019 13:14:16 : [Inform] : check_modem_cmd()         : Recv command form mdas server to Modem , Byte : 1
22_Oct_2019 13:14:16 : [Inform] : proc_modem_cmd()          : Recvd Keep Alive cmd, sending back resp 
22_Oct_2019 13:14:22 : [Inform] : check_modem_cmd()         : Recv command form mdas server to Modem , Byte : 1
22_Oct_2019 13:14:22 : [Inform] : proc_modem_cmd()          : Recvd Keep Alive cmd, sending back resp 
22_Oct_2019 13:14:26 : [Inform] : check_modem_cmd()         : Recv command form mdas server to Modem , Byte : 1
22_Oct_2019 13:14:26 : [Inform] : proc_modem_cmd()          : Recvd Keep Alive cmd, sending back resp 
22_Oct_2019 13:14:31 : [Inform] : check_modem_cmd()         : Recv command form mdas server to Modem , Byte : 1
22_Oct_2019 13:14:31 : [Inform] : proc_modem_cmd()          : Recvd Keep Alive cmd, sending back resp 
22_Oct_2019 13:14:36 : [Inform] : check_modem_cmd()         : Recv command form mdas server to Modem , Byte : 1
22_Oct_2019 13:14:36 : [Inform] : proc_modem_cmd()          : Recvd Keep Alive cmd, sending back resp 
22_Oct_2019 13:14:41 : [Inform] : check_modem_cmd()         : Recv command form mdas server to Modem , Byte : 1
22_Oct_2019 13:14:41 : [Inform] : proc_modem_cmd()          : Recvd Keep Alive cmd, sending back resp 
22_Oct_2019 13:14:46 : [Inform] : check_modem_cmd()         : Recv command form mdas server to Modem , Byte : 1
22_Oct_2019 13:14:46 : [Inform] : proc_modem_cmd()          : Recvd Keep Alive cmd, sending back resp 
22_Oct_2019 13:14:51 : [Inform] : check_modem_cmd()         : Recv command form mdas server to Modem , Byte : 1
22_Oct_2019 13:14:51 : [Inform] : proc_modem_cmd()          : Recvd Keep Alive cmd, sending back resp 
22_Oct_2019 13:14:56 : [Inform] : check_modem_cmd()         : Recv command form mdas server to Modem , Byte : 1
22_Oct_2019 13:14:56 : [Inform] : proc_modem_cmd()          : Recvd Keep Alive cmd, sending back resp 
22_Oct_2019 13:15:01 : [Inform] : check_modem_cmd()         : Recv command form mdas server to Modem , Byte : 1
22_Oct_2019 13:15:01 : [Inform] : proc_modem_cmd()          : Recvd Keep Alive cmd, sending back resp 
22_Oct_2019 13:15:06 : [Inform] : check_modem_cmd()         : Recv command form mdas server to Modem , Byte : 1
22_Oct_2019 13:15:06 : [Inform] : proc_modem_cmd()          : Recvd Keep Alive cmd, sending back resp 
22_Oct_2019 13:15:11 : [Inform] : check_modem_cmd()         : Recv command form mdas server to Modem , Byte : 1
22_Oct_2019 13:15:11 : [Inform] : proc_modem_cmd()          : Recvd Keep Alive cmd, sending back resp 
22_Oct_2019 13:15:16 : [Inform] : check_modem_cmd()         : Recv command form mdas server to Modem , Byte : 1
22_Oct_2019 13:15:16 : [Inform] : proc_modem_cmd()          : Recvd Keep Alive cmd, sending back resp 
22_Oct_2019 13:15:22 : [Inform] : check_modem_cmd()         : Recv command form mdas server to Modem , Byte : 1
22_Oct_2019 13:15:22 : [Inform] : proc_modem_cmd()          : Recvd Keep Alive cmd, sending back resp 
22_Oct_2019 13:15:27 : [Inform] : check_modem_cmd()         : Recv command form mdas server to Modem , Byte : 1
22_Oct_2019 13:15:27 : [Inform] : proc_modem_cmd()          : Recvd Keep Alive cmd, sending back resp 
22_Oct_2019 13:15:32 : [Inform] : check_modem_cmd()         : Recv command form mdas server to Modem , Byte : 1
22_Oct_2019 13:15:32 : [Inform] : proc_modem_cmd()          : Recvd Keep Alive cmd, sending back resp 
22_Oct_2019 13:15:36 : [Inform] : check_modem_cmd()         : Recv command form mdas server to Modem , Byte : 1
22_Oct_2019 13:15:36 : [Inform] : proc_modem_cmd()          : Recvd Keep Alive cmd, sending back resp 
22_Oct_2019 13:15:42 : [Inform] : check_modem_cmd()         : Recv command form mdas server to Modem , Byte : 1
22_Oct_2019 13:15:42 : [Inform] : proc_modem_cmd()          : Recvd Keep Alive cmd, sending back resp 
22_Oct_2019 13:15:47 : [Inform] : check_modem_cmd()         : Recv command form mdas server to Modem , Byte : 1
22_Oct_2019 13:15:47 : [Inform] : proc_modem_cmd()          : Recvd Keep Alive cmd, sending back resp 
22_Oct_2019 13:15:51 : [Inform] : check_modem_cmd()         : Recv command form mdas server to Modem , Byte : 1
22_Oct_2019 13:15:51 : [Inform] : proc_modem_cmd()          : Recvd Keep Alive cmd, sending back resp 
22_Oct_2019 13:15:57 : [Inform] : check_modem_cmd()         : Recv command form mdas server to Modem , Byte : 1
22_Oct_2019 13:15:57 : [Inform] : proc_modem_cmd()          : Recvd Keep Alive cmd, sending back resp 
22_Oct_2019 13:16:01 : [Inform] : check_modem_cmd()         : Recv command form mdas server to Modem , Byte : 1
22_Oct_2019 13:16:01 : [Inform] : proc_modem_cmd()          : Recvd Keep Alive cmd, sending back resp 
22_Oct_2019 13:16:06 : [Inform] : check_modem_cmd()         : Recv command form mdas server to Modem , Byte : 1
22_Oct_2019 13:16:06 : [Inform] : proc_modem_cmd()          : Recvd Keep Alive cmd, sending back resp 
22_Oct_2019 13:16:11 : [Inform] : check_modem_cmd()         : Recv command form mdas server to Modem , Byte : 1
22_Oct_2019 13:16:11 : [Inform] : proc_modem_cmd()          : Recvd Keep Alive cmd, sending back resp 
22_Oct_2019 13:16:15 : [Inform] : proc_modem_thread()       : Sending HC Message
22_Oct_2019 13:16:15 : [Inform] : send_modem_startup_msg()  : Send HC msg resp len : 492
22_Oct_2019 13:16:16 : [Inform] : check_modem_cmd()         : Recv command form mdas server to Modem , Byte : 1
22_Oct_2019 13:16:16 : [Inform] : proc_modem_cmd()          : Recvd Keep Alive cmd, sending back resp 
22_Oct_2019 13:16:21 : [Inform] : check_modem_cmd()         : Recv command form mdas server to Modem , Byte : 1
22_Oct_2019 13:16:21 : [Inform] : proc_modem_cmd()          : Recvd Keep Alive cmd, sending back resp 
22_Oct_2019 13:16:26 : [Inform] : check_modem_cmd()         : Recv command form mdas server to Modem , Byte : 1
22_Oct_2019 13:16:26 : [Inform] : proc_modem_cmd()          : Recvd Keep Alive cmd, sending back resp 
22_Oct_2019 13:16:31 : [Inform] : check_modem_cmd()         : Recv command form mdas server to Modem , Byte : 1
22_Oct_2019 13:16:31 : [Inform] : proc_modem_cmd()          : Recvd Keep Alive cmd, sending back resp 
22_Oct_2019 13:16:51 : [Inform] : check_modem_cmd()         : Recv command form mdas server to Modem , Byte : 1
22_Oct_2019 13:16:51 : [Inform] : proc_modem_cmd()          : Recvd Keep Alive cmd, sending back resp 
22_Oct_2019 13:16:52 : [Inform] : check_modem_cmd()         : Recv command form mdas server to Modem , Byte : 3
22_Oct_2019 13:16:52 : [Inform] : proc_modem_cmd()          : Recvd Keep Alive cmd, sending back resp 
22_Oct_2019 13:16:56 : [Inform] : check_modem_cmd()         : Recv command form mdas server to Modem , Byte : 1
22_Oct_2019 13:16:56 : [Inform] : proc_modem_cmd()          : Recvd Keep Alive cmd, sending back resp 
22_Oct_2019 13:17:01 : [Inform] : check_modem_cmd()         : Recv command form mdas server to Modem , Byte : 1
22_Oct_2019 13:17:01 : [Inform] : proc_modem_cmd()          : Recvd Keep Alive cmd, sending back resp 
22_Oct_2019 13:17:06 : [Inform] : check_modem_cmd()         : Recv command form mdas server to Modem , Byte : 1
22_Oct_2019 13:17:06 : [Inform] : proc_modem_cmd()          : Recvd Keep Alive cmd, sending back resp 
22_Oct_2019 13:17:12 : [Inform] : check_modem_cmd()         : Recv command form mdas server to Modem , Byte : 1
22_Oct_2019 13:17:12 : [Inform] : proc_modem_cmd()          : Recvd Keep Alive cmd, sending back resp 
22_Oct_2019 13:17:17 : [Inform] : check_modem_cmd()         : Recv command form mdas server to Modem , Byte : 1
22_Oct_2019 13:17:17 : [Inform] : proc_modem_cmd()          : Recvd Keep Alive cmd, sending back resp 
22_Oct_2019 13:17:21 : [Inform] : check_modem_cmd()         : Recv command form mdas server to Modem , Byte : 1
22_Oct_2019 13:17:21 : [Inform] : proc_modem_cmd()          : Recvd Keep Alive cmd, sending back resp 
22_Oct_2019 13:17:26 : [Inform] : check_modem_cmd()         : Recv command form mdas server to Modem , Byte : 1
22_Oct_2019 13:17:26 : [Inform] : proc_modem_cmd()          : Recvd Keep Alive cmd, sending back resp 
22_Oct_2019 13:17:31 : [Inform] : check_modem_cmd()         : Recv command form mdas server to Modem , Byte : 1
22_Oct_2019 13:17:31 : [Inform] : proc_modem_cmd()          : Recvd Keep Alive cmd, sending back resp 
22_Oct_2019 13:17:37 : [Inform] : check_modem_cmd()         : Recv command form mdas server to Modem , Byte : 1
22_Oct_2019 13:17:37 : [Inform] : proc_modem_cmd()          : Recvd Keep Alive cmd, sending back resp 
22_Oct_2019 13:17:41 : [Inform] : check_modem_cmd()         : Recv command form mdas server to Modem , Byte : 1
22_Oct_2019 13:17:41 : [Inform] : proc_modem_cmd()          : Recvd Keep Alive cmd, sending back resp 
22_Oct_2019 13:17:46 : [Inform] : check_modem_cmd()         : Recv command form mdas server to Modem , Byte : 1
22_Oct_2019 13:17:46 : [Inform] : proc_modem_cmd()          : Recvd Keep Alive cmd, sending back resp 
22_Oct_2019 13:17:51 : [Inform] : check_modem_cmd()         : Recv command form mdas server to Modem , Byte : 1
22_Oct_2019 13:17:51 : [Inform] : proc_modem_cmd()          : Recvd Keep Alive cmd, sending back resp 
22_Oct_2019 13:17:56 : [Inform] : check_modem_cmd()         : Recv command form mdas server to Modem , Byte : 1
22_Oct_2019 13:17:56 : [Inform] : proc_modem_cmd()          : Recvd Keep Alive cmd, sending back resp 
22_Oct_2019 13:18:01 : [Inform] : check_modem_cmd()         : Recv command form mdas server to Modem , Byte : 1
22_Oct_2019 13:18:01 : [Inform] : proc_modem_cmd()          : Recvd Keep Alive cmd, sending back resp 
22_Oct_2019 13:18:06 : [Inform] : check_modem_cmd()         : Recv command form mdas server to Modem , Byte : 1
22_Oct_2019 13:18:06 : [Inform] : proc_modem_cmd()          : Recvd Keep Alive cmd, sending back resp 
22_Oct_2019 13:18:11 : [Inform] : check_modem_cmd()         : Recv command form mdas server to Modem , Byte : 1
22_Oct_2019 13:18:11 : [Inform] : proc_modem_cmd()          : Recvd Keep Alive cmd, sending back resp 
22_Oct_2019 13:18:16 : [Inform] : check_modem_cmd()         : Recv command form mdas server to Modem , Byte : 1
22_Oct_2019 13:18:16 : [Inform] : proc_modem_cmd()          : Recvd Keep Alive cmd, sending back resp 
22_Oct_2019 13:18:21 : [Inform] : check_modem_cmd()         : Recv command form mdas server to Modem , Byte : 1
22_Oct_2019 13:18:21 : [Inform] : proc_modem_cmd()          : Recvd Keep Alive cmd, sending back resp 
22_Oct_2019 13:18:26 : [Inform] : check_modem_cmd()         : Recv command form mdas server to Modem , Byte : 1
22_Oct_2019 13:18:26 : [Inform] : proc_modem_cmd()          : Recvd Keep Alive cmd, sending back resp 
22_Oct_2019 13:18:31 : [Inform] : check_modem_cmd()         : Recv command form mdas server to Modem , Byte : 1
22_Oct_2019 13:18:31 : [Inform] : proc_modem_cmd()          : Recvd Keep Alive cmd, sending back resp 
22_Oct_2019 13:18:36 : [Inform] : check_modem_cmd()         : Recv command form mdas server to Modem , Byte : 1
22_Oct_2019 13:18:36 : [Inform] : proc_modem_cmd()          : Recvd Keep Alive cmd, sending back resp 
22_Oct_2019 13:18:41 : [Inform] : check_modem_cmd()         : Recv command form mdas server to Modem , Byte : 1
22_Oct_2019 13:18:42 : [Inform] : proc_modem_cmd()          : Recvd Keep Alive cmd, sending back resp 
22_Oct_2019 13:18:46 : [Inform] : check_modem_cmd()         : Recv command form mdas server to Modem , Byte : 1
22_Oct_2019 13:18:46 : [Inform] : proc_modem_cmd()          : Recvd Keep Alive cmd, sending back resp 
22_Oct_2019 13:18:51 : [Inform] : check_modem_cmd()         : Recv command form mdas server to Modem , Byte : 1
22_Oct_2019 13:18:51 : [Inform] : proc_modem_cmd()          : Recvd Keep Alive cmd, sending back resp 
22_Oct_2019 13:18:56 : [Inform] : check_modem_cmd()         : Recv command form mdas server to Modem , Byte : 1
22_Oct_2019 13:18:56 : [Inform] : proc_modem_cmd()          : Recvd Keep Alive cmd, sending back resp 
22_Oct_2019 13:19:01 : [Inform] : check_modem_cmd()         : Recv command form mdas server to Modem , Byte : 1
22_Oct_2019 13:19:01 : [Inform] : proc_modem_cmd()          : Recvd Keep Alive cmd, sending back resp 
22_Oct_2019 13:19:06 : [Inform] : check_modem_cmd()         : Recv command form mdas server to Modem , Byte : 1
22_Oct_2019 13:19:06 : [Inform] : proc_modem_cmd()          : Recvd Keep Alive cmd, sending back resp 
22_Oct_2019 13:19:11 : [Inform] : check_modem_cmd()         : Recv command form mdas server to Modem , Byte : 1
22_Oct_2019 13:19:11 : [Inform] : proc_modem_cmd()          : Recvd Keep Alive cmd, sending back resp 
22_Oct_2019 13:19:16 : [Inform] : proc_msg()                : Keyboard Interrupt in Error : [Errno 10054] An existing connection was forcibly closed by the remote host
22_Oct_2019 13:19:16 : [Inform] : proc_msg()                : live_app_flag false Need to close every things
22_Oct_2019 13:19:16 : [Inform] : check_modem_cmd()         : Recv command form mdas server to Modem , Byte : 1
22_Oct_2019 13:19:16 : [Report] : proc_mdas_thread          : Problems in main function need to close
22_Oct_2019 13:19:16 : [Inform] : proc_modem_cmd()          : Recvd Keep Alive cmd, sending back resp 
22_Oct_2019 13:19:19 : [Inform] : proc_modem_thread()       : Modem thread error, returning from here
22_Oct_2019 13:19:21 : [Inform] : proc_mdas_thread          : KeyboardInterrupt or Problems in mdas_thread need to close in  read , Error : 0
